TN:
SF:src\App.js
FN:11,App
FN:18,(anonymous_1)
FN:32,(anonymous_2)
FN:34,(anonymous_3)
FN:40,(anonymous_4)
FN:50,(anonymous_5)
FN:51,(anonymous_6)
FNF:7
FNH:0
FNDA:0,App
FNDA:0,(anonymous_1)
FNDA:0,(anonymous_2)
FNDA:0,(anonymous_3)
FNDA:0,(anonymous_4)
FNDA:0,(anonymous_5)
FNDA:0,(anonymous_6)
DA:14,0
DA:15,0
DA:16,0
DA:18,0
DA:20,0
DA:22,0
DA:23,0
DA:25,0
DA:26,0
DA:28,0
DA:32,0
DA:33,0
DA:35,0
DA:36,0
DA:38,0
DA:41,0
DA:43,0
DA:44,0
DA:45,0
DA:50,0
DA:51,0
DA:52,0
DA:53,0
DA:54,0
DA:67,0
DA:75,0
LF:26
LH:0
BRDA:20,0,0,0
BRDA:20,0,1,0
BRDA:20,0,2,0
BRDA:43,1,0,0
BRDA:43,1,1,0
BRF:5
BRH:0
end_of_record
TN:
SF:src\index.js
FNF:0
FNH:0
DA:8,0
DA:18,0
LF:2
LH:0
BRF:0
BRH:0
end_of_record
TN:
SF:src\reportWebVitals.js
FN:1,(anonymous_0)
FN:3,(anonymous_1)
FNF:2
FNH:0
FNDA:0,(anonymous_0)
FNDA:0,(anonymous_1)
DA:1,0
DA:2,0
DA:3,0
DA:4,0
DA:5,0
DA:6,0
DA:7,0
DA:8,0
LF:8
LH:0
BRDA:2,0,0,0
BRDA:2,0,1,0
BRDA:2,1,0,0
BRDA:2,1,1,0
BRF:4
BRH:0
end_of_record
TN:
SF:src\Components\BookingManager\BookingManager_Page.js
FN:8,bookingManagerPage
FNF:1
FNH:1
FNDA:5,bookingManagerPage
DA:9,5
DA:14,5
LF:2
LH:2
BRDA:15,0,0,5
BRDA:15,0,1,0
BRF:2
BRH:1
end_of_record
TN:
SF:src\Components\BookingManager\BookingManagerHeader\BookingManagerHeader.js
FN:4,bookingManagerHeader
FNF:1
FNH:1
FNDA:5,bookingManagerHeader
DA:5,5
LF:1
LH:1
BRF:0
BRH:0
end_of_record
TN:
SF:src\Components\BookingManager\ContactTracing\ContactTracing.js
FN:3,contactTracing
FNF:1
FNH:1
FNDA:2,contactTracing
DA:4,2
LF:1
LH:1
BRF:0
BRH:0
end_of_record
TN:
SF:src\Components\BookingManager\MonitorUsage\MonitorUsage.js
FN:3,monitorUsage
FNF:1
FNH:1
FNDA:4,monitorUsage
DA:4,4
LF:1
LH:1
BRF:0
BRH:0
end_of_record
TN:
SF:src\Components\Login\LoginPage.js
FN:7,LoginPage
FN:13,(anonymous_1)
FN:17,(anonymous_2)
FN:22,(anonymous_3)
FNF:4
FNH:0
FNDA:0,LoginPage
FNDA:0,(anonymous_1)
FNDA:0,(anonymous_2)
FNDA:0,(anonymous_3)
DA:8,0
DA:10,0
DA:11,0
DA:13,0
DA:14,0
DA:17,0
DA:18,0
DA:19,0
DA:22,0
DA:23,0
DA:24,0
DA:26,0
DA:27,0
DA:29,0
LF:14
LH:0
BRDA:26,0,0,0
BRDA:26,0,1,0
BRF:2
BRH:0
end_of_record
TN:
SF:src\Components\Login\LoginForm\LoginForm.js
FN:3,LoginForm
FN:14,(anonymous_1)
FN:23,(anonymous_2)
FN:30,(anonymous_3)
FNF:4
FNH:4
FNDA:8,LoginForm
FNDA:1,(anonymous_1)
FNDA:1,(anonymous_2)
FNDA:1,(anonymous_3)
DA:5,8
DA:14,1
DA:23,1
DA:30,1
LF:4
LH:4
BRF:0
BRH:0
end_of_record
TN:
SF:src\Components\Login\Side_Decoration\Side_Decoration.js
FN:5,(anonymous_0)
FNF:1
FNH:0
FNDA:0,(anonymous_0)
DA:5,0
DA:7,0
DA:16,0
LF:3
LH:0
BRF:0
BRH:0
end_of_record
TN:
SF:src\Components\Professor\Professor_Page.js
FN:11,professorPage
FNF:1
FNH:1
FNDA:7,professorPage
DA:12,7
DA:14,7
DA:15,0
DA:17,7
LF:4
LH:3
BRDA:14,0,0,0
BRDA:14,0,1,7
BRDA:18,1,0,7
BRDA:18,1,1,0
BRF:4
BRH:2
end_of_record
TN:
SF:src\Components\Professor\HomePageCalendarProfessor\HomePageCalendarProfessor.js
FN:3,homePageCalendarProfessor
FNF:1
FNH:1
FNDA:2,homePageCalendarProfessor
DA:4,2
LF:1
LH:1
BRF:0
BRH:0
end_of_record
TN:
SF:src\Components\Professor\MyLecturesProfessor\MyLecturesProfessor.js
FN:7,MyLecturesProfessor
FN:13,(anonymous_1)
FN:15,(anonymous_2)
FN:18,(anonymous_3)
FN:34,LectureList
FN:37,(anonymous_5)
FN:44,Lecture
FN:49,(anonymous_7)
FN:51,(anonymous_8)
FN:54,(anonymous_9)
FN:62,(anonymous_10)
FN:64,(anonymous_11)
FN:66,(anonymous_12)
FN:69,(anonymous_13)
FN:76,(anonymous_14)
FN:118,(anonymous_15)
FN:126,BookingList
FN:130,(anonymous_17)
FN:137,Booking
FNF:19
FNH:3
FNDA:2,MyLecturesProfessor
FNDA:2,(anonymous_1)
FNDA:0,(anonymous_2)
FNDA:0,(anonymous_3)
FNDA:2,LectureList
FNDA:0,(anonymous_5)
FNDA:0,Lecture
FNDA:0,(anonymous_7)
FNDA:0,(anonymous_8)
FNDA:0,(anonymous_9)
FNDA:0,(anonymous_10)
FNDA:0,(anonymous_11)
FNDA:0,(anonymous_12)
FNDA:0,(anonymous_13)
FNDA:0,(anonymous_14)
FNDA:0,(anonymous_15)
FNDA:0,BookingList
FNDA:0,(anonymous_17)
FNDA:0,Booking
DA:9,2
DA:11,2
DA:13,2
DA:14,2
DA:16,0
DA:19,0
DA:20,0
DA:22,0
DA:27,2
DA:35,2
DA:38,0
DA:46,0
DA:47,0
DA:49,0
DA:50,0
DA:52,0
DA:55,0
DA:56,0
DA:58,0
DA:62,0
DA:63,0
DA:65,0
DA:67,0
DA:70,0
DA:71,0
DA:73,0
DA:77,0
DA:78,0
DA:80,0
DA:81,0
DA:86,0
DA:118,0
DA:128,0
DA:131,0
DA:138,0
LF:35
LH:6
BRDA:19,0,0,0
BRDA:19,0,1,0
BRDA:19,1,0,0
BRDA:19,1,1,0
BRDA:55,2,0,0
BRDA:55,2,1,0
BRDA:55,3,0,0
BRDA:55,3,1,0
BRDA:70,4,0,0
BRDA:70,4,1,0
BRDA:70,5,0,0
BRDA:70,5,1,0
BRDA:77,6,0,0
BRDA:77,6,1,0
BRDA:77,7,0,0
BRDA:77,7,1,0
BRDA:102,8,0,0
BRDA:102,8,1,0
BRF:18
BRH:0
end_of_record
TN:
SF:src\Components\Professor\ProfessorHeader\ProfessorHeader.js
FN:4,professorHeader
FNF:1
FNH:1
FNDA:7,professorHeader
DA:5,7
LF:1
LH:1
BRF:0
BRH:0
end_of_record
TN:
SF:src\Components\Professor\Register_Attendance\Register_Attendance.js
FN:3,registerAttendance
FNF:1
FNH:1
FNDA:2,registerAttendance
DA:4,2
LF:1
LH:1
BRF:0
BRH:0
end_of_record
TN:
SF:src\Components\Professor\Statistics\Statistics.js
FN:3,statistics
FNF:1
FNH:1
FNDA:2,statistics
DA:4,2
LF:1
LH:1
BRF:0
BRH:0
end_of_record
TN:
SF:src\Components\Professor\TutorialProfessor\TutorialProfessor.js
FN:3,tutorialProfessor
FNF:1
FNH:1
FNDA:2,tutorialProfessor
DA:4,2
LF:1
LH:1
BRF:0
BRH:0
end_of_record
TN:
SF:src\Components\Student\Student_Page.js
FN:10,studentPage
FN:21,(anonymous_1)
FN:22,(anonymous_2)
FNF:3
FNH:3
FNDA:6,studentPage
FNDA:3,(anonymous_1)
FNDA:2,(anonymous_2)
DA:11,6
DA:12,5
DA:13,5
DA:14,0
DA:16,5
DA:21,3
DA:22,2
LF:7
LH:6
BRDA:13,0,0,0
BRDA:13,0,1,5
BRDA:17,1,0,5
BRDA:17,1,1,0
BRF:4
BRH:2
end_of_record
TN:
SF:src\Components\Student\BookSeat\BookSeat.js
FN:7,BookSeat
FN:14,(anonymous_1)
FN:15,(anonymous_2)
FN:18,(anonymous_3)
FN:26,(anonymous_4)
FN:27,(anonymous_5)
FN:30,(anonymous_6)
FN:70,(anonymous_7)
FN:84,BookLectures
FN:89,(anonymous_9)
FN:90,(anonymous_10)
FN:93,(anonymous_11)
FN:102,(anonymous_12)
FN:105,(anonymous_13)
FN:110,BookLecture
FN:111,(anonymous_15)
FN:115,(anonymous_16)
FN:122,(anonymous_17)
FN:126,(anonymous_18)
FN:133,(anonymous_19)
FN:134,(anonymous_20)
FN:141,(anonymous_21)
FN:142,(anonymous_22)
FN:145,(anonymous_23)
FN:158,(anonymous_24)
FNF:25
FNH:3
FNDA:2,BookSeat
FNDA:2,(anonymous_1)
FNDA:0,(anonymous_2)
FNDA:0,(anonymous_3)
FNDA:2,(anonymous_4)
FNDA:0,(anonymous_5)
FNDA:0,(anonymous_6)
FNDA:0,(anonymous_7)
FNDA:0,BookLectures
FNDA:0,(anonymous_9)
FNDA:0,(anonymous_10)
FNDA:0,(anonymous_11)
FNDA:0,(anonymous_12)
FNDA:0,(anonymous_13)
FNDA:0,BookLecture
FNDA:0,(anonymous_15)
FNDA:0,(anonymous_16)
FNDA:0,(anonymous_17)
FNDA:0,(anonymous_18)
FNDA:0,(anonymous_19)
FNDA:0,(anonymous_20)
FNDA:0,(anonymous_21)
FNDA:0,(anonymous_22)
FNDA:0,(anonymous_23)
FNDA:0,(anonymous_24)
DA:8,2
DA:10,2
DA:11,2
DA:13,2
DA:14,2
DA:16,0
DA:19,0
DA:20,0
DA:22,0
DA:26,2
DA:28,0
DA:31,0
DA:32,0
DA:34,0
DA:56,2
DA:71,0
DA:85,0
DA:87,0
DA:89,0
DA:91,0
DA:94,0
DA:95,0
DA:97,0
DA:101,0
DA:102,0
DA:105,0
DA:111,0
DA:112,0
DA:113,0
DA:115,0
DA:116,0
DA:117,0
DA:118,0
DA:123,0
DA:124,0
DA:126,0
DA:129,0
DA:133,0
DA:135,0
DA:136,0
DA:141,0
DA:143,0
DA:145,0
DA:147,0
DA:149,0
DA:158,0
LF:46
LH:7
BRDA:19,0,0,0
BRDA:19,0,1,0
BRDA:19,1,0,0
BRDA:19,1,1,0
BRDA:31,2,0,0
BRDA:31,2,1,0
BRDA:31,3,0,0
BRDA:31,3,1,0
BRDA:94,4,0,0
BRDA:94,4,1,0
BRDA:94,5,0,0
BRDA:94,5,1,0
BRDA:116,6,0,0
BRDA:116,6,1,0
BRDA:117,7,0,0
BRDA:117,7,1,0
BRDA:117,8,0,0
BRDA:117,8,1,0
BRDA:153,9,0,0
BRDA:153,9,1,0
BRDA:155,10,0,0
BRDA:155,10,1,0
BRDA:157,11,0,0
BRDA:157,11,1,0
BRDA:157,12,0,0
BRDA:157,12,1,0
BRDA:159,13,0,0
BRDA:159,13,1,0
BRDA:159,14,0,0
BRDA:159,14,1,0
BRF:30
BRH:0
end_of_record
TN:
SF:src\Components\Student\HomePageCalendar_Student\CustomEvent.js
FN:3,customEvent
FNF:1
FNH:0
FNDA:0,customEvent
DA:4,0
LF:1
LH:0
BRDA:8,0,0,0
BRDA:8,0,1,0
BRF:2
BRH:0
end_of_record
TN:
SF:src\Components\Student\HomePageCalendar_Student\HomePageCalendar_Student.js
FN:19,(anonymous_0)
FN:27,(anonymous_1)
FN:41,(anonymous_2)
FN:43,(anonymous_3)
FN:52,(anonymous_4)
FN:52,(anonymous_5)
FN:53,(anonymous_6)
FN:71,(anonymous_7)
FN:77,(anonymous_8)
FN:79,(anonymous_9)
FN:84,(anonymous_10)
FN:87,(anonymous_11)
FN:89,(anonymous_12)
FN:91,(anonymous_13)
FN:94,(anonymous_14)
FN:100,(anonymous_15)
FN:102,(anonymous_16)
FN:104,(anonymous_17)
FN:107,(anonymous_18)
FN:121,(anonymous_19)
FN:135,(anonymous_20)
FN:156,(anonymous_21)
FN:160,(anonymous_22)
FNF:23
FNH:4
FNDA:2,(anonymous_0)
FNDA:3,(anonymous_1)
FNDA:0,(anonymous_2)
FNDA:0,(anonymous_3)
FNDA:0,(anonymous_4)
FNDA:0,(anonymous_5)
FNDA:0,(anonymous_6)
FNDA:0,(anonymous_7)
FNDA:0,(anonymous_8)
FNDA:0,(anonymous_9)
FNDA:0,(anonymous_10)
FNDA:2,(anonymous_11)
FNDA:0,(anonymous_12)
FNDA:0,(anonymous_13)
FNDA:0,(anonymous_14)
FNDA:0,(anonymous_15)
FNDA:0,(anonymous_16)
FNDA:0,(anonymous_17)
FNDA:0,(anonymous_18)
FNDA:0,(anonymous_19)
FNDA:2,(anonymous_20)
FNDA:0,(anonymous_21)
FNDA:0,(anonymous_22)
DA:9,1
DA:15,1
DA:16,1
DA:20,2
DA:21,2
DA:22,2
DA:28,3
DA:29,2
DA:42,0
DA:44,0
DA:45,0
DA:46,0
DA:47,0
DA:48,0
DA:49,0
DA:50,0
DA:51,0
DA:52,0
DA:53,0
DA:54,0
DA:66,0
DA:72,0
DA:73,0
DA:78,0
DA:80,0
DA:81,0
DA:84,0
DA:88,2
DA:90,0
DA:91,0
DA:92,0
DA:95,0
DA:97,2
DA:101,0
DA:103,0
DA:104,0
DA:108,0
DA:121,2
DA:122,0
DA:129,0
DA:137,2
DA:160,0
LF:42
LH:12
BRDA:52,0,0,0
BRDA:52,0,1,0
BRDA:53,1,0,0
BRDA:53,1,1,0
BRDA:72,2,0,0
BRDA:72,2,1,0
BRDA:72,3,0,0
BRDA:72,3,1,0
BRDA:80,4,0,0
BRDA:80,4,1,0
BRDA:90,5,0,0
BRDA:90,5,1,0
BRDA:103,6,0,0
BRDA:103,6,1,0
BRDA:123,7,0,0
BRDA:123,7,1,0
BRDA:123,8,0,0
BRDA:123,8,1,0
BRDA:124,9,0,0
BRDA:124,9,1,0
BRDA:130,10,0,0
BRDA:130,10,1,0
BRDA:130,11,0,0
BRDA:130,11,1,0
BRF:24
BRH:0
end_of_record
TN:
SF:src\Components\Student\StudentHeader\StudentHeader.js
FN:4,studentHeader
FNF:1
FNH:1
FNDA:5,studentHeader
DA:5,5
LF:1
LH:1
BRF:0
BRH:0
end_of_record
TN:
SF:src\Components\Student\TutorialStudent\TutorialStudent.js
FN:3,tutorialStudent
FNF:1
FNH:1
FNDA:2,tutorialStudent
DA:4,2
LF:1
LH:1
BRF:0
BRH:0
end_of_record
TN:
SF:src\Components\SuppOfficer\SuppOfficer_Page.js
FN:9,suppOfficerPage
FNF:1
FNH:1
FNDA:6,suppOfficerPage
DA:10,6
DA:15,6
LF:2
LH:2
BRDA:16,0,0,6
BRDA:16,0,1,0
BRF:2
BRH:1
end_of_record
TN:
SF:src\Components\SuppOfficer\SuppOfficerHeader\SuppOfficerHeader.js
FN:4,suppOfficerHeader
FNF:1
FNH:1
FNDA:6,suppOfficerHeader
DA:5,6
LF:1
LH:1
BRF:0
BRH:0
end_of_record
TN:
SF:src\Components\SuppOfficer\SystemConfigure\SystemConfigure.js
FN:3,systemConfigure
FNF:1
FNH:1
FNDA:4,systemConfigure
DA:4,4
LF:1
LH:1
BRF:0
BRH:0
end_of_record
TN:
SF:src\Components\SuppOfficer\SystemSetup\SystemSetup.js
FN:3,systemSetup
FNF:1
FNH:1
FNDA:2,systemSetup
DA:4,2
LF:1
LH:1
BRF:0
BRH:0
end_of_record
TN:
SF:src\Components\SuppOfficer\SystemUpdate\SystemUpdate.js
FN:3,systemUpdate
FNF:1
FNH:1
FNDA:2,systemUpdate
DA:4,2
LF:1
LH:1
BRF:0
BRH:0
end_of_record
TN:
SF:src\api\API.js
FN:4,getUser
FN:16,login
FN:17,(anonymous_2)
FN:24,(anonymous_3)
FN:26,(anonymous_4)
FN:32,(anonymous_5)
FN:33,(anonymous_6)
FN:35,(anonymous_7)
FN:39,getStudentCourses
FN:51,getTeacherLectures
FN:63,getLectures
FN:79,getLecturesDate
FN:88,(anonymous_12)
FN:95,getBookings
FN:111,addBooking
FN:112,(anonymous_15)
FN:119,(anonymous_16)
FN:125,(anonymous_17)
FN:126,(anonymous_18)
FN:128,(anonymous_19)
FN:132,deleteLectureById
FN:133,(anonymous_21)
FN:136,(anonymous_22)
FN:142,(anonymous_23)
FN:143,(anonymous_24)
FN:145,(anonymous_25)
FN:148,cancelBooking
FN:149,(anonymous_27)
FN:156,(anonymous_28)
FN:162,(anonymous_29)
FN:163,(anonymous_30)
FN:165,(anonymous_31)
FNF:32
FNH:3
FNDA:0,getUser
FNDA:0,login
FNDA:0,(anonymous_2)
FNDA:0,(anonymous_3)
FNDA:0,(anonymous_4)
FNDA:0,(anonymous_5)
FNDA:0,(anonymous_6)
FNDA:0,(anonymous_7)
FNDA:4,getStudentCourses
FNDA:2,getTeacherLectures
FNDA:0,getLectures
FNDA:0,getLecturesDate
FNDA:0,(anonymous_12)
FNDA:2,getBookings
FNDA:0,addBooking
FNDA:0,(anonymous_15)
FNDA:0,(anonymous_16)
FNDA:0,(anonymous_17)
FNDA:0,(anonymous_18)
FNDA:0,(anonymous_19)
FNDA:0,deleteLectureById
FNDA:0,(anonymous_21)
FNDA:0,(anonymous_22)
FNDA:0,(anonymous_23)
FNDA:0,(anonymous_24)
FNDA:0,(anonymous_25)
FNDA:0,cancelBooking
FNDA:0,(anonymous_27)
FNDA:0,(anonymous_28)
FNDA:0,(anonymous_29)
FNDA:0,(anonymous_30)
FNDA:0,(anonymous_31)
DA:2,2
DA:5,0
DA:6,0
DA:7,0
DA:8,0
DA:9,0
DA:11,0
DA:12,0
DA:17,0
DA:18,0
DA:25,0
DA:26,0
DA:27,0
DA:31,0
DA:32,0
DA:33,0
DA:35,0
DA:40,4
DA:41,4
DA:42,0
DA:43,0
DA:44,0
DA:46,0
DA:47,0
DA:52,2
DA:53,2
DA:54,0
DA:55,0
DA:56,0
DA:58,0
DA:59,0
DA:64,0
DA:65,0
DA:66,0
DA:67,0
DA:69,0
DA:70,0
DA:71,0
DA:72,0
DA:74,0
DA:75,0
DA:80,0
DA:81,0
DA:82,0
DA:83,0
DA:85,0
DA:86,0
DA:87,0
DA:88,0
DA:90,0
DA:91,0
DA:96,2
DA:97,2
DA:98,0
DA:99,0
DA:101,2
DA:102,0
DA:103,0
DA:104,0
DA:106,0
DA:107,0
DA:112,0
DA:113,0
DA:120,0
DA:121,0
DA:124,0
DA:125,0
DA:126,0
DA:128,0
DA:133,0
DA:134,0
DA:137,0
DA:138,0
DA:141,0
DA:142,0
DA:143,0
DA:145,0
DA:149,0
DA:150,0
DA:157,0
DA:158,0
DA:161,0
DA:162,0
DA:163,0
DA:165,0
DA:171,2
LF:86
LH:9
BRDA:8,0,0,0
BRDA:8,0,1,0
BRDA:25,1,0,0
BRDA:25,1,1,0
BRDA:43,2,0,0
BRDA:43,2,1,0
BRDA:55,3,0,0
BRDA:55,3,1,0
BRDA:65,4,0,0
BRDA:65,4,1,0
BRDA:71,5,0,0
BRDA:71,5,1,0
BRDA:81,6,0,0
BRDA:81,6,1,0
BRDA:87,7,0,0
BRDA:87,7,1,0
BRDA:88,8,0,0
BRDA:88,8,1,0
BRDA:97,9,0,0
BRDA:97,9,1,2
BRDA:103,10,0,0
BRDA:103,10,1,0
BRDA:120,11,0,0
BRDA:120,11,1,0
BRDA:137,12,0,0
BRDA:137,12,1,0
BRDA:157,13,0,0
BRDA:157,13,1,0
BRF:28
BRH:1
end_of_record
TN:
SF:src\api\User.js
FN:2,(anonymous_0)
FNF:1
FNH:0
FNDA:0,(anonymous_0)
DA:3,0
DA:4,0
DA:5,0
DA:6,0
DA:10,2
LF:5
LH:1
BRF:0
BRH:0
end_of_record
