TN:
SF:src\App.js
FN:11,App
FN:17,(anonymous_1)
FN:37,(anonymous_2)
FN:39,(anonymous_3)
FN:45,(anonymous_4)
FN:55,(anonymous_5)
FN:56,(anonymous_6)
FNF:7
FNH:0
FNDA:0,App
FNDA:0,(anonymous_1)
FNDA:0,(anonymous_2)
FNDA:0,(anonymous_3)
FNDA:0,(anonymous_4)
FNDA:0,(anonymous_5)
FNDA:0,(anonymous_6)
DA:13,0
DA:14,0
DA:15,0
DA:17,0
DA:19,0
DA:21,0
DA:22,0
DA:24,0
DA:25,0
DA:27,0
DA:28,0
DA:30,0
DA:31,0
DA:33,0
DA:37,0
DA:38,0
DA:40,0
DA:41,0
DA:43,0
DA:46,0
DA:48,0
DA:49,0
DA:50,0
DA:55,0
DA:56,0
DA:57,0
DA:58,0
DA:59,0
DA:72,0
DA:80,0
LF:30
LH:0
BRDA:19,0,0,0
BRDA:19,0,1,0
BRDA:19,0,2,0
BRDA:19,0,3,0
BRDA:21,1,0,0
BRDA:21,1,1,0
BRDA:48,2,0,0
BRDA:48,2,1,0
BRF:8
BRH:0
end_of_record
TN:
SF:src\index.js
FNF:0
FNH:0
DA:8,0
DA:18,0
LF:2
LH:0
BRF:0
BRH:0
end_of_record
TN:
SF:src\reportWebVitals.js
FN:1,(anonymous_0)
FN:3,(anonymous_1)
FNF:2
FNH:0
FNDA:0,(anonymous_0)
FNDA:0,(anonymous_1)
DA:1,0
DA:2,0
DA:3,0
DA:4,0
DA:5,0
DA:6,0
DA:7,0
DA:8,0
LF:8
LH:0
BRDA:2,0,0,0
BRDA:2,0,1,0
BRDA:2,1,0,0
BRDA:2,1,1,0
BRF:4
BRH:0
end_of_record
TN:
SF:src\Components\BookingManager\BookingManager_Page.js
FN:11,bookingManagerPage
FNF:1
FNH:1
FNDA:8,bookingManagerPage
DA:12,8
DA:14,8
DA:15,8
DA:17,0
LF:4
LH:3
BRDA:14,0,0,8
BRDA:14,0,1,0
BRDA:18,1,0,0
BRDA:18,1,1,0
BRF:4
BRH:1
end_of_record
TN:
SF:src\Components\BookingManager\Attendance\index.jsx
FN:9,Index
FN:15,(anonymous_1)
FN:17,(anonymous_2)
FN:20,getList
FN:25,itemChange
FN:48,(anonymous_5)
FN:63,(anonymous_6)
FNF:7
FNH:0
FNDA:0,Index
FNDA:0,(anonymous_1)
FNDA:0,(anonymous_2)
FNDA:0,getList
FNDA:0,itemChange
FNDA:0,(anonymous_5)
FNDA:0,(anonymous_6)
DA:10,0
DA:11,0
DA:12,0
DA:14,0
DA:15,0
DA:16,0
DA:17,0
DA:21,0
DA:22,0
DA:26,0
DA:29,0
DA:32,0
DA:35,0
DA:48,0
DA:63,0
LF:15
LH:0
BRDA:29,0,0,0
BRDA:29,0,1,0
BRF:2
BRH:0
end_of_record
TN:
SF:src\Components\BookingManager\BookingManagerHeader\BookingManagerHeader.js
FN:4,bookingManagerHeader
FNF:1
FNH:0
FNDA:0,bookingManagerHeader
DA:5,0
LF:1
LH:0
BRF:0
BRH:0
end_of_record
TN:
SF:src\Components\BookingManager\Bookings\Ltable.jsx
FN:3,Ltable
FN:20,(anonymous_1)
FNF:2
FNH:0
FNDA:0,Ltable
FNDA:0,(anonymous_1)
DA:4,0
DA:21,0
LF:2
LH:0
BRF:0
BRH:0
end_of_record
TN:
SF:src\Components\BookingManager\Bookings\index.jsx
FN:10,IndexMyBooks
FN:17,(anonymous_1)
FN:19,(anonymous_2)
FN:22,getListData
FN:27,itemChange
FN:50,(anonymous_5)
FN:65,(anonymous_6)
FNF:7
FNH:0
FNDA:0,IndexMyBooks
FNDA:0,(anonymous_1)
FNDA:0,(anonymous_2)
FNDA:0,getListData
FNDA:0,itemChange
FNDA:0,(anonymous_5)
FNDA:0,(anonymous_6)
DA:11,0
DA:12,0
DA:13,0
DA:14,0
DA:16,0
DA:17,0
DA:18,0
DA:19,0
DA:23,0
DA:24,0
DA:28,0
DA:31,0
DA:34,0
DA:37,0
DA:50,0
DA:65,0
LF:16
LH:0
BRDA:31,0,0,0
BRDA:31,0,1,0
BRF:2
BRH:0
end_of_record
TN:
SF:src\Components\BookingManager\ContactTracing\ContactTracing.js
FN:3,contactTracing
FNF:1
FNH:0
FNDA:0,contactTracing
DA:4,0
LF:1
LH:0
BRF:0
BRH:0
end_of_record
TN:
SF:src\Components\BookingManager\DelLectures\index.jsx
FN:6,Index
FN:10,(anonymous_1)
FN:12,(anonymous_2)
FN:16,getList
FN:22,itemChange
FN:46,(anonymous_5)
FN:61,(anonymous_6)
FN:81,(anonymous_7)
FNF:8
FNH:0
FNDA:0,Index
FNDA:0,(anonymous_1)
FNDA:0,(anonymous_2)
FNDA:0,getList
FNDA:0,itemChange
FNDA:0,(anonymous_5)
FNDA:0,(anonymous_6)
FNDA:0,(anonymous_7)
DA:7,0
DA:9,0
DA:10,0
DA:11,0
DA:12,0
DA:17,0
DA:18,0
DA:19,0
DA:23,0
DA:26,0
DA:29,0
DA:32,0
DA:46,0
DA:61,0
DA:82,0
LF:15
LH:0
BRDA:26,0,0,0
BRDA:26,0,1,0
BRDA:90,1,0,0
BRDA:90,1,1,0
BRF:4
BRH:0
end_of_record
TN:
SF:src\Components\BookingManager\MonitorUsage\MonitorUsage.js
FN:3,monitorUsage
FNF:1
FNH:0
FNDA:0,monitorUsage
DA:4,0
LF:1
LH:0
BRF:0
BRH:0
end_of_record
TN:
SF:src\Components\Login\LoginPage.js
FN:8,LoginPage
FN:24,(anonymous_1)
FN:28,(anonymous_2)
FN:33,(anonymous_3)
FNF:4
FNH:0
FNDA:0,LoginPage
FNDA:0,(anonymous_1)
FNDA:0,(anonymous_2)
FNDA:0,(anonymous_3)
DA:10,0
DA:19,0
DA:21,0
DA:22,0
DA:24,0
DA:25,0
DA:28,0
DA:29,0
DA:30,0
DA:33,0
DA:34,0
DA:35,0
DA:37,0
DA:38,0
DA:40,0
LF:15
LH:0
BRDA:37,0,0,0
BRDA:37,0,1,0
BRF:2
BRH:0
end_of_record
TN:
SF:src\Components\Login\LoginForm\LoginForm.js
FN:3,LoginForm
FN:14,(anonymous_1)
FN:23,(anonymous_2)
FN:30,(anonymous_3)
FNF:4
FNH:4
FNDA:8,LoginForm
FNDA:1,(anonymous_1)
FNDA:1,(anonymous_2)
FNDA:1,(anonymous_3)
DA:5,8
DA:14,1
DA:23,1
DA:30,1
LF:4
LH:4
BRF:0
BRH:0
end_of_record
TN:
SF:src\Components\Professor\Professor_Page.js
FN:13,ProfessorPage
FN:18,(anonymous_1)
FN:19,(anonymous_2)
FN:23,(anonymous_3)
FN:42,(anonymous_4)
FNF:5
FNH:3
FNDA:9,ProfessorPage
FNDA:9,(anonymous_1)
FNDA:0,(anonymous_2)
FNDA:0,(anonymous_3)
FNDA:2,(anonymous_4)
DA:14,9
DA:15,9
DA:16,9
DA:18,9
DA:20,0
DA:21,0
DA:24,0
DA:25,0
DA:27,0
DA:31,9
DA:32,2
DA:34,7
DA:42,2
LF:13
LH:8
BRDA:24,0,0,0
BRDA:24,0,1,0
BRDA:24,1,0,0
BRDA:24,1,1,0
BRDA:31,2,0,2
BRDA:31,2,1,7
BRDA:35,3,0,7
BRDA:35,3,1,0
BRF:8
BRH:3
end_of_record
TN:
SF:src\Components\Professor\HomePageCalendarProfessor\HomePageCalendarProfessor.js
FN:3,homePageCalendarProfessor
FNF:1
FNH:1
FNDA:2,homePageCalendarProfessor
DA:4,2
LF:1
LH:1
BRF:0
BRH:0
end_of_record
TN:
SF:src\Components\Professor\MyLecturesProfessor\MyLecturesProfessor.js
FN:7,MyLecturesProfessor
FN:14,(anonymous_1)
FN:17,(anonymous_2)
FN:21,(anonymous_3)
FN:36,LectureList
FN:39,(anonymous_5)
FN:46,Lecture
FN:52,(anonymous_7)
FN:54,(anonymous_8)
FN:57,(anonymous_9)
FN:65,(anonymous_10)
FN:67,(anonymous_11)
FN:70,(anonymous_12)
FN:78,TransformDate
FN:85,CheckTimeDiff
FN:98,(anonymous_15)
FN:100,(anonymous_16)
FN:102,(anonymous_17)
FN:105,(anonymous_18)
FN:112,(anonymous_19)
FN:122,(anonymous_20)
FN:151,(anonymous_21)
FN:157,(anonymous_22)
FN:181,BookingList
FN:185,(anonymous_24)
FN:192,Booking
FNF:26
FNH:14
FNDA:2,MyLecturesProfessor
FNDA:2,(anonymous_1)
FNDA:0,(anonymous_2)
FNDA:0,(anonymous_3)
FNDA:3,LectureList
FNDA:1,(anonymous_5)
FNDA:1,Lecture
FNDA:1,(anonymous_7)
FNDA:0,(anonymous_8)
FNDA:0,(anonymous_9)
FNDA:1,(anonymous_10)
FNDA:0,(anonymous_11)
FNDA:0,(anonymous_12)
FNDA:2,TransformDate
FNDA:2,CheckTimeDiff
FNDA:1,(anonymous_15)
FNDA:0,(anonymous_16)
FNDA:0,(anonymous_17)
FNDA:0,(anonymous_18)
FNDA:0,(anonymous_19)
FNDA:1,(anonymous_20)
FNDA:1,(anonymous_21)
FNDA:1,(anonymous_22)
FNDA:1,BookingList
FNDA:0,(anonymous_24)
FNDA:0,Booking
DA:9,2
DA:10,2
DA:14,2
DA:16,2
DA:19,0
DA:22,0
DA:23,0
DA:26,0
DA:29,2
DA:37,3
DA:40,1
DA:48,1
DA:49,1
DA:50,1
DA:52,1
DA:53,1
DA:55,0
DA:58,0
DA:59,0
DA:61,0
DA:65,1
DA:66,1
DA:68,0
DA:71,0
DA:72,0
DA:74,0
DA:79,2
DA:80,2
DA:81,2
DA:82,2
DA:86,2
DA:87,2
DA:88,2
DA:89,0
DA:90,2
DA:93,2
DA:94,0
DA:95,2
DA:98,1
DA:99,1
DA:101,0
DA:103,0
DA:106,0
DA:107,0
DA:109,0
DA:113,0
DA:114,0
DA:116,0
DA:117,0
DA:122,1
DA:123,1
DA:124,1
DA:125,0
DA:126,0
DA:128,0
DA:129,0
DA:131,0
DA:132,0
DA:137,1
DA:139,1
DA:151,1
DA:157,1
DA:183,1
DA:186,0
DA:193,0
LF:65
LH:34
BRDA:22,0,0,0
BRDA:22,0,1,0
BRDA:22,1,0,0
BRDA:22,1,1,0
BRDA:58,2,0,0
BRDA:58,2,1,0
BRDA:58,3,0,0
BRDA:58,3,1,0
BRDA:71,4,0,0
BRDA:71,4,1,0
BRDA:71,5,0,0
BRDA:71,5,1,0
BRDA:88,6,0,0
BRDA:88,6,1,2
BRDA:93,7,0,0
BRDA:93,7,1,2
BRDA:106,8,0,0
BRDA:106,8,1,0
BRDA:106,9,0,0
BRDA:106,9,1,0
BRDA:113,10,0,0
BRDA:113,10,1,0
BRDA:113,11,0,0
BRDA:113,11,1,0
BRDA:128,12,0,0
BRDA:128,12,1,0
BRDA:128,13,0,0
BRDA:128,13,1,0
BRDA:147,14,0,1
BRDA:147,14,1,0
BRDA:151,15,0,1
BRDA:151,15,1,0
BRDA:157,16,0,1
BRDA:157,16,1,0
BRDA:161,17,0,0
BRDA:161,17,1,1
BRF:36
BRH:6
end_of_record
TN:
SF:src\Components\Professor\ProfessorHeader\ProfessorHeader.js
FN:4,professorHeader
FNF:1
FNH:1
FNDA:7,professorHeader
DA:5,7
LF:1
LH:1
BRF:0
BRH:0
end_of_record
TN:
SF:src\Components\Professor\Register_Attendance\Register_Attendance.js
FN:3,registerAttendance
FNF:1
FNH:1
FNDA:2,registerAttendance
DA:4,2
LF:1
LH:1
BRF:0
BRH:0
end_of_record
TN:
SF:src\Components\Professor\Statistics\StatisticsPage.js
FN:10,(anonymous_0)
FN:19,(anonymous_1)
FN:25,getBookings
FN:27,(anonymous_3)
FN:31,(anonymous_4)
FN:39,getDaily
FN:41,(anonymous_6)
FN:42,(anonymous_7)
FN:45,getWeekly
FN:46,(anonymous_9)
FN:47,(anonymous_10)
FN:48,(anonymous_11)
FN:50,(anonymous_12)
FN:51,(anonymous_13)
FN:52,(anonymous_14)
FN:58,getMonthly
FN:59,(anonymous_16)
FN:60,(anonymous_17)
FN:61,(anonymous_18)
FN:63,(anonymous_19)
FN:64,(anonymous_20)
FN:65,(anonymous_21)
FN:75,(anonymous_22)
FN:78,(anonymous_23)
FN:86,(anonymous_24)
FN:121,(anonymous_25)
FN:141,(anonymous_26)
FNF:27
FNH:9
FNDA:4,(anonymous_0)
FNDA:3,(anonymous_1)
FNDA:3,getBookings
FNDA:0,(anonymous_3)
FNDA:0,(anonymous_4)
FNDA:21,getDaily
FNDA:0,(anonymous_6)
FNDA:0,(anonymous_7)
FNDA:15,getWeekly
FNDA:0,(anonymous_9)
FNDA:0,(anonymous_10)
FNDA:0,(anonymous_11)
FNDA:0,(anonymous_12)
FNDA:0,(anonymous_13)
FNDA:0,(anonymous_14)
FNDA:36,getMonthly
FNDA:0,(anonymous_16)
FNDA:0,(anonymous_17)
FNDA:0,(anonymous_18)
FNDA:0,(anonymous_19)
FNDA:0,(anonymous_20)
FNDA:0,(anonymous_21)
FNDA:0,(anonymous_22)
FNDA:1,(anonymous_23)
FNDA:0,(anonymous_24)
FNDA:15,(anonymous_25)
FNDA:36,(anonymous_26)
DA:10,2
DA:12,4
DA:13,3
DA:15,3
DA:16,3
DA:19,3
DA:20,3
DA:26,3
DA:28,0
DA:29,0
DA:32,0
DA:33,0
DA:35,0
DA:40,21
DA:41,21
DA:42,0
DA:46,15
DA:47,0
DA:48,0
DA:49,15
DA:50,0
DA:51,0
DA:52,0
DA:53,0
DA:54,0
DA:59,36
DA:60,0
DA:61,0
DA:62,36
DA:63,0
DA:64,0
DA:65,0
DA:66,0
DA:67,0
DA:71,3
DA:75,0
DA:78,1
DA:86,0
DA:121,15
DA:141,36
LF:40
LH:18
BRDA:13,0,0,2
BRDA:13,0,1,1
BRDA:14,1,0,2
BRDA:14,1,1,1
BRDA:32,2,0,0
BRDA:32,2,1,0
BRDA:32,3,0,0
BRDA:32,3,1,0
BRDA:49,4,0,15
BRDA:49,4,1,0
BRDA:53,5,0,0
BRDA:53,5,1,0
BRDA:62,6,0,36
BRDA:62,6,1,0
BRDA:66,7,0,0
BRDA:66,7,1,0
BRDA:121,8,0,0
BRDA:121,8,1,15
BRDA:141,9,0,0
BRDA:141,9,1,36
BRF:20
BRH:8
end_of_record
TN:
SF:src\Components\Professor\TutorialProfessor\TutorialProfessor.js
FN:3,tutorialProfessor
FNF:1
FNH:1
FNDA:2,tutorialProfessor
DA:4,2
LF:1
LH:1
BRF:0
BRH:0
end_of_record
TN:
SF:src\Components\Student\Student_Page.js
FN:11,StudentPage
FN:21,(anonymous_1)
FN:23,(anonymous_2)
FN:24,(anonymous_3)
FN:29,(anonymous_4)
FN:37,(anonymous_5)
FN:38,(anonymous_6)
FN:41,(anonymous_7)
FN:44,(anonymous_8)
FN:46,(anonymous_9)
FN:54,(anonymous_10)
FN:57,(anonymous_11)
FN:58,(anonymous_12)
FN:64,(anonymous_13)
FN:68,(anonymous_14)
FN:97,(anonymous_15)
FN:98,(anonymous_16)
FNF:17
FNH:5
FNDA:7,StudentPage
FNDA:0,(anonymous_1)
FNDA:6,(anonymous_2)
FNDA:0,(anonymous_3)
FNDA:0,(anonymous_4)
FNDA:6,(anonymous_5)
FNDA:0,(anonymous_6)
FNDA:0,(anonymous_7)
FNDA:0,(anonymous_8)
FNDA:0,(anonymous_9)
FNDA:0,(anonymous_10)
FNDA:0,(anonymous_11)
FNDA:0,(anonymous_12)
FNDA:0,(anonymous_13)
FNDA:0,(anonymous_14)
FNDA:3,(anonymous_15)
FNDA:2,(anonymous_16)
DA:12,7
DA:13,6
DA:14,6
DA:15,6
DA:16,6
DA:17,6
DA:18,6
DA:19,6
DA:21,6
DA:23,6
DA:25,0
DA:26,0
DA:30,0
DA:31,0
DA:33,0
DA:37,6
DA:39,0
DA:40,0
DA:42,0
DA:47,0
DA:48,0
DA:50,0
DA:54,6
DA:55,0
DA:56,0
DA:57,0
DA:58,0
DA:59,0
DA:60,0
DA:61,0
DA:63,0
DA:65,0
DA:66,0
DA:69,0
DA:70,0
DA:72,0
DA:89,6
DA:90,1
DA:92,5
DA:97,3
DA:98,2
LF:41
LH:17
BRDA:30,0,0,0
BRDA:30,0,1,0
BRDA:30,1,0,0
BRDA:30,1,1,0
BRDA:47,2,0,0
BRDA:47,2,1,0
BRDA:47,3,0,0
BRDA:47,3,1,0
BRDA:58,4,0,0
BRDA:58,4,1,0
BRDA:69,5,0,0
BRDA:69,5,1,0
BRDA:69,6,0,0
BRDA:69,6,1,0
BRDA:89,7,0,1
BRDA:89,7,1,5
BRDA:93,8,0,5
BRDA:93,8,1,0
BRF:18
BRH:3
end_of_record
TN:
SF:src\Components\Student\BookSeat\BookSeat.js
FN:6,BookSeat
FN:21,(anonymous_1)
FN:24,(anonymous_2)
FN:25,(anonymous_3)
FN:33,BookLecture
FN:34,(anonymous_5)
FN:38,(anonymous_6)
FN:39,(anonymous_7)
FN:41,(anonymous_8)
FN:48,(anonymous_9)
FN:53,(anonymous_10)
FN:62,(anonymous_11)
FN:65,(anonymous_12)
FN:72,(anonymous_13)
FN:73,(anonymous_14)
FN:97,(anonymous_15)
FNF:16
FNH:8
FNDA:6,BookSeat
FNDA:5,(anonymous_1)
FNDA:5,(anonymous_2)
FNDA:3,(anonymous_3)
FNDA:7,BookLecture
FNDA:2,(anonymous_5)
FNDA:18,(anonymous_6)
FNDA:6,(anonymous_7)
FNDA:0,(anonymous_8)
FNDA:0,(anonymous_9)
FNDA:0,(anonymous_10)
FNDA:0,(anonymous_11)
FNDA:0,(anonymous_12)
FNDA:0,(anonymous_13)
FNDA:0,(anonymous_14)
FNDA:0,(anonymous_15)
DA:7,6
DA:21,5
DA:24,5
DA:25,3
DA:34,7
DA:36,6
DA:38,18
DA:39,6
DA:41,6
DA:42,0
DA:43,0
DA:44,0
DA:49,0
DA:50,0
DA:51,0
DA:53,0
DA:55,0
DA:57,0
DA:63,0
DA:65,0
DA:68,0
DA:72,0
DA:74,0
DA:75,0
DA:76,0
DA:86,6
DA:88,6
DA:97,0
LF:28
LH:11
BRDA:42,0,0,0
BRDA:42,0,1,0
BRDA:43,1,0,0
BRDA:43,1,1,0
BRDA:43,2,0,0
BRDA:43,2,1,0
BRDA:55,3,0,0
BRDA:55,3,1,0
BRDA:55,4,0,0
BRDA:55,4,1,0
BRDA:92,5,0,4
BRDA:92,5,1,2
BRDA:94,6,0,0
BRDA:94,6,1,0
BRDA:96,7,0,0
BRDA:96,7,1,0
BRDA:96,8,0,0
BRDA:96,8,1,0
BRDA:96,9,0,0
BRDA:96,9,1,0
BRDA:98,10,0,0
BRDA:98,10,1,0
BRDA:98,11,0,0
BRDA:98,11,1,0
BRDA:98,12,0,0
BRDA:98,12,1,0
BRF:26
BRH:2
end_of_record
TN:
SF:src\Components\Student\HomePageCalendar_Student\HomePageCalendar_Student.js
FN:14,CustomEvent
FN:25,(anonymous_1)
FN:40,(anonymous_2)
FN:44,(anonymous_3)
FN:89,(anonymous_4)
FN:91,(anonymous_5)
FN:100,(anonymous_6)
FN:100,(anonymous_7)
FN:101,(anonymous_8)
FN:104,(anonymous_9)
FN:108,(anonymous_10)
FN:121,(anonymous_11)
FN:143,(anonymous_12)
FN:147,(anonymous_13)
FNF:14
FNH:8
FNDA:0,CustomEvent
FNDA:7,(anonymous_1)
FNDA:5,(anonymous_2)
FNDA:0,(anonymous_3)
FNDA:5,(anonymous_4)
FNDA:3,(anonymous_5)
FNDA:3,(anonymous_6)
FNDA:3,(anonymous_7)
FNDA:0,(anonymous_8)
FNDA:0,(anonymous_9)
FNDA:0,(anonymous_10)
FNDA:9,(anonymous_11)
FNDA:2,(anonymous_12)
FNDA:0,(anonymous_13)
DA:7,2
DA:15,0
DA:26,7
DA:27,5
DA:41,5
DA:44,5
DA:46,0
DA:47,0
DA:48,0
DA:54,0
DA:55,0
DA:62,0
DA:70,0
DA:78,0
DA:89,5
DA:91,5
DA:92,3
DA:93,3
DA:94,3
DA:95,3
DA:96,3
DA:97,3
DA:98,3
DA:100,3
DA:101,3
DA:102,0
DA:104,0
DA:106,0
DA:107,0
DA:108,0
DA:118,2
DA:123,9
DA:143,2
DA:147,0
LF:34
LH:19
BRDA:19,0,0,0
BRDA:19,0,1,0
BRDA:46,1,0,0
BRDA:46,1,1,0
BRDA:47,2,0,0
BRDA:47,2,1,0
BRDA:54,3,0,0
BRDA:54,3,1,0
BRDA:79,4,0,0
BRDA:79,4,1,0
BRDA:79,5,0,0
BRDA:79,5,1,0
BRDA:79,6,0,0
BRDA:79,6,1,0
BRDA:100,7,0,3
BRDA:100,7,1,0
BRDA:102,8,0,0
BRDA:102,8,1,0
BRDA:102,9,0,0
BRDA:102,9,1,0
BRDA:110,10,0,0
BRDA:110,10,1,0
BRF:22
BRH:1
end_of_record
TN:
SF:src\Components\Student\StudentHeader\StudentHeader.js
FN:4,studentHeader
FNF:1
FNH:1
FNDA:5,studentHeader
DA:5,5
LF:1
LH:1
BRF:0
BRH:0
end_of_record
TN:
SF:src\Components\Student\TutorialStudent\TutorialStudent.js
FN:3,tutorialStudent
FNF:1
FNH:1
FNDA:2,tutorialStudent
DA:4,2
LF:1
LH:1
BRF:0
BRH:0
end_of_record
TN:
SF:src\Components\SuppOfficer\SuppOfficer_Page.js
FN:9,suppOfficerPage
FNF:1
FNH:1
FNDA:7,suppOfficerPage
DA:10,7
DA:12,7
DA:13,7
DA:15,0
LF:4
LH:3
BRDA:12,0,0,7
BRDA:12,0,1,0
BRDA:16,1,0,0
BRDA:16,1,1,0
BRF:4
BRH:1
end_of_record
TN:
SF:src\Components\SuppOfficer\SuppOfficerHeader\SuppOfficerHeader.js
FN:4,suppOfficerHeader
FNF:1
FNH:0
FNDA:0,suppOfficerHeader
DA:5,0
LF:1
LH:0
BRF:0
BRH:0
end_of_record
TN:
SF:src\Components\SuppOfficer\SystemConfigure\SystemConfigure.js
FN:3,systemConfigure
FNF:1
FNH:0
FNDA:0,systemConfigure
DA:4,0
LF:1
LH:0
BRF:0
BRH:0
end_of_record
TN:
SF:src\Components\SuppOfficer\SystemSetup\SystemSetup.js
FN:3,systemSetup
FNF:1
FNH:0
FNDA:0,systemSetup
DA:4,0
LF:1
LH:0
BRF:0
BRH:0
end_of_record
TN:
SF:src\Components\SuppOfficer\SystemUpdate\SystemUpdate.js
FN:3,systemUpdate
FNF:1
FNH:0
FNDA:0,systemUpdate
DA:4,0
LF:1
LH:0
BRF:0
BRH:0
end_of_record
TN:
SF:src\api\API.js
FN:4,getUser
FN:16,login
FN:17,(anonymous_2)
FN:24,(anonymous_3)
FN:26,(anonymous_4)
FN:32,(anonymous_5)
FN:33,(anonymous_6)
FN:35,(anonymous_7)
FN:39,getStudentCourses
FN:50,getCourseById
FN:62,getTeacherLectures
FN:74,getLectures
FN:90,getBookings
FN:106,addBooking
FN:107,(anonymous_14)
FN:114,(anonymous_15)
FN:120,(anonymous_16)
FN:121,(anonymous_17)
FN:123,(anonymous_18)
FN:127,apiBookingToWaitingListPOST
FN:128,(anonymous_20)
FN:135,(anonymous_21)
FN:141,(anonymous_22)
FN:142,(anonymous_23)
FN:144,(anonymous_24)
FN:148,getBookingsInWaitingList
FN:160,deleteLectureById
FN:161,(anonymous_27)
FN:164,(anonymous_28)
FN:170,(anonymous_29)
FN:171,(anonymous_30)
FN:173,(anonymous_31)
FN:176,cancelBooking
FN:177,(anonymous_33)
FN:184,(anonymous_34)
FN:189,(anonymous_35)
FN:190,(anonymous_36)
FN:192,(anonymous_37)
FN:197,ChangeLecturemodeById
FN:205,(anonymous_39)
FN:207,(anonymous_40)
FN:212,getBooksList
FN:214,(anonymous_42)
FN:217,getLecturesAttendance
FN:219,(anonymous_44)
FN:222,getDelLecturesList
FN:224,(anonymous_46)
FN:227,getTeacherCourses
FN:239,getCourseBookings
FNF:49
FNH:34
FNDA:2,getUser
FNDA:4,login
FNDA:4,(anonymous_2)
FNDA:3,(anonymous_3)
FNDA:1,(anonymous_4)
FNDA:1,(anonymous_5)
FNDA:1,(anonymous_6)
FNDA:1,(anonymous_7)
FNDA:8,getStudentCourses
FNDA:1,getCourseById
FNDA:4,getTeacherLectures
FNDA:2,getLectures
FNDA:9,getBookings
FNDA:4,addBooking
FNDA:4,(anonymous_14)
FNDA:3,(anonymous_15)
FNDA:1,(anonymous_16)
FNDA:1,(anonymous_17)
FNDA:1,(anonymous_18)
FNDA:0,apiBookingToWaitingListPOST
FNDA:0,(anonymous_20)
FNDA:0,(anonymous_21)
FNDA:0,(anonymous_22)
FNDA:0,(anonymous_23)
FNDA:0,(anonymous_24)
FNDA:0,getBookingsInWaitingList
FNDA:7,deleteLectureById
FNDA:7,(anonymous_27)
FNDA:5,(anonymous_28)
FNDA:2,(anonymous_29)
FNDA:2,(anonymous_30)
FNDA:1,(anonymous_31)
FNDA:4,cancelBooking
FNDA:4,(anonymous_33)
FNDA:3,(anonymous_34)
FNDA:1,(anonymous_35)
FNDA:1,(anonymous_36)
FNDA:1,(anonymous_37)
FNDA:2,ChangeLecturemodeById
FNDA:0,(anonymous_39)
FNDA:0,(anonymous_40)
FNDA:0,getBooksList
FNDA:0,(anonymous_42)
FNDA:0,getLecturesAttendance
FNDA:0,(anonymous_44)
FNDA:0,getDelLecturesList
FNDA:0,(anonymous_46)
FNDA:9,getTeacherCourses
FNDA:3,getCourseBookings
DA:2,7
DA:5,2
DA:6,2
DA:7,2
DA:8,2
DA:9,1
DA:11,1
DA:12,1
DA:17,4
DA:18,4
DA:25,3
DA:26,1
DA:27,1
DA:31,2
DA:32,1
DA:33,1
DA:35,1
DA:40,8
DA:41,8
DA:42,2
DA:43,2
DA:44,1
DA:46,1
DA:47,1
DA:51,1
DA:52,1
DA:53,0
DA:55,0
DA:56,0
DA:58,0
DA:59,0
DA:63,4
DA:64,4
DA:65,2
DA:66,2
DA:67,1
DA:69,1
DA:70,1
DA:75,2
DA:76,2
DA:77,1
DA:78,1
DA:80,2
DA:81,2
DA:82,2
DA:83,1
DA:85,1
DA:86,1
DA:91,9
DA:92,9
DA:93,2
DA:94,2
DA:96,9
DA:97,2
DA:98,2
DA:99,1
DA:101,1
DA:102,1
DA:107,4
DA:108,4
DA:115,3
DA:116,1
DA:119,2
DA:120,1
DA:121,1
DA:123,1
DA:128,0
DA:129,0
DA:136,0
DA:137,0
DA:140,0
DA:141,0
DA:142,0
DA:144,0
DA:149,0
DA:150,0
DA:151,0
DA:152,0
DA:153,0
DA:155,0
DA:156,0
DA:161,7
DA:162,7
DA:165,5
DA:166,1
DA:169,4
DA:170,2
DA:171,2
DA:173,1
DA:177,4
DA:178,4
DA:185,3
DA:186,1
DA:188,2
DA:189,1
DA:190,1
DA:192,1
DA:198,2
DA:201,1
DA:202,1
DA:204,0
DA:205,0
DA:207,0
DA:213,0
DA:214,0
DA:218,0
DA:219,0
DA:223,0
DA:224,0
DA:228,9
DA:229,9
DA:230,0
DA:231,0
DA:232,0
DA:234,0
DA:235,0
DA:240,3
DA:241,3
DA:242,0
DA:243,0
DA:244,0
DA:246,0
DA:247,0
DA:252,7
LF:124
LH:85
BRDA:8,0,0,1
BRDA:8,0,1,1
BRDA:25,1,0,1
BRDA:25,1,1,2
BRDA:43,2,0,1
BRDA:43,2,1,1
BRDA:55,3,0,0
BRDA:55,3,1,0
BRDA:66,4,0,1
BRDA:66,4,1,1
BRDA:76,5,0,1
BRDA:76,5,1,1
BRDA:82,6,0,1
BRDA:82,6,1,1
BRDA:92,7,0,2
BRDA:92,7,1,7
BRDA:98,8,0,1
BRDA:98,8,1,1
BRDA:115,9,0,1
BRDA:115,9,1,2
BRDA:136,10,0,0
BRDA:136,10,1,0
BRDA:152,11,0,0
BRDA:152,11,1,0
BRDA:165,12,0,1
BRDA:165,12,1,4
BRDA:185,13,0,1
BRDA:185,13,1,2
BRDA:201,14,0,1
BRDA:201,14,1,0
BRDA:212,15,0,0
BRDA:212,16,0,0
BRDA:217,17,0,0
BRDA:217,18,0,0
BRDA:222,19,0,0
BRDA:222,20,0,0
BRDA:231,21,0,0
BRDA:231,21,1,0
BRDA:243,22,0,0
BRDA:243,22,1,0
BRF:40
BRH:23
end_of_record
TN:
SF:src\api\User.js
FN:2,(anonymous_0)
FNF:1
FNH:1
FNDA:2,(anonymous_0)
DA:3,2
DA:4,2
DA:5,2
DA:6,2
DA:10,8
LF:5
LH:5
BRF:0
BRH:0
end_of_record
