{"/home/gabriele/Scrivania/PULSeBS_Group1/server/components/course.js": {"path":"/home/gabriele/Scrivania/PULSeBS_Group1/server/components/course.js","statementMap":{"0":{"start":{"line":3,"column":8},"end":{"line":3,"column":33}},"1":{"start":{"line":4,"column":8},"end":{"line":4,"column":35}},"2":{"start":{"line":5,"column":8},"end":{"line":5,"column":25}},"3":{"start":{"line":9,"column":0},"end":{"line":9,"column":24}}},"fnMap":{"0":{"name":"(anonymous_0)","decl":{"start":{"line":2,"column":4},"end":{"line":2,"column":5}},"loc":{"start":{"line":2,"column":43},"end":{"line":6,"column":5}},"line":2}},"branchMap":{},"s":{"0":0,"1":0,"2":0,"3":1},"f":{"0":0},"b":{},"_coverageSchema":"1a1c01bbd47fc00a2c39e90264f33305004495a9","hash":"5914f0995d6fc34aa21a5954adf8a30bd433c975"}
,"/home/gabriele/Scrivania/PULSeBS_Group1/server/components/db.js": {"path":"/home/gabriele/Scrivania/PULSeBS_Group1/server/components/db.js","statementMap":{"0":{"start":{"line":3,"column":15},"end":{"line":3,"column":43}},"1":{"start":{"line":4,"column":13},"end":{"line":4,"column":28}},"2":{"start":{"line":6,"column":17},"end":{"line":6,"column":52}},"3":{"start":{"line":7,"column":0},"end":{"line":7,"column":22}},"4":{"start":{"line":9,"column":11},"end":{"line":21,"column":2}},"5":{"start":{"line":10,"column":4},"end":{"line":14,"column":5}},"6":{"start":{"line":12,"column":8},"end":{"line":12,"column":35}},"7":{"start":{"line":13,"column":8},"end":{"line":13,"column":18}},"8":{"start":{"line":16,"column":4},"end":{"line":20,"column":7}},"9":{"start":{"line":17,"column":8},"end":{"line":19,"column":9}},"10":{"start":{"line":18,"column":12},"end":{"line":18,"column":58}},"11":{"start":{"line":23,"column":0},"end":{"line":23,"column":20}}},"fnMap":{"0":{"name":"(anonymous_0)","decl":{"start":{"line":9,"column":41},"end":{"line":9,"column":42}},"loc":{"start":{"line":9,"column":50},"end":{"line":21,"column":1}},"line":9},"1":{"name":"(anonymous_1)","decl":{"start":{"line":16,"column":41},"end":{"line":16,"column":42}},"loc":{"start":{"line":16,"column":58},"end":{"line":20,"column":5}},"line":16}},"branchMap":{"0":{"loc":{"start":{"line":10,"column":4},"end":{"line":14,"column":5}},"type":"if","locations":[{"start":{"line":10,"column":4},"end":{"line":14,"column":5}},{"start":{"line":10,"column":4},"end":{"line":14,"column":5}}],"line":10},"1":{"loc":{"start":{"line":17,"column":8},"end":{"line":19,"column":9}},"type":"if","locations":[{"start":{"line":17,"column":8},"end":{"line":19,"column":9}},{"start":{"line":17,"column":8},"end":{"line":19,"column":9}}],"line":17}},"s":{"0":2,"1":2,"2":2,"3":2,"4":2,"5":0,"6":0,"7":0,"8":0,"9":0,"10":0,"11":2},"f":{"0":0,"1":0},"b":{"0":[0,0],"1":[0,0]},"_coverageSchema":"1a1c01bbd47fc00a2c39e90264f33305004495a9","hash":"df4d55751b6c2eeaa2849051b5d4f7dd39f450e2"}
,"/home/gabriele/Scrivania/PULSeBS_Group1/server/components/lecture.js": {"path":"/home/gabriele/Scrivania/PULSeBS_Group1/server/components/lecture.js","statementMap":{"0":{"start":{"line":5,"column":4},"end":{"line":5,"column":31}},"1":{"start":{"line":6,"column":4},"end":{"line":6,"column":29}},"2":{"start":{"line":7,"column":4},"end":{"line":7,"column":31}},"3":{"start":{"line":8,"column":4},"end":{"line":8,"column":21}},"4":{"start":{"line":9,"column":4},"end":{"line":9,"column":21}},"5":{"start":{"line":10,"column":4},"end":{"line":10,"column":21}},"6":{"start":{"line":11,"column":4},"end":{"line":13,"column":5}},"7":{"start":{"line":12,"column":6},"end":{"line":12,"column":23}},"8":{"start":{"line":14,"column":4},"end":{"line":16,"column":5}},"9":{"start":{"line":15,"column":6},"end":{"line":15,"column":31}},"10":{"start":{"line":20,"column":0},"end":{"line":20,"column":25}}},"fnMap":{"0":{"name":"(anonymous_0)","decl":{"start":{"line":4,"column":2},"end":{"line":4,"column":3}},"loc":{"start":{"line":4,"column":80},"end":{"line":17,"column":3}},"line":4}},"branchMap":{"0":{"loc":{"start":{"line":11,"column":4},"end":{"line":13,"column":5}},"type":"if","locations":[{"start":{"line":11,"column":4},"end":{"line":13,"column":5}},{"start":{"line":11,"column":4},"end":{"line":13,"column":5}}],"line":11},"1":{"loc":{"start":{"line":14,"column":4},"end":{"line":16,"column":5}},"type":"if","locations":[{"start":{"line":14,"column":4},"end":{"line":16,"column":5}},{"start":{"line":14,"column":4},"end":{"line":16,"column":5}}],"line":14}},"s":{"0":0,"1":0,"2":0,"3":0,"4":0,"5":0,"6":0,"7":0,"8":0,"9":0,"10":2},"f":{"0":0},"b":{"0":[0,0],"1":[0,0]},"_coverageSchema":"1a1c01bbd47fc00a2c39e90264f33305004495a9","hash":"3fd48c89f2cef204f26816da46051000729d486e"}
,"/home/gabriele/Scrivania/PULSeBS_Group1/server/components/user.js": {"path":"/home/gabriele/Scrivania/PULSeBS_Group1/server/components/user.js","statementMap":{"0":{"start":{"line":3,"column":8},"end":{"line":3,"column":25}},"1":{"start":{"line":4,"column":8},"end":{"line":4,"column":25}},"2":{"start":{"line":5,"column":8},"end":{"line":5,"column":31}},"3":{"start":{"line":6,"column":8},"end":{"line":6,"column":27}},"4":{"start":{"line":7,"column":8},"end":{"line":8,"column":29}},"5":{"start":{"line":8,"column":12},"end":{"line":8,"column":29}},"6":{"start":{"line":12,"column":0},"end":{"line":12,"column":22}}},"fnMap":{"0":{"name":"(anonymous_0)","decl":{"start":{"line":2,"column":4},"end":{"line":2,"column":5}},"loc":{"start":{"line":2,"column":48},"end":{"line":9,"column":5}},"line":2}},"branchMap":{"0":{"loc":{"start":{"line":7,"column":8},"end":{"line":8,"column":29}},"type":"if","locations":[{"start":{"line":7,"column":8},"end":{"line":8,"column":29}},{"start":{"line":7,"column":8},"end":{"line":8,"column":29}}],"line":7}},"s":{"0":0,"1":0,"2":0,"3":0,"4":0,"5":0,"6":1},"f":{"0":0},"b":{"0":[0,0]},"_coverageSchema":"1a1c01bbd47fc00a2c39e90264f33305004495a9","hash":"eb0256519ecdd46927c9245bab143e05b28e7cae"}
,"/home/gabriele/Scrivania/PULSeBS_Group1/server/controllers/Lectures.js": {"path":"/home/gabriele/Scrivania/PULSeBS_Group1/server/controllers/Lectures.js","statementMap":{"0":{"start":{"line":4,"column":11},"end":{"line":4,"column":41}},"1":{"start":{"line":5,"column":15},"end":{"line":5,"column":32}},"2":{"start":{"line":6,"column":14},"end":{"line":6,"column":43}},"3":{"start":{"line":7,"column":17},"end":{"line":7,"column":54}},"4":{"start":{"line":8,"column":16},"end":{"line":8,"column":51}},"5":{"start":{"line":9,"column":16},"end":{"line":9,"column":51}},"6":{"start":{"line":12,"column":0},"end":{"line":20,"column":2}},"7":{"start":{"line":13,"column":19},"end":{"line":13,"column":37}},"8":{"start":{"line":16,"column":2},"end":{"line":16,"column":61}},"9":{"start":{"line":17,"column":2},"end":{"line":17,"column":89}},"10":{"start":{"line":17,"column":11},"end":{"line":17,"column":89}},"11":{"start":{"line":18,"column":2},"end":{"line":19,"column":45}},"12":{"start":{"line":18,"column":17},"end":{"line":18,"column":111}},"13":{"start":{"line":19,"column":7},"end":{"line":19,"column":45}},"14":{"start":{"line":22,"column":0},"end":{"line":41,"column":2}},"15":{"start":{"line":24,"column":15},"end":{"line":24,"column":40}},"16":{"start":{"line":29,"column":2},"end":{"line":29,"column":64}},"17":{"start":{"line":30,"column":2},"end":{"line":30,"column":110}},"18":{"start":{"line":30,"column":16},"end":{"line":30,"column":110}},"19":{"start":{"line":32,"column":2},"end":{"line":34,"column":7}},"20":{"start":{"line":33,"column":4},"end":{"line":33,"column":55}},"21":{"start":{"line":36,"column":2},"end":{"line":36,"column":112}},"22":{"start":{"line":36,"column":17},"end":{"line":36,"column":112}},"23":{"start":{"line":38,"column":2},"end":{"line":40,"column":48}},"24":{"start":{"line":38,"column":11},"end":{"line":38,"column":89}},"25":{"start":{"line":40,"column":7},"end":{"line":40,"column":48}},"26":{"start":{"line":43,"column":0},"end":{"line":70,"column":2}},"27":{"start":{"line":44,"column":20},"end":{"line":44,"column":33}},"28":{"start":{"line":49,"column":2},"end":{"line":49,"column":64}},"29":{"start":{"line":51,"column":2},"end":{"line":51,"column":110}},"30":{"start":{"line":51,"column":16},"end":{"line":51,"column":110}},"31":{"start":{"line":53,"column":2},"end":{"line":53,"column":89}},"32":{"start":{"line":53,"column":11},"end":{"line":53,"column":89}},"33":{"start":{"line":55,"column":14},"end":{"line":55,"column":22}},"34":{"start":{"line":56,"column":18},"end":{"line":56,"column":58}},"35":{"start":{"line":57,"column":2},"end":{"line":57,"column":45}},"36":{"start":{"line":59,"column":2},"end":{"line":69,"column":3}},"37":{"start":{"line":61,"column":4},"end":{"line":61,"column":74}},"38":{"start":{"line":63,"column":4},"end":{"line":63,"column":91}},"39":{"start":{"line":63,"column":13},"end":{"line":63,"column":91}},"40":{"start":{"line":65,"column":4},"end":{"line":65,"column":46}},"41":{"start":{"line":68,"column":4},"end":{"line":68,"column":92}}},"fnMap":{"0":{"name":"apiLecturesGET","decl":{"start":{"line":12,"column":47},"end":{"line":12,"column":61}},"loc":{"start":{"line":12,"column":72},"end":{"line":20,"column":1}},"line":12},"1":{"name":"apiTeacherLecturesGET","decl":{"start":{"line":22,"column":54},"end":{"line":22,"column":75}},"loc":{"start":{"line":22,"column":86},"end":{"line":41,"column":1}},"line":22},"2":{"name":"(anonymous_2)","decl":{"start":{"line":32,"column":53},"end":{"line":32,"column":54}},"loc":{"start":{"line":32,"column":71},"end":{"line":34,"column":3}},"line":32},"3":{"name":"apiLecturesIdDELETE","decl":{"start":{"line":43,"column":52},"end":{"line":43,"column":71}},"loc":{"start":{"line":43,"column":82},"end":{"line":70,"column":1}},"line":43}},"branchMap":{"0":{"loc":{"start":{"line":17,"column":2},"end":{"line":17,"column":89}},"type":"if","locations":[{"start":{"line":17,"column":2},"end":{"line":17,"column":89}},{"start":{"line":17,"column":2},"end":{"line":17,"column":89}}],"line":17},"1":{"loc":{"start":{"line":18,"column":2},"end":{"line":19,"column":45}},"type":"if","locations":[{"start":{"line":18,"column":2},"end":{"line":19,"column":45}},{"start":{"line":18,"column":2},"end":{"line":19,"column":45}}],"line":18},"2":{"loc":{"start":{"line":24,"column":15},"end":{"line":24,"column":40}},"type":"binary-expr","locations":[{"start":{"line":24,"column":15},"end":{"line":24,"column":23}},{"start":{"line":24,"column":27},"end":{"line":24,"column":40}}],"line":24},"3":{"loc":{"start":{"line":30,"column":2},"end":{"line":30,"column":110}},"type":"if","locations":[{"start":{"line":30,"column":2},"end":{"line":30,"column":110}},{"start":{"line":30,"column":2},"end":{"line":30,"column":110}}],"line":30},"4":{"loc":{"start":{"line":36,"column":2},"end":{"line":36,"column":112}},"type":"if","locations":[{"start":{"line":36,"column":2},"end":{"line":36,"column":112}},{"start":{"line":36,"column":2},"end":{"line":36,"column":112}}],"line":36},"5":{"loc":{"start":{"line":38,"column":2},"end":{"line":40,"column":48}},"type":"if","locations":[{"start":{"line":38,"column":2},"end":{"line":40,"column":48}},{"start":{"line":38,"column":2},"end":{"line":40,"column":48}}],"line":38},"6":{"loc":{"start":{"line":51,"column":2},"end":{"line":51,"column":110}},"type":"if","locations":[{"start":{"line":51,"column":2},"end":{"line":51,"column":110}},{"start":{"line":51,"column":2},"end":{"line":51,"column":110}}],"line":51},"7":{"loc":{"start":{"line":53,"column":2},"end":{"line":53,"column":89}},"type":"if","locations":[{"start":{"line":53,"column":2},"end":{"line":53,"column":89}},{"start":{"line":53,"column":2},"end":{"line":53,"column":89}}],"line":53},"8":{"loc":{"start":{"line":59,"column":2},"end":{"line":69,"column":3}},"type":"if","locations":[{"start":{"line":59,"column":2},"end":{"line":69,"column":3}},{"start":{"line":59,"column":2},"end":{"line":69,"column":3}}],"line":59},"9":{"loc":{"start":{"line":63,"column":4},"end":{"line":63,"column":91}},"type":"if","locations":[{"start":{"line":63,"column":4},"end":{"line":63,"column":91}},{"start":{"line":63,"column":4},"end":{"line":63,"column":91}}],"line":63}},"s":{"0":1,"1":1,"2":1,"3":1,"4":1,"5":1,"6":1,"7":2,"8":2,"9":2,"10":0,"11":2,"12":0,"13":2,"14":1,"15":1,"16":1,"17":1,"18":0,"19":1,"20":1,"21":1,"22":0,"23":1,"24":0,"25":1,"26":1,"27":1,"28":1,"29":1,"30":0,"31":1,"32":0,"33":1,"34":1,"35":1,"36":1,"37":0,"38":0,"39":0,"40":0,"41":1},"f":{"0":2,"1":1,"2":1,"3":1},"b":{"0":[0,2],"1":[0,2],"2":[1,1],"3":[0,1],"4":[0,1],"5":[0,1],"6":[0,1],"7":[0,1],"8":[0,1],"9":[0,0]},"_coverageSchema":"1a1c01bbd47fc00a2c39e90264f33305004495a9","hash":"3e6609d266ed6201502dfd0b90f6c66d7ef1742c"}
,"/home/gabriele/Scrivania/PULSeBS_Group1/server/service/AuthenticationService.js": {"path":"/home/gabriele/Scrivania/PULSeBS_Group1/server/service/AuthenticationService.js","statementMap":{"0":{"start":{"line":3,"column":13},"end":{"line":3,"column":42}},"1":{"start":{"line":4,"column":11},"end":{"line":4,"column":38}},"2":{"start":{"line":5,"column":15},"end":{"line":5,"column":32}},"3":{"start":{"line":7,"column":0},"end":{"line":37,"column":2}},"4":{"start":{"line":8,"column":2},"end":{"line":36,"column":5}},"5":{"start":{"line":10,"column":16},"end":{"line":24,"column":30}},"6":{"start":{"line":26,"column":4},"end":{"line":35,"column":7}},"7":{"start":{"line":27,"column":8},"end":{"line":34,"column":9}},"8":{"start":{"line":28,"column":12},"end":{"line":28,"column":24}},"9":{"start":{"line":29,"column":13},"end":{"line":34,"column":9}},"10":{"start":{"line":30,"column":12},"end":{"line":30,"column":31}},"11":{"start":{"line":32,"column":25},"end":{"line":32,"column":111}},"12":{"start":{"line":33,"column":12},"end":{"line":33,"column":26}},"13":{"start":{"line":39,"column":0},"end":{"line":45,"column":2}},"14":{"start":{"line":40,"column":2},"end":{"line":40,"column":38}},"15":{"start":{"line":41,"column":13},"end":{"line":41,"column":42}},"16":{"start":{"line":42,"column":2},"end":{"line":42,"column":20}},"17":{"start":{"line":43,"column":2},"end":{"line":43,"column":22}},"18":{"start":{"line":44,"column":2},"end":{"line":44,"column":49}}},"fnMap":{"0":{"name":"(anonymous_0)","decl":{"start":{"line":7,"column":22},"end":{"line":7,"column":23}},"loc":{"start":{"line":7,"column":36},"end":{"line":37,"column":1}},"line":7},"1":{"name":"(anonymous_1)","decl":{"start":{"line":8,"column":21},"end":{"line":8,"column":22}},"loc":{"start":{"line":8,"column":42},"end":{"line":36,"column":3}},"line":8},"2":{"name":"(anonymous_2)","decl":{"start":{"line":26,"column":34},"end":{"line":26,"column":35}},"loc":{"start":{"line":26,"column":48},"end":{"line":35,"column":5}},"line":26},"3":{"name":"(anonymous_3)","decl":{"start":{"line":39,"column":24},"end":{"line":39,"column":25}},"loc":{"start":{"line":39,"column":50},"end":{"line":45,"column":1}},"line":39}},"branchMap":{"0":{"loc":{"start":{"line":27,"column":8},"end":{"line":34,"column":9}},"type":"if","locations":[{"start":{"line":27,"column":8},"end":{"line":34,"column":9}},{"start":{"line":27,"column":8},"end":{"line":34,"column":9}}],"line":27},"1":{"loc":{"start":{"line":29,"column":13},"end":{"line":34,"column":9}},"type":"if","locations":[{"start":{"line":29,"column":13},"end":{"line":34,"column":9}},{"start":{"line":29,"column":13},"end":{"line":34,"column":9}}],"line":29},"2":{"loc":{"start":{"line":29,"column":17},"end":{"line":29,"column":50}},"type":"binary-expr","locations":[{"start":{"line":29,"column":17},"end":{"line":29,"column":33}},{"start":{"line":29,"column":37},"end":{"line":29,"column":50}}],"line":29}},"s":{"0":1,"1":1,"2":1,"3":1,"4":1,"5":1,"6":1,"7":0,"8":0,"9":0,"10":0,"11":0,"12":0,"13":1,"14":1,"15":1,"16":1,"17":1,"18":1},"f":{"0":1,"1":1,"2":0,"3":1},"b":{"0":[0,0],"1":[0,0],"2":[0,0]},"_coverageSchema":"1a1c01bbd47fc00a2c39e90264f33305004495a9","hash":"37151f96ff7658e5a96502b4f60abb59f0e5afab"}
,"/home/gabriele/Scrivania/PULSeBS_Group1/server/service/CourseService.js": {"path":"/home/gabriele/Scrivania/PULSeBS_Group1/server/service/CourseService.js","statementMap":{"0":{"start":{"line":4,"column":15},"end":{"line":4,"column":46}},"1":{"start":{"line":5,"column":11},"end":{"line":5,"column":38}},"2":{"start":{"line":7,"column":0},"end":{"line":25,"column":2}},"3":{"start":{"line":8,"column":2},"end":{"line":24,"column":5}},"4":{"start":{"line":9,"column":16},"end":{"line":9,"column":57}},"5":{"start":{"line":10,"column":4},"end":{"line":23,"column":7}},"6":{"start":{"line":11,"column":6},"end":{"line":22,"column":7}},"7":{"start":{"line":12,"column":8},"end":{"line":12,"column":25}},"8":{"start":{"line":13,"column":8},"end":{"line":13,"column":20}},"9":{"start":{"line":14,"column":13},"end":{"line":22,"column":7}},"10":{"start":{"line":15,"column":8},"end":{"line":15,"column":27}},"11":{"start":{"line":17,"column":23},"end":{"line":20,"column":31}},"12":{"start":{"line":21,"column":8},"end":{"line":21,"column":24}},"13":{"start":{"line":27,"column":0},"end":{"line":40,"column":2}},"14":{"start":{"line":28,"column":2},"end":{"line":39,"column":5}},"15":{"start":{"line":29,"column":16},"end":{"line":29,"column":111}},"16":{"start":{"line":30,"column":4},"end":{"line":38,"column":7}},"17":{"start":{"line":31,"column":6},"end":{"line":37,"column":7}},"18":{"start":{"line":32,"column":8},"end":{"line":32,"column":25}},"19":{"start":{"line":33,"column":8},"end":{"line":33,"column":20}},"20":{"start":{"line":35,"column":24},"end":{"line":35,"column":98}},"21":{"start":{"line":35,"column":42},"end":{"line":35,"column":97}},"22":{"start":{"line":36,"column":8},"end":{"line":36,"column":25}},"23":{"start":{"line":42,"column":0},"end":{"line":56,"column":2}},"24":{"start":{"line":43,"column":2},"end":{"line":55,"column":5}},"25":{"start":{"line":44,"column":16},"end":{"line":45,"column":38}},"26":{"start":{"line":46,"column":4},"end":{"line":54,"column":7}},"27":{"start":{"line":47,"column":6},"end":{"line":53,"column":7}},"28":{"start":{"line":48,"column":8},"end":{"line":48,"column":25}},"29":{"start":{"line":49,"column":8},"end":{"line":49,"column":20}},"30":{"start":{"line":51,"column":24},"end":{"line":51,"column":98}},"31":{"start":{"line":51,"column":42},"end":{"line":51,"column":97}},"32":{"start":{"line":52,"column":8},"end":{"line":52,"column":25}}},"fnMap":{"0":{"name":"(anonymous_0)","decl":{"start":{"line":7,"column":24},"end":{"line":7,"column":25}},"loc":{"start":{"line":7,"column":43},"end":{"line":25,"column":1}},"line":7},"1":{"name":"(anonymous_1)","decl":{"start":{"line":8,"column":21},"end":{"line":8,"column":22}},"loc":{"start":{"line":8,"column":42},"end":{"line":24,"column":3}},"line":8},"2":{"name":"(anonymous_2)","decl":{"start":{"line":10,"column":28},"end":{"line":10,"column":29}},"loc":{"start":{"line":10,"column":43},"end":{"line":23,"column":5}},"line":10},"3":{"name":"(anonymous_3)","decl":{"start":{"line":27,"column":28},"end":{"line":27,"column":29}},"loc":{"start":{"line":27,"column":48},"end":{"line":40,"column":1}},"line":27},"4":{"name":"(anonymous_4)","decl":{"start":{"line":28,"column":21},"end":{"line":28,"column":22}},"loc":{"start":{"line":28,"column":42},"end":{"line":39,"column":3}},"line":28},"5":{"name":"(anonymous_5)","decl":{"start":{"line":30,"column":29},"end":{"line":30,"column":30}},"loc":{"start":{"line":30,"column":44},"end":{"line":38,"column":5}},"line":30},"6":{"name":"(anonymous_6)","decl":{"start":{"line":35,"column":33},"end":{"line":35,"column":34}},"loc":{"start":{"line":35,"column":42},"end":{"line":35,"column":97}},"line":35},"7":{"name":"(anonymous_7)","decl":{"start":{"line":42,"column":31},"end":{"line":42,"column":32}},"loc":{"start":{"line":42,"column":51},"end":{"line":56,"column":1}},"line":42},"8":{"name":"(anonymous_8)","decl":{"start":{"line":43,"column":21},"end":{"line":43,"column":22}},"loc":{"start":{"line":43,"column":42},"end":{"line":55,"column":3}},"line":43},"9":{"name":"(anonymous_9)","decl":{"start":{"line":46,"column":29},"end":{"line":46,"column":30}},"loc":{"start":{"line":46,"column":44},"end":{"line":54,"column":5}},"line":46},"10":{"name":"(anonymous_10)","decl":{"start":{"line":51,"column":33},"end":{"line":51,"column":34}},"loc":{"start":{"line":51,"column":42},"end":{"line":51,"column":97}},"line":51}},"branchMap":{"0":{"loc":{"start":{"line":11,"column":6},"end":{"line":22,"column":7}},"type":"if","locations":[{"start":{"line":11,"column":6},"end":{"line":22,"column":7}},{"start":{"line":11,"column":6},"end":{"line":22,"column":7}}],"line":11},"1":{"loc":{"start":{"line":14,"column":13},"end":{"line":22,"column":7}},"type":"if","locations":[{"start":{"line":14,"column":13},"end":{"line":22,"column":7}},{"start":{"line":14,"column":13},"end":{"line":22,"column":7}}],"line":14},"2":{"loc":{"start":{"line":31,"column":6},"end":{"line":37,"column":7}},"type":"if","locations":[{"start":{"line":31,"column":6},"end":{"line":37,"column":7}},{"start":{"line":31,"column":6},"end":{"line":37,"column":7}}],"line":31},"3":{"loc":{"start":{"line":47,"column":6},"end":{"line":53,"column":7}},"type":"if","locations":[{"start":{"line":47,"column":6},"end":{"line":53,"column":7}},{"start":{"line":47,"column":6},"end":{"line":53,"column":7}}],"line":47}},"s":{"0":1,"1":1,"2":1,"3":0,"4":0,"5":0,"6":0,"7":0,"8":0,"9":0,"10":0,"11":0,"12":0,"13":1,"14":0,"15":0,"16":0,"17":0,"18":0,"19":0,"20":0,"21":0,"22":0,"23":1,"24":0,"25":0,"26":0,"27":0,"28":0,"29":0,"30":0,"31":0,"32":0},"f":{"0":0,"1":0,"2":0,"3":0,"4":0,"5":0,"6":0,"7":0,"8":0,"9":0,"10":0},"b":{"0":[0,0],"1":[0,0],"2":[0,0],"3":[0,0]},"_coverageSchema":"1a1c01bbd47fc00a2c39e90264f33305004495a9","hash":"d54423e311ab691d552deb8ffd7aab856a4dfdbf"}
,"/home/gabriele/Scrivania/PULSeBS_Group1/server/service/LecturesService.js": {"path":"/home/gabriele/Scrivania/PULSeBS_Group1/server/service/LecturesService.js","statementMap":{"0":{"start":{"line":3,"column":11},"end":{"line":3,"column":38}},"1":{"start":{"line":4,"column":16},"end":{"line":4,"column":48}},"2":{"start":{"line":6,"column":0},"end":{"line":31,"column":2}},"3":{"start":{"line":7,"column":2},"end":{"line":30,"column":5}},"4":{"start":{"line":8,"column":14},"end":{"line":8,"column":37}},"5":{"start":{"line":9,"column":4},"end":{"line":11,"column":5}},"6":{"start":{"line":10,"column":6},"end":{"line":10,"column":40}},"7":{"start":{"line":12,"column":4},"end":{"line":29,"column":7}},"8":{"start":{"line":13,"column":6},"end":{"line":28,"column":7}},"9":{"start":{"line":14,"column":8},"end":{"line":14,"column":25}},"10":{"start":{"line":15,"column":8},"end":{"line":15,"column":20}},"11":{"start":{"line":17,"column":25},"end":{"line":26,"column":10}},"12":{"start":{"line":17,"column":43},"end":{"line":26,"column":9}},"13":{"start":{"line":27,"column":8},"end":{"line":27,"column":26}},"14":{"start":{"line":33,"column":0},"end":{"line":58,"column":2}},"15":{"start":{"line":34,"column":2},"end":{"line":57,"column":5}},"16":{"start":{"line":35,"column":16},"end":{"line":38,"column":26}},"17":{"start":{"line":39,"column":4},"end":{"line":56,"column":7}},"18":{"start":{"line":40,"column":6},"end":{"line":55,"column":7}},"19":{"start":{"line":41,"column":8},"end":{"line":41,"column":25}},"20":{"start":{"line":42,"column":8},"end":{"line":42,"column":20}},"21":{"start":{"line":44,"column":24},"end":{"line":53,"column":9}},"22":{"start":{"line":54,"column":8},"end":{"line":54,"column":25}},"23":{"start":{"line":60,"column":0},"end":{"line":73,"column":2}},"24":{"start":{"line":61,"column":2},"end":{"line":72,"column":5}},"25":{"start":{"line":62,"column":16},"end":{"line":64,"column":26}},"26":{"start":{"line":65,"column":4},"end":{"line":71,"column":7}},"27":{"start":{"line":66,"column":6},"end":{"line":70,"column":7}},"28":{"start":{"line":67,"column":8},"end":{"line":67,"column":29}},"29":{"start":{"line":69,"column":8},"end":{"line":69,"column":30}}},"fnMap":{"0":{"name":"(anonymous_0)","decl":{"start":{"line":6,"column":22},"end":{"line":6,"column":23}},"loc":{"start":{"line":6,"column":41},"end":{"line":31,"column":1}},"line":6},"1":{"name":"(anonymous_1)","decl":{"start":{"line":7,"column":21},"end":{"line":7,"column":22}},"loc":{"start":{"line":7,"column":42},"end":{"line":30,"column":3}},"line":7},"2":{"name":"(anonymous_2)","decl":{"start":{"line":12,"column":28},"end":{"line":12,"column":29}},"loc":{"start":{"line":12,"column":43},"end":{"line":29,"column":5}},"line":12},"3":{"name":"(anonymous_3)","decl":{"start":{"line":17,"column":34},"end":{"line":17,"column":35}},"loc":{"start":{"line":17,"column":43},"end":{"line":26,"column":9}},"line":17},"4":{"name":"(anonymous_4)","decl":{"start":{"line":33,"column":25},"end":{"line":33,"column":26}},"loc":{"start":{"line":33,"column":45},"end":{"line":58,"column":1}},"line":33},"5":{"name":"(anonymous_5)","decl":{"start":{"line":34,"column":21},"end":{"line":34,"column":22}},"loc":{"start":{"line":34,"column":42},"end":{"line":57,"column":3}},"line":34},"6":{"name":"(anonymous_6)","decl":{"start":{"line":39,"column":29},"end":{"line":39,"column":30}},"loc":{"start":{"line":39,"column":43},"end":{"line":56,"column":5}},"line":39},"7":{"name":"(anonymous_7)","decl":{"start":{"line":60,"column":28},"end":{"line":60,"column":29}},"loc":{"start":{"line":60,"column":48},"end":{"line":73,"column":1}},"line":60},"8":{"name":"(anonymous_8)","decl":{"start":{"line":61,"column":21},"end":{"line":61,"column":22}},"loc":{"start":{"line":61,"column":42},"end":{"line":72,"column":3}},"line":61},"9":{"name":"(anonymous_9)","decl":{"start":{"line":65,"column":29},"end":{"line":65,"column":30}},"loc":{"start":{"line":65,"column":38},"end":{"line":71,"column":5}},"line":65}},"branchMap":{"0":{"loc":{"start":{"line":9,"column":4},"end":{"line":11,"column":5}},"type":"if","locations":[{"start":{"line":9,"column":4},"end":{"line":11,"column":5}},{"start":{"line":9,"column":4},"end":{"line":11,"column":5}}],"line":9},"1":{"loc":{"start":{"line":13,"column":6},"end":{"line":28,"column":7}},"type":"if","locations":[{"start":{"line":13,"column":6},"end":{"line":28,"column":7}},{"start":{"line":13,"column":6},"end":{"line":28,"column":7}}],"line":13},"2":{"loc":{"start":{"line":40,"column":6},"end":{"line":55,"column":7}},"type":"if","locations":[{"start":{"line":40,"column":6},"end":{"line":55,"column":7}},{"start":{"line":40,"column":6},"end":{"line":55,"column":7}}],"line":40},"3":{"loc":{"start":{"line":66,"column":6},"end":{"line":70,"column":7}},"type":"if","locations":[{"start":{"line":66,"column":6},"end":{"line":70,"column":7}},{"start":{"line":66,"column":6},"end":{"line":70,"column":7}}],"line":66}},"s":{"0":1,"1":1,"2":1,"3":0,"4":0,"5":0,"6":0,"7":0,"8":0,"9":0,"10":0,"11":0,"12":0,"13":0,"14":1,"15":0,"16":0,"17":0,"18":0,"19":0,"20":0,"21":0,"22":0,"23":1,"24":0,"25":0,"26":0,"27":0,"28":0,"29":0},"f":{"0":0,"1":0,"2":0,"3":0,"4":0,"5":0,"6":0,"7":0,"8":0,"9":0},"b":{"0":[0,0],"1":[0,0],"2":[0,0],"3":[0,0]},"_coverageSchema":"1a1c01bbd47fc00a2c39e90264f33305004495a9","hash":"1036d7557cc3809b11a2a72333346dcb7324435d"}
,"/home/gabriele/Scrivania/PULSeBS_Group1/server/utils/writer.js": {"path":"/home/gabriele/Scrivania/PULSeBS_Group1/server/utils/writer.js","statementMap":{"0":{"start":{"line":1,"column":22},"end":{"line":4,"column":1}},"1":{"start":{"line":2,"column":2},"end":{"line":2,"column":19}},"2":{"start":{"line":3,"column":2},"end":{"line":3,"column":25}},"3":{"start":{"line":6,"column":0},"end":{"line":8,"column":1}},"4":{"start":{"line":7,"column":2},"end":{"line":7,"column":44}},"5":{"start":{"line":10,"column":16},"end":{"line":44,"column":1}},"6":{"start":{"line":14,"column":2},"end":{"line":17,"column":3}},"7":{"start":{"line":15,"column":4},"end":{"line":15,"column":49}},"8":{"start":{"line":16,"column":4},"end":{"line":16,"column":11}},"9":{"start":{"line":19,"column":2},"end":{"line":26,"column":3}},"10":{"start":{"line":20,"column":4},"end":{"line":20,"column":16}},"11":{"start":{"line":23,"column":4},"end":{"line":25,"column":5}},"12":{"start":{"line":24,"column":6},"end":{"line":24,"column":18}},"13":{"start":{"line":31,"column":2},"end":{"line":33,"column":3}},"14":{"start":{"line":32,"column":4},"end":{"line":32,"column":19}},"15":{"start":{"line":35,"column":2},"end":{"line":38,"column":3}},"16":{"start":{"line":37,"column":4},"end":{"line":37,"column":15}},"17":{"start":{"line":39,"column":2},"end":{"line":41,"column":3}},"18":{"start":{"line":40,"column":4},"end":{"line":40,"column":47}},"19":{"start":{"line":42,"column":2},"end":{"line":42,"column":65}},"20":{"start":{"line":43,"column":2},"end":{"line":43,"column":24}}},"fnMap":{"0":{"name":"(anonymous_0)","decl":{"start":{"line":1,"column":22},"end":{"line":1,"column":23}},"loc":{"start":{"line":1,"column":46},"end":{"line":4,"column":1}},"line":1},"1":{"name":"(anonymous_1)","decl":{"start":{"line":6,"column":26},"end":{"line":6,"column":27}},"loc":{"start":{"line":6,"column":50},"end":{"line":8,"column":1}},"line":6},"2":{"name":"(anonymous_2)","decl":{"start":{"line":10,"column":36},"end":{"line":10,"column":37}},"loc":{"start":{"line":10,"column":67},"end":{"line":44,"column":1}},"line":10}},"branchMap":{"0":{"loc":{"start":{"line":14,"column":2},"end":{"line":17,"column":3}},"type":"if","locations":[{"start":{"line":14,"column":2},"end":{"line":17,"column":3}},{"start":{"line":14,"column":2},"end":{"line":17,"column":3}}],"line":14},"1":{"loc":{"start":{"line":14,"column":5},"end":{"line":14,"column":44}},"type":"binary-expr","locations":[{"start":{"line":14,"column":5},"end":{"line":14,"column":9}},{"start":{"line":14,"column":13},"end":{"line":14,"column":44}}],"line":14},"2":{"loc":{"start":{"line":19,"column":2},"end":{"line":26,"column":3}},"type":"if","locations":[{"start":{"line":19,"column":2},"end":{"line":26,"column":3}},{"start":{"line":19,"column":2},"end":{"line":26,"column":3}}],"line":19},"3":{"loc":{"start":{"line":19,"column":5},"end":{"line":19,"column":35}},"type":"binary-expr","locations":[{"start":{"line":19,"column":5},"end":{"line":19,"column":9}},{"start":{"line":19,"column":13},"end":{"line":19,"column":35}}],"line":19},"4":{"loc":{"start":{"line":23,"column":4},"end":{"line":25,"column":5}},"type":"if","locations":[{"start":{"line":23,"column":4},"end":{"line":25,"column":5}},{"start":{"line":23,"column":4},"end":{"line":25,"column":5}}],"line":23},"5":{"loc":{"start":{"line":23,"column":7},"end":{"line":23,"column":37}},"type":"binary-expr","locations":[{"start":{"line":23,"column":7},"end":{"line":23,"column":11}},{"start":{"line":23,"column":15},"end":{"line":23,"column":37}}],"line":23},"6":{"loc":{"start":{"line":31,"column":2},"end":{"line":33,"column":3}},"type":"if","locations":[{"start":{"line":31,"column":2},"end":{"line":33,"column":3}},{"start":{"line":31,"column":2},"end":{"line":33,"column":3}}],"line":31},"7":{"loc":{"start":{"line":35,"column":2},"end":{"line":38,"column":3}},"type":"if","locations":[{"start":{"line":35,"column":2},"end":{"line":38,"column":3}},{"start":{"line":35,"column":2},"end":{"line":38,"column":3}}],"line":35},"8":{"loc":{"start":{"line":39,"column":2},"end":{"line":41,"column":3}},"type":"if","locations":[{"start":{"line":39,"column":2},"end":{"line":41,"column":3}},{"start":{"line":39,"column":2},"end":{"line":41,"column":3}}],"line":39}},"s":{"0":1,"1":0,"2":0,"3":1,"4":0,"5":1,"6":4,"7":0,"8":0,"9":4,"10":1,"11":3,"12":0,"13":4,"14":4,"15":4,"16":3,"17":4,"18":4,"19":4,"20":3},"f":{"0":0,"1":0,"2":4},"b":{"0":[0,4],"1":[4,4],"2":[1,3],"3":[4,1],"4":[0,3],"5":[3,3],"6":[4,0],"7":[3,1],"8":[4,0]},"_coverageSchema":"1a1c01bbd47fc00a2c39e90264f33305004495a9","hash":"ad1993a287aee043edbf10d4b058c380e055cc8f"}
}
