TN:
SF:components/booking.js
FN:3,(anonymous_0)
FNF:1
FNH:1
FNDA:1,(anonymous_0)
DA:4,1
DA:5,1
DA:9,6
LF:3
LH:3
BRF:0
BRH:0
end_of_record
TN:
SF:components/course.js
FN:3,(anonymous_0)
FNF:1
FNH:1
FNDA:7,(anonymous_0)
DA:4,7
DA:5,7
DA:6,7
DA:10,9
LF:4
LH:4
BRF:0
BRH:0
end_of_record
TN:
SF:components/db.js
FN:9,(anonymous_0)
FN:16,(anonymous_1)
FNF:2
FNH:2
FNDA:2,(anonymous_0)
FNDA:2,(anonymous_1)
DA:3,18
DA:4,18
DA:6,18
DA:7,18
DA:9,18
DA:10,2
DA:12,0
DA:13,0
DA:16,2
DA:17,2
DA:18,0
DA:23,18
LF:12
LH:9
BRDA:10,0,0,0
BRDA:10,0,1,2
BRDA:17,1,0,0
BRDA:17,1,1,2
BRF:4
BRH:2
end_of_record
TN:
SF:components/lecture.js
FN:4,(anonymous_0)
FNF:1
FNH:1
FNDA:21,(anonymous_0)
DA:5,21
DA:6,21
DA:7,21
DA:8,21
DA:9,21
DA:10,21
DA:11,21
DA:12,20
DA:14,21
DA:15,19
DA:20,8
LF:11
LH:11
BRDA:11,0,0,20
BRDA:11,0,1,1
BRDA:14,1,0,19
BRDA:14,1,1,2
BRF:4
BRH:4
end_of_record
TN:
SF:components/user.js
FN:3,(anonymous_0)
FNF:1
FNH:1
FNDA:16,(anonymous_0)
DA:4,16
DA:5,16
DA:6,16
DA:7,16
DA:8,16
DA:9,3
DA:14,8
LF:7
LH:7
BRDA:8,0,0,3
BRDA:8,0,1,13
BRF:2
BRH:2
end_of_record
TN:
SF:controllers/Bookings.js
FN:13,(anonymous_0)
FN:21,(anonymous_1)
FN:32,apiBookingsGET
FN:42,apiBookingsPOST
FN:76,apiBookingsDelete
FN:90,apiBookingToWaitingListPOST
FN:105,apiBookingsWaitingListGET
FNF:7
FNH:7
FNDA:2,(anonymous_0)
FNDA:2,(anonymous_1)
FNDA:3,apiBookingsGET
FNDA:5,apiBookingsPOST
FNDA:3,apiBookingsDelete
FNDA:4,apiBookingToWaitingListPOST
FNDA:3,apiBookingsWaitingListGET
DA:4,1
DA:5,1
DA:6,1
DA:7,1
DA:8,1
DA:9,1
DA:10,1
DA:13,1
DA:14,2
DA:15,2
DA:16,1
DA:18,1
DA:21,1
DA:22,2
DA:24,2
DA:25,1
DA:29,1
DA:32,1
DA:33,3
DA:36,3
DA:37,3
DA:38,2
DA:39,1
DA:42,1
DA:43,5
DA:46,5
DA:47,5
DA:48,4
DA:50,3
DA:51,3
DA:52,1
DA:54,2
DA:55,2
DA:59,1
DA:60,1
DA:62,1
DA:67,1
DA:68,1
DA:69,1
DA:76,1
DA:79,3
DA:80,3
DA:81,2
DA:82,2
DA:84,1
DA:85,1
DA:87,2
DA:90,1
DA:93,4
DA:94,4
DA:95,3
DA:96,2
DA:98,2
DA:99,1
DA:101,1
DA:105,1
DA:106,3
DA:109,3
DA:110,3
DA:111,2
DA:112,1
LF:61
LH:61
BRDA:15,0,0,1
BRDA:15,0,1,1
BRDA:24,1,0,1
BRDA:24,1,1,1
BRDA:37,2,0,1
BRDA:37,2,1,2
BRDA:38,3,0,1
BRDA:38,3,1,1
BRDA:38,4,0,2
BRDA:38,4,1,2
BRDA:47,5,0,1
BRDA:47,5,1,4
BRDA:48,6,0,1
BRDA:48,6,1,3
BRDA:48,7,0,4
BRDA:48,7,1,3
BRDA:51,8,0,1
BRDA:51,8,1,2
BRDA:55,9,0,1
BRDA:55,9,1,1
BRDA:60,10,0,0
BRDA:60,10,1,1
BRDA:68,11,0,0
BRDA:68,11,1,1
BRDA:80,12,0,1
BRDA:80,12,1,2
BRDA:82,13,0,1
BRDA:82,13,1,1
BRDA:82,14,0,2
BRDA:82,14,1,2
BRDA:85,15,0,0
BRDA:85,15,1,1
BRDA:94,16,0,1
BRDA:94,16,1,3
BRDA:95,17,0,2
BRDA:95,17,1,1
BRDA:95,18,0,3
BRDA:95,18,1,3
BRDA:98,19,0,1
BRDA:98,19,1,1
BRDA:106,20,0,3
BRDA:106,20,1,3
BRDA:110,21,0,1
BRDA:110,21,1,2
BRDA:111,22,0,1
BRDA:111,22,1,1
BRDA:111,23,0,2
BRDA:111,23,1,2
BRF:48
BRH:45
end_of_record
TN:
SF:controllers/Course.js
FN:11,apiCoursesIdGET
FN:24,(anonymous_1)
FN:37,(anonymous_2)
FN:47,(anonymous_3)
FN:57,(anonymous_4)
FNF:5
FNH:5
FNDA:3,apiCoursesIdGET
FNDA:3,(anonymous_1)
FNDA:3,(anonymous_2)
FNDA:4,(anonymous_3)
FNDA:4,(anonymous_4)
DA:4,1
DA:5,1
DA:6,1
DA:7,1
DA:9,1
DA:11,1
DA:12,3
DA:15,3
DA:16,3
DA:17,1
DA:20,2
DA:21,1
DA:24,1
DA:25,3
DA:28,3
DA:29,3
DA:30,1
DA:33,2
DA:34,1
DA:37,1
DA:38,3
DA:41,3
DA:42,3
DA:43,2
DA:44,1
DA:47,1
DA:48,4
DA:53,4
DA:54,4
DA:55,3
DA:56,2
DA:58,4
DA:59,4
DA:60,2
DA:62,2
DA:63,1
LF:36
LH:36
BRDA:16,0,0,1
BRDA:16,0,1,2
BRDA:20,1,0,1
BRDA:20,1,1,1
BRDA:20,2,0,2
BRDA:20,2,1,2
BRDA:29,3,0,1
BRDA:29,3,1,2
BRDA:33,4,0,1
BRDA:33,4,1,1
BRDA:33,5,0,2
BRDA:33,5,1,2
BRDA:38,6,0,3
BRDA:38,6,1,3
BRDA:42,7,0,1
BRDA:42,7,1,2
BRDA:43,8,0,1
BRDA:43,8,1,1
BRDA:43,9,0,2
BRDA:43,9,1,2
BRDA:54,10,0,1
BRDA:54,10,1,3
BRDA:55,11,0,1
BRDA:55,11,1,2
BRDA:55,12,0,3
BRDA:55,12,1,3
BRDA:59,13,0,2
BRDA:59,13,1,2
BRDA:62,14,0,1
BRDA:62,14,1,1
BRF:30
BRH:30
end_of_record
TN:
SF:controllers/Email.js
FN:19,sendEmail
FN:40,(anonymous_1)
FN:41,(anonymous_2)
FN:60,sendEmailByUserId
FN:72,sendEmailByLectureId
FNF:5
FNH:5
FNDA:4,sendEmail
FNDA:3,(anonymous_1)
FNDA:3,(anonymous_2)
FNDA:2,sendEmailByUserId
FNDA:1,sendEmailByLectureId
DA:2,3
DA:3,3
DA:4,3
DA:20,4
DA:27,3
DA:32,3
DA:40,3
DA:41,3
DA:42,3
DA:43,0
DA:44,0
DA:51,3
DA:56,1
DA:61,2
DA:63,2
DA:73,1
DA:74,1
DA:75,2
DA:79,3
LF:19
LH:17
BRDA:20,0,0,3
BRDA:20,0,1,1
BRDA:21,1,0,4
BRDA:21,1,1,4
BRDA:21,1,2,3
BRDA:21,1,3,3
BRDA:21,1,4,3
BRDA:42,2,0,0
BRDA:42,2,1,3
BRF:9
BRH:8
end_of_record
TN:
SF:controllers/Lectures.js
FN:14,(anonymous_0)
FN:22,apiLecturesGET
FN:32,apiTeacherLecturesGET
FN:43,(anonymous_3)
FN:54,apiLecturesIdDELETE
FN:92,apiOnlineLectureGET
FN:134,(anonymous_6)
FN:138,(anonymous_7)
FNF:8
FNH:8
FNDA:1,(anonymous_0)
FNDA:4,apiLecturesGET
FNDA:5,apiTeacherLecturesGET
FNDA:3,(anonymous_3)
FNDA:5,apiLecturesIdDELETE
FNDA:2,apiOnlineLectureGET
FNDA:5,(anonymous_6)
FNDA:12,(anonymous_7)
DA:4,1
DA:5,1
DA:7,1
DA:8,1
DA:9,1
DA:10,1
DA:11,1
DA:12,1
DA:14,1
DA:15,1
DA:16,1
DA:17,0
DA:19,1
DA:22,1
DA:23,4
DA:26,4
DA:27,4
DA:28,3
DA:29,2
DA:32,1
DA:34,5
DA:39,5
DA:40,5
DA:41,4
DA:43,3
DA:44,3
DA:47,3
DA:49,2
DA:51,1
DA:54,1
DA:55,5
DA:60,5
DA:62,5
DA:64,4
DA:66,3
DA:67,3
DA:68,3
DA:70,3
DA:72,2
DA:73,2
DA:75,2
DA:81,2
DA:83,2
DA:85,1
DA:88,1
DA:92,1
DA:93,2
DA:98,2
DA:100,2
DA:102,2
DA:103,2
DA:105,2
DA:106,2
DA:107,2
DA:109,2
DA:111,1
DA:113,1
DA:117,1
DA:118,1
DA:120,1
DA:127,1
DA:130,1
DA:134,1
DA:135,5
DA:136,5
DA:138,4
DA:139,12
DA:140,12
DA:142,4
DA:143,4
DA:146,3
DA:147,3
DA:149,2
DA:156,2
DA:157,2
DA:158,1
DA:160,4
LF:77
LH:76
BRDA:16,0,0,0
BRDA:16,0,1,1
BRDA:27,1,0,1
BRDA:27,1,1,3
BRDA:28,2,0,1
BRDA:28,2,1,2
BRDA:28,3,0,3
BRDA:28,3,1,3
BRDA:34,4,0,5
BRDA:34,4,1,5
BRDA:40,5,0,1
BRDA:40,5,1,4
BRDA:41,6,0,1
BRDA:41,6,1,3
BRDA:41,7,0,4
BRDA:41,7,1,4
BRDA:47,8,0,1
BRDA:47,8,1,2
BRDA:49,9,0,1
BRDA:49,9,1,1
BRDA:49,10,0,2
BRDA:49,10,1,2
BRDA:62,11,0,1
BRDA:62,11,1,4
BRDA:64,12,0,1
BRDA:64,12,1,3
BRDA:70,13,0,2
BRDA:70,13,1,1
BRDA:73,14,0,0
BRDA:73,14,1,2
BRDA:83,15,0,1
BRDA:83,15,1,1
BRDA:100,16,0,0
BRDA:100,16,1,2
BRDA:102,17,0,0
BRDA:102,17,1,2
BRDA:103,18,0,0
BRDA:103,18,1,2
BRDA:109,19,0,1
BRDA:109,19,1,1
BRDA:113,20,0,0
BRDA:113,20,1,1
BRDA:118,21,0,0
BRDA:118,21,1,1
BRDA:136,22,0,1
BRDA:136,22,1,4
BRDA:140,23,0,8
BRDA:140,23,1,4
BRDA:143,24,0,1
BRDA:143,24,1,3
BRDA:147,25,0,1
BRDA:147,25,1,2
BRDA:157,26,0,1
BRDA:157,26,1,1
BRF:54
BRH:47
end_of_record
TN:
SF:controllers/Parser.js
FN:12,parseCSV
FN:13,(anonymous_1)
FN:17,(anonymous_2)
FN:18,(anonymous_3)
FN:21,(anonymous_4)
FN:28,createLectures
FNF:6
FNH:3
FNDA:1,parseCSV
FNDA:1,(anonymous_1)
FNDA:0,(anonymous_2)
FNDA:0,(anonymous_3)
FNDA:0,(anonymous_4)
FNDA:2,createLectures
DA:1,2
DA:2,2
DA:3,2
DA:4,2
DA:6,2
DA:7,2
DA:9,2
DA:10,2
DA:12,2
DA:13,1
DA:14,1
DA:15,1
DA:17,0
DA:19,0
DA:20,0
DA:22,0
DA:23,0
DA:28,2
DA:30,2
DA:31,8
DA:34,2
DA:35,2
DA:36,2
DA:37,2
DA:40,2
DA:41,2
DA:44,1
DA:45,1
DA:46,17
DA:47,17
DA:48,17
DA:49,17
DA:51,1
LF:33
LH:28
BRDA:41,0,0,1
BRDA:41,0,1,1
BRF:2
BRH:2
end_of_record
TN:
SF:controllers/Uploads.js
FN:14,(anonymous_0)
FN:22,(anonymous_1)
FN:25,(anonymous_2)
FN:34,(anonymous_3)
FN:44,(anonymous_4)
FN:47,(anonymous_5)
FN:56,(anonymous_6)
FN:64,(anonymous_7)
FN:67,(anonymous_8)
FN:76,(anonymous_9)
FN:84,(anonymous_10)
FN:87,(anonymous_11)
FN:96,(anonymous_12)
FN:104,(anonymous_13)
FN:107,(anonymous_14)
FN:107,(anonymous_15)
FN:110,(anonymous_16)
FN:113,(anonymous_17)
FNF:18
FNH:18
FNDA:3,(anonymous_0)
FNDA:6,(anonymous_1)
FNDA:6,(anonymous_2)
FNDA:3,(anonymous_3)
FNDA:6,(anonymous_4)
FNDA:6,(anonymous_5)
FNDA:3,(anonymous_6)
FNDA:6,(anonymous_7)
FNDA:6,(anonymous_8)
FNDA:3,(anonymous_9)
FNDA:6,(anonymous_10)
FNDA:6,(anonymous_11)
FNDA:3,(anonymous_12)
FNDA:6,(anonymous_13)
FNDA:6,(anonymous_14)
FNDA:6,(anonymous_15)
FNDA:12,(anonymous_16)
FNDA:12,(anonymous_17)
DA:1,1
DA:2,1
DA:4,1
DA:6,1
DA:7,1
DA:9,1
DA:10,1
DA:12,1
DA:14,1
DA:15,3
DA:17,3
DA:18,3
DA:22,6
DA:23,2
DA:25,6
DA:26,2
DA:28,1
DA:31,1
DA:34,1
DA:35,3
DA:37,3
DA:38,3
DA:44,6
DA:45,2
DA:47,6
DA:48,2
DA:50,1
DA:53,1
DA:56,1
DA:57,3
DA:59,3
DA:60,3
DA:64,6
DA:65,2
DA:67,6
DA:68,2
DA:70,1
DA:73,1
DA:76,1
DA:77,3
DA:79,3
DA:80,3
DA:84,6
DA:85,2
DA:87,6
DA:88,2
DA:90,1
DA:93,1
DA:96,1
DA:97,3
DA:99,3
DA:100,3
DA:104,6
DA:105,2
DA:107,6
DA:110,12
DA:111,2
DA:113,12
DA:114,2
DA:116,1
DA:119,1
LF:61
LH:61
BRDA:18,0,0,1
BRDA:18,0,1,2
BRDA:23,1,0,0
BRDA:23,1,1,2
BRDA:26,2,0,1
BRDA:26,2,1,1
BRDA:38,3,0,1
BRDA:38,3,1,2
BRDA:45,4,0,0
BRDA:45,4,1,2
BRDA:48,5,0,1
BRDA:48,5,1,1
BRDA:60,6,0,1
BRDA:60,6,1,2
BRDA:65,7,0,0
BRDA:65,7,1,2
BRDA:68,8,0,1
BRDA:68,8,1,1
BRDA:80,9,0,1
BRDA:80,9,1,2
BRDA:85,10,0,0
BRDA:85,10,1,2
BRDA:88,11,0,1
BRDA:88,11,1,1
BRDA:100,12,0,1
BRDA:100,12,1,2
BRDA:105,13,0,0
BRDA:105,13,1,2
BRDA:111,14,0,0
BRDA:111,14,1,2
BRDA:114,15,0,1
BRDA:114,15,1,1
BRF:32
BRH:26
end_of_record
TN:
SF:service/AuthenticationService.js
FN:7,(anonymous_0)
FN:8,(anonymous_1)
FN:25,(anonymous_2)
FN:38,(anonymous_3)
FN:46,(anonymous_4)
FN:47,(anonymous_5)
FN:50,(anonymous_6)
FN:54,(anonymous_7)
FN:55,(anonymous_8)
FN:58,(anonymous_9)
FNF:10
FNH:4
FNDA:4,(anonymous_0)
FNDA:4,(anonymous_1)
FNDA:2,(anonymous_2)
FNDA:1,(anonymous_3)
FNDA:0,(anonymous_4)
FNDA:0,(anonymous_5)
FNDA:0,(anonymous_6)
FNDA:0,(anonymous_7)
FNDA:0,(anonymous_8)
FNDA:0,(anonymous_9)
DA:3,6
DA:4,6
DA:5,6
DA:7,6
DA:8,4
DA:9,4
DA:25,4
DA:26,2
DA:27,0
DA:28,2
DA:29,0
DA:31,2
DA:32,2
DA:38,6
DA:39,1
DA:40,1
DA:41,1
DA:42,1
DA:43,1
DA:46,6
DA:47,0
DA:48,0
DA:49,0
DA:50,0
DA:54,6
DA:55,0
DA:56,0
DA:57,0
DA:58,0
LF:29
LH:19
BRDA:26,0,0,0
BRDA:26,0,1,2
BRDA:28,1,0,0
BRDA:28,1,1,2
BRDA:28,2,0,2
BRDA:28,2,1,2
BRDA:50,3,0,0
BRDA:50,3,1,0
BRDA:58,4,0,0
BRDA:58,4,1,0
BRF:10
BRH:4
end_of_record
TN:
SF:service/BookingsService.js
FN:9,(anonymous_0)
FN:10,(anonymous_1)
FN:45,(anonymous_2)
FN:106,(anonymous_3)
FN:107,(anonymous_4)
FN:140,(anonymous_5)
FN:152,(anonymous_6)
FN:153,(anonymous_7)
FN:158,(anonymous_8)
FN:163,(anonymous_9)
FN:177,(anonymous_10)
FN:178,(anonymous_11)
FN:182,(anonymous_12)
FN:192,(anonymous_13)
FN:193,(anonymous_14)
FN:196,(anonymous_15)
FN:204,(anonymous_16)
FN:205,(anonymous_17)
FN:208,(anonymous_18)
FN:222,(anonymous_19)
FN:223,(anonymous_20)
FN:226,(anonymous_21)
FN:233,(anonymous_22)
FN:241,(anonymous_23)
FN:242,(anonymous_24)
FN:245,(anonymous_25)
FN:251,(anonymous_26)
FN:252,(anonymous_27)
FN:255,(anonymous_28)
FN:261,(anonymous_29)
FN:262,(anonymous_30)
FN:270,(anonymous_31)
FNF:32
FNH:10
FNDA:1,(anonymous_0)
FNDA:1,(anonymous_1)
FNDA:0,(anonymous_2)
FNDA:1,(anonymous_3)
FNDA:1,(anonymous_4)
FNDA:0,(anonymous_5)
FNDA:2,(anonymous_6)
FNDA:2,(anonymous_7)
FNDA:0,(anonymous_8)
FNDA:0,(anonymous_9)
FNDA:1,(anonymous_10)
FNDA:1,(anonymous_11)
FNDA:0,(anonymous_12)
FNDA:1,(anonymous_13)
FNDA:1,(anonymous_14)
FNDA:0,(anonymous_15)
FNDA:0,(anonymous_16)
FNDA:0,(anonymous_17)
FNDA:0,(anonymous_18)
FNDA:0,(anonymous_19)
FNDA:0,(anonymous_20)
FNDA:0,(anonymous_21)
FNDA:0,(anonymous_22)
FNDA:0,(anonymous_23)
FNDA:0,(anonymous_24)
FNDA:0,(anonymous_25)
FNDA:0,(anonymous_26)
FNDA:0,(anonymous_27)
FNDA:0,(anonymous_28)
FNDA:0,(anonymous_29)
FNDA:0,(anonymous_30)
FNDA:0,(anonymous_31)
DA:5,5
DA:6,5
DA:9,5
DA:10,1
DA:11,1
DA:37,1
DA:38,1
DA:40,1
DA:41,1
DA:43,1
DA:45,1
DA:46,0
DA:47,0
DA:48,0
DA:50,0
DA:51,0
DA:106,5
DA:107,1
DA:108,1
DA:132,1
DA:133,1
DA:135,1
DA:136,1
DA:138,1
DA:140,1
DA:141,0
DA:142,0
DA:143,0
DA:145,0
DA:146,0
DA:152,5
DA:153,2
DA:154,2
DA:155,2
DA:156,1
DA:158,2
DA:159,0
DA:160,0
DA:161,0
DA:163,0
DA:164,0
DA:177,5
DA:178,1
DA:180,1
DA:181,1
DA:183,0
DA:192,5
DA:193,1
DA:194,1
DA:195,1
DA:197,0
DA:204,5
DA:205,0
DA:206,0
DA:208,0
DA:209,0
DA:210,0
DA:212,0
DA:213,0
DA:215,0
DA:222,5
DA:223,0
DA:224,0
DA:226,0
DA:227,0
DA:228,0
DA:230,0
DA:231,0
DA:233,0
DA:234,0
DA:241,5
DA:242,0
DA:243,0
DA:244,0
DA:246,0
DA:251,5
DA:252,0
DA:253,0
DA:255,0
DA:256,0
DA:261,5
DA:262,0
DA:263,0
DA:270,0
DA:271,0
DA:272,0
DA:274,0
DA:275,0
DA:277,0
LF:89
LH:39
BRDA:37,0,0,1
BRDA:37,0,1,0
BRDA:40,1,0,1
BRDA:40,1,1,0
BRDA:43,2,0,1
BRDA:43,2,1,0
BRDA:46,3,0,0
BRDA:46,3,1,0
BRDA:132,4,0,1
BRDA:132,4,1,0
BRDA:135,5,0,1
BRDA:135,5,1,0
BRDA:138,6,0,1
BRDA:138,6,1,0
BRDA:141,7,0,0
BRDA:141,7,1,0
BRDA:155,8,0,1
BRDA:155,8,1,1
BRDA:159,9,0,0
BRDA:159,9,1,0
BRDA:183,10,0,0
BRDA:183,10,1,0
BRDA:197,11,0,0
BRDA:197,11,1,0
BRDA:209,12,0,0
BRDA:209,12,1,0
BRDA:212,13,0,0
BRDA:212,13,1,0
BRDA:212,14,0,0
BRDA:212,14,1,0
BRDA:227,15,0,0
BRDA:227,15,1,0
BRDA:230,16,0,0
BRDA:230,16,1,0
BRDA:230,17,0,0
BRDA:230,17,1,0
BRDA:246,18,0,0
BRDA:246,18,1,0
BRDA:256,19,0,0
BRDA:256,19,1,0
BRDA:271,20,0,0
BRDA:271,20,1,0
BRDA:274,21,0,0
BRDA:274,21,1,0
BRDA:274,22,0,0
BRDA:274,22,1,0
BRF:46
BRH:8
end_of_record
TN:
SF:service/CourseService.js
FN:7,(anonymous_0)
FN:8,(anonymous_1)
FN:10,(anonymous_2)
FN:27,(anonymous_3)
FN:28,(anonymous_4)
FN:30,(anonymous_5)
FN:35,(anonymous_6)
FN:42,(anonymous_7)
FN:43,(anonymous_8)
FN:46,(anonymous_9)
FN:51,(anonymous_10)
FN:58,(anonymous_11)
FN:59,(anonymous_12)
FN:62,(anonymous_13)
FN:66,(anonymous_14)
FN:67,(anonymous_15)
FN:70,(anonymous_16)
FNF:17
FNH:6
FNDA:2,(anonymous_0)
FNDA:2,(anonymous_1)
FNDA:0,(anonymous_2)
FNDA:1,(anonymous_3)
FNDA:1,(anonymous_4)
FNDA:0,(anonymous_5)
FNDA:0,(anonymous_6)
FNDA:1,(anonymous_7)
FNDA:1,(anonymous_8)
FNDA:0,(anonymous_9)
FNDA:0,(anonymous_10)
FNDA:0,(anonymous_11)
FNDA:0,(anonymous_12)
FNDA:0,(anonymous_13)
FNDA:0,(anonymous_14)
FNDA:0,(anonymous_15)
FNDA:0,(anonymous_16)
DA:4,6
DA:5,6
DA:7,6
DA:8,2
DA:9,2
DA:10,2
DA:11,0
DA:12,0
DA:13,0
DA:14,0
DA:15,0
DA:17,0
DA:21,0
DA:27,6
DA:28,1
DA:29,1
DA:30,1
DA:31,0
DA:32,0
DA:33,0
DA:35,0
DA:36,0
DA:42,6
DA:43,1
DA:44,1
DA:46,1
DA:47,0
DA:48,0
DA:49,0
DA:51,0
DA:52,0
DA:58,6
DA:59,0
DA:60,0
DA:61,0
DA:62,0
DA:66,6
DA:67,0
DA:68,0
DA:69,0
DA:70,0
LF:41
LH:16
BRDA:11,0,0,0
BRDA:11,0,1,0
BRDA:14,1,0,0
BRDA:14,1,1,0
BRDA:31,2,0,0
BRDA:31,2,1,0
BRDA:47,3,0,0
BRDA:47,3,1,0
BRDA:62,4,0,0
BRDA:62,4,1,0
BRDA:70,5,0,0
BRDA:70,5,1,0
BRF:12
BRH:0
end_of_record
TN:
SF:service/LecturesService.js
FN:8,(anonymous_0)
FN:9,(anonymous_1)
FN:27,(anonymous_2)
FN:40,(anonymous_3)
FN:41,(anonymous_4)
FN:46,(anonymous_5)
FN:51,(anonymous_6)
FN:67,(anonymous_7)
FN:68,(anonymous_8)
FN:73,(anonymous_9)
FN:94,(anonymous_10)
FN:95,(anonymous_11)
FN:99,(anonymous_12)
FN:109,(anonymous_13)
FN:110,(anonymous_14)
FN:115,(anonymous_15)
FN:125,(anonymous_16)
FN:126,(anonymous_17)
FN:129,(anonymous_18)
FNF:19
FNH:8
FNDA:1,(anonymous_0)
FNDA:1,(anonymous_1)
FNDA:0,(anonymous_2)
FNDA:2,(anonymous_3)
FNDA:2,(anonymous_4)
FNDA:0,(anonymous_5)
FNDA:0,(anonymous_6)
FNDA:1,(anonymous_7)
FNDA:1,(anonymous_8)
FNDA:0,(anonymous_9)
FNDA:1,(anonymous_10)
FNDA:1,(anonymous_11)
FNDA:0,(anonymous_12)
FNDA:0,(anonymous_13)
FNDA:0,(anonymous_14)
FNDA:0,(anonymous_15)
FNDA:0,(anonymous_16)
FNDA:0,(anonymous_17)
FNDA:0,(anonymous_18)
DA:4,5
DA:5,5
DA:8,5
DA:9,1
DA:10,1
DA:19,1
DA:20,1
DA:22,1
DA:23,1
DA:25,1
DA:27,1
DA:28,0
DA:29,0
DA:30,0
DA:32,0
DA:40,5
DA:41,2
DA:42,2
DA:43,2
DA:44,1
DA:46,2
DA:47,0
DA:48,0
DA:49,0
DA:51,0
DA:61,0
DA:67,5
DA:68,1
DA:69,1
DA:73,1
DA:74,0
DA:75,0
DA:76,0
DA:78,0
DA:88,0
DA:94,5
DA:95,1
DA:96,1
DA:99,1
DA:100,0
DA:101,0
DA:103,0
DA:109,5
DA:110,0
DA:111,0
DA:115,0
DA:116,0
DA:117,0
DA:119,0
DA:125,5
DA:126,0
DA:127,0
DA:128,0
DA:129,0
LF:54
LH:27
BRDA:19,0,0,1
BRDA:19,0,1,0
BRDA:22,1,0,1
BRDA:22,1,1,0
BRDA:25,2,0,1
BRDA:25,2,1,0
BRDA:28,3,0,0
BRDA:28,3,1,0
BRDA:43,4,0,1
BRDA:43,4,1,1
BRDA:47,5,0,0
BRDA:47,5,1,0
BRDA:74,6,0,0
BRDA:74,6,1,0
BRDA:100,7,0,0
BRDA:100,7,1,0
BRDA:116,8,0,0
BRDA:116,8,1,0
BRDA:129,9,0,0
BRDA:129,9,1,0
BRF:20
BRH:5
end_of_record
TN:
SF:utils/writer.js
FN:1,(anonymous_0)
FN:6,(anonymous_1)
FN:10,(anonymous_2)
FNF:3
FNH:1
FNDA:0,(anonymous_0)
FNDA:0,(anonymous_1)
FNDA:67,(anonymous_2)
DA:1,4
DA:2,0
DA:3,0
DA:6,4
DA:7,0
DA:10,4
DA:14,67
DA:15,0
DA:16,0
DA:19,67
DA:20,53
DA:23,14
DA:24,0
DA:31,67
DA:32,67
DA:35,67
DA:37,14
DA:39,67
DA:40,66
DA:42,67
DA:43,67
LF:21
LH:15
BRDA:14,0,0,0
BRDA:14,0,1,67
BRDA:14,1,0,67
BRDA:14,1,1,67
BRDA:19,2,0,53
BRDA:19,2,1,14
BRDA:19,3,0,67
BRDA:19,3,1,53
BRDA:23,4,0,0
BRDA:23,4,1,14
BRDA:23,5,0,14
BRDA:23,5,1,14
BRDA:31,6,0,67
BRDA:31,6,1,0
BRDA:35,7,0,14
BRDA:35,7,1,53
BRDA:39,8,0,66
BRDA:39,8,1,1
BRF:18
BRH:15
end_of_record
