TN:
SF:components\booking.js
FN:2,(anonymous_0)
FNF:1
FNH:1
FNDA:1,(anonymous_0)
DA:3,1
DA:4,1
DA:8,5
LF:3
LH:3
BRF:0
BRH:0
end_of_record
TN:
SF:components\course.js
FN:2,(anonymous_0)
FNF:1
FNH:1
FNDA:1,(anonymous_0)
DA:3,1
DA:4,1
DA:5,1
DA:9,5
LF:4
LH:4
BRF:0
BRH:0
end_of_record
TN:
SF:components\db.js
FN:9,(anonymous_0)
FN:16,(anonymous_1)
FNF:2
FNH:2
FNDA:2,(anonymous_0)
FNDA:2,(anonymous_1)
DA:3,11
DA:4,11
DA:6,11
DA:7,11
DA:9,11
DA:10,2
DA:12,0
DA:13,0
DA:16,2
DA:17,2
DA:18,0
DA:23,11
LF:12
LH:9
BRDA:10,0,0,0
BRDA:10,0,1,2
BRDA:17,1,0,0
BRDA:17,1,1,2
BRF:4
BRH:2
end_of_record
TN:
SF:components\lecture.js
FN:4,(anonymous_0)
FNF:1
FNH:1
FNDA:3,(anonymous_0)
DA:5,3
DA:6,3
DA:7,3
DA:8,3
DA:9,3
DA:10,3
DA:11,3
DA:12,2
DA:14,3
DA:15,1
DA:20,4
LF:11
LH:11
BRDA:11,0,0,2
BRDA:11,0,1,1
BRDA:14,1,0,1
BRDA:14,1,1,2
BRF:4
BRH:4
end_of_record
TN:
SF:components\user.js
FN:2,(anonymous_0)
FNF:1
FNH:1
FNDA:4,(anonymous_0)
DA:3,4
DA:4,4
DA:5,4
DA:6,4
DA:7,4
DA:8,3
DA:12,6
LF:7
LH:7
BRDA:7,0,0,3
BRDA:7,0,1,1
BRF:2
BRH:2
end_of_record
TN:
SF:controllers\Bookings.js
FN:11,apiBookingsGET
FN:21,apiBookingsPOST
FN:51,apiBookingsDelete
FNF:3
FNH:3
FNDA:3,apiBookingsGET
FNDA:5,apiBookingsPOST
FNDA:2,apiBookingsDelete
DA:4,1
DA:5,1
DA:6,1
DA:7,1
DA:8,1
DA:9,1
DA:11,1
DA:12,3
DA:15,3
DA:16,3
DA:17,2
DA:18,1
DA:21,1
DA:22,5
DA:26,5
DA:27,5
DA:28,4
DA:30,3
DA:31,3
DA:32,1
DA:34,2
DA:35,2
DA:38,1
DA:43,1
DA:44,1
DA:45,1
DA:51,1
DA:54,2
DA:55,2
DA:56,1
LF:30
LH:30
BRDA:16,0,0,1
BRDA:16,0,1,2
BRDA:17,1,0,1
BRDA:17,1,1,1
BRDA:17,2,0,2
BRDA:17,2,1,2
BRDA:27,3,0,1
BRDA:27,3,1,4
BRDA:28,4,0,1
BRDA:28,4,1,3
BRDA:28,5,0,4
BRDA:28,5,1,3
BRDA:31,6,0,1
BRDA:31,6,1,2
BRDA:35,7,0,1
BRDA:35,7,1,1
BRDA:44,8,0,0
BRDA:44,8,1,1
BRDA:55,9,0,1
BRDA:55,9,1,1
BRF:20
BRH:19
end_of_record
TN:
SF:controllers\Course.js
FN:8,apiCoursesIdGET
FN:21,(anonymous_1)
FNF:2
FNH:2
FNDA:3,apiCoursesIdGET
FNDA:3,(anonymous_1)
DA:4,1
DA:5,1
DA:6,1
DA:8,1
DA:9,3
DA:12,3
DA:13,3
DA:14,1
DA:17,2
DA:18,1
DA:21,1
DA:22,3
DA:25,3
DA:26,3
DA:27,1
DA:30,2
DA:31,1
LF:17
LH:17
BRDA:13,0,0,1
BRDA:13,0,1,2
BRDA:17,1,0,1
BRDA:17,1,1,1
BRDA:17,2,0,2
BRDA:17,2,1,2
BRDA:26,3,0,1
BRDA:26,3,1,2
BRDA:30,4,0,1
BRDA:30,4,1,1
BRDA:30,5,0,2
BRDA:30,5,1,2
BRF:12
BRH:12
end_of_record
TN:
SF:controllers\Email.js
FN:19,sendEmail
FN:40,(anonymous_1)
FN:41,(anonymous_2)
FN:60,sendEmailByUserId
FN:72,sendEmailByLectureId
FNF:5
FNH:5
FNDA:4,sendEmail
FNDA:3,(anonymous_1)
FNDA:3,(anonymous_2)
FNDA:2,sendEmailByUserId
FNDA:1,sendEmailByLectureId
DA:2,3
DA:3,3
DA:4,3
DA:20,4
DA:27,3
DA:32,3
DA:40,3
DA:41,3
DA:42,3
DA:43,0
DA:44,0
DA:51,3
DA:56,1
DA:61,2
DA:63,2
DA:73,1
DA:74,1
DA:75,2
DA:79,3
LF:19
LH:17
BRDA:20,0,0,3
BRDA:20,0,1,1
BRDA:21,1,0,4
BRDA:21,1,1,4
BRDA:21,1,2,3
BRDA:21,1,3,3
BRDA:21,1,4,3
BRDA:42,2,0,0
BRDA:42,2,1,3
BRF:9
BRH:8
end_of_record
TN:
SF:controllers\Lectures.js
FN:14,apiLecturesGET
FN:24,apiTeacherLecturesGET
FN:35,(anonymous_2)
FN:46,apiLecturesIdDELETE
FN:80,apiOnlineLectureGET
FN:118,(anonymous_5)
FN:122,(anonymous_6)
FNF:7
FNH:7
FNDA:4,apiLecturesGET
FNDA:5,apiTeacherLecturesGET
FNDA:3,(anonymous_2)
FNDA:5,apiLecturesIdDELETE
FNDA:2,apiOnlineLectureGET
FNDA:4,(anonymous_5)
FNDA:9,(anonymous_6)
DA:4,1
DA:5,1
DA:7,1
DA:8,1
DA:9,1
DA:10,1
DA:11,1
DA:12,1
DA:14,1
DA:15,4
DA:18,4
DA:19,4
DA:20,3
DA:21,2
DA:24,1
DA:26,5
DA:31,5
DA:32,5
DA:33,4
DA:35,3
DA:36,3
DA:39,3
DA:41,2
DA:43,1
DA:46,1
DA:47,5
DA:52,5
DA:54,5
DA:56,4
DA:58,3
DA:59,3
DA:60,3
DA:62,3
DA:63,2
DA:69,2
DA:71,2
DA:73,1
DA:76,1
DA:80,1
DA:81,2
DA:86,2
DA:88,2
DA:90,2
DA:91,2
DA:93,2
DA:94,2
DA:95,2
DA:97,2
DA:99,1
DA:101,1
DA:104,1
DA:111,1
DA:114,1
DA:118,1
DA:119,4
DA:120,4
DA:122,3
DA:123,9
DA:124,9
DA:126,3
DA:127,3
DA:130,2
DA:137,2
DA:138,2
DA:139,1
DA:141,3
LF:66
LH:66
BRDA:19,0,0,1
BRDA:19,0,1,3
BRDA:20,1,0,1
BRDA:20,1,1,2
BRDA:20,2,0,3
BRDA:20,2,1,3
BRDA:26,3,0,5
BRDA:26,3,1,5
BRDA:32,4,0,1
BRDA:32,4,1,4
BRDA:33,5,0,1
BRDA:33,5,1,3
BRDA:33,6,0,4
BRDA:33,6,1,4
BRDA:39,7,0,1
BRDA:39,7,1,2
BRDA:41,8,0,1
BRDA:41,8,1,1
BRDA:41,9,0,2
BRDA:41,9,1,2
BRDA:54,10,0,1
BRDA:54,10,1,4
BRDA:56,11,0,1
BRDA:56,11,1,3
BRDA:62,12,0,2
BRDA:62,12,1,1
BRDA:71,13,0,1
BRDA:71,13,1,1
BRDA:88,14,0,0
BRDA:88,14,1,2
BRDA:90,15,0,0
BRDA:90,15,1,2
BRDA:91,16,0,0
BRDA:91,16,1,2
BRDA:97,17,0,1
BRDA:97,17,1,1
BRDA:101,18,0,0
BRDA:101,18,1,1
BRDA:120,19,0,1
BRDA:120,19,1,3
BRDA:124,20,0,6
BRDA:124,20,1,3
BRDA:127,21,0,1
BRDA:127,21,1,2
BRDA:138,22,0,1
BRDA:138,22,1,1
BRF:46
BRH:42
end_of_record
TN:
SF:service\AuthenticationService.js
FN:7,(anonymous_0)
FN:8,(anonymous_1)
FN:26,(anonymous_2)
FN:39,(anonymous_3)
FNF:4
FNH:4
FNDA:4,(anonymous_0)
FNDA:4,(anonymous_1)
FNDA:2,(anonymous_2)
FNDA:1,(anonymous_3)
DA:3,5
DA:4,5
DA:5,5
DA:7,5
DA:8,4
DA:10,4
DA:26,4
DA:27,2
DA:28,0
DA:29,2
DA:30,0
DA:32,2
DA:33,2
DA:39,5
DA:40,1
DA:41,1
DA:42,1
DA:43,1
DA:44,1
LF:19
LH:17
BRDA:27,0,0,0
BRDA:27,0,1,2
BRDA:29,1,0,0
BRDA:29,1,1,2
BRDA:29,2,0,2
BRDA:29,2,1,2
BRF:6
BRH:4
end_of_record
TN:
SF:service\BookingsService.js
FN:7,(anonymous_0)
FN:8,(anonymous_1)
FN:12,(anonymous_2)
FN:18,(anonymous_3)
FN:32,(anonymous_4)
FN:33,(anonymous_5)
FN:37,(anonymous_6)
FN:45,(anonymous_7)
FN:46,(anonymous_8)
FN:49,(anonymous_9)
FNF:10
FNH:6
FNDA:2,(anonymous_0)
FNDA:2,(anonymous_1)
FNDA:0,(anonymous_2)
FNDA:0,(anonymous_3)
FNDA:1,(anonymous_4)
FNDA:1,(anonymous_5)
FNDA:0,(anonymous_6)
FNDA:1,(anonymous_7)
FNDA:1,(anonymous_8)
FNDA:0,(anonymous_9)
DA:3,4
DA:4,4
DA:7,4
DA:8,2
DA:9,2
DA:10,2
DA:11,1
DA:12,2
DA:13,0
DA:14,0
DA:15,0
DA:18,0
DA:19,0
DA:32,4
DA:33,1
DA:35,1
DA:36,1
DA:37,0
DA:45,4
DA:46,1
DA:47,1
DA:48,1
DA:49,0
LF:23
LH:16
BRDA:10,0,0,1
BRDA:10,0,1,1
BRDA:13,1,0,0
BRDA:13,1,1,0
BRDA:37,2,0,0
BRDA:37,2,1,0
BRDA:49,3,0,0
BRDA:49,3,1,0
BRF:8
BRH:2
end_of_record
TN:
SF:service\CourseService.js
FN:7,(anonymous_0)
FN:8,(anonymous_1)
FN:10,(anonymous_2)
FN:27,(anonymous_3)
FN:28,(anonymous_4)
FN:30,(anonymous_5)
FN:35,(anonymous_6)
FN:42,(anonymous_7)
FN:43,(anonymous_8)
FN:46,(anonymous_9)
FN:51,(anonymous_10)
FNF:11
FNH:6
FNDA:2,(anonymous_0)
FNDA:2,(anonymous_1)
FNDA:0,(anonymous_2)
FNDA:1,(anonymous_3)
FNDA:1,(anonymous_4)
FNDA:0,(anonymous_5)
FNDA:0,(anonymous_6)
FNDA:1,(anonymous_7)
FNDA:1,(anonymous_8)
FNDA:0,(anonymous_9)
FNDA:0,(anonymous_10)
DA:4,3
DA:5,3
DA:7,3
DA:8,2
DA:9,2
DA:10,2
DA:11,0
DA:12,0
DA:13,0
DA:14,0
DA:15,0
DA:17,0
DA:21,0
DA:27,3
DA:28,1
DA:29,1
DA:30,1
DA:31,0
DA:32,0
DA:33,0
DA:35,0
DA:36,0
DA:42,3
DA:43,1
DA:44,1
DA:46,1
DA:47,0
DA:48,0
DA:49,0
DA:51,0
DA:52,0
LF:31
LH:14
BRDA:11,0,0,0
BRDA:11,0,1,0
BRDA:14,1,0,0
BRDA:14,1,1,0
BRDA:31,2,0,0
BRDA:31,2,1,0
BRDA:47,3,0,0
BRDA:47,3,1,0
BRF:8
BRH:0
end_of_record
TN:
SF:service\LecturesService.js
FN:6,(anonymous_0)
FN:7,(anonymous_1)
FN:12,(anonymous_2)
FN:17,(anonymous_3)
FN:33,(anonymous_4)
FN:34,(anonymous_5)
FN:39,(anonymous_6)
FN:60,(anonymous_7)
FN:61,(anonymous_8)
FN:65,(anonymous_9)
FN:75,(anonymous_10)
FN:76,(anonymous_11)
FN:81,(anonymous_12)
FNF:13
FNH:6
FNDA:2,(anonymous_0)
FNDA:2,(anonymous_1)
FNDA:0,(anonymous_2)
FNDA:0,(anonymous_3)
FNDA:1,(anonymous_4)
FNDA:1,(anonymous_5)
FNDA:0,(anonymous_6)
FNDA:1,(anonymous_7)
FNDA:1,(anonymous_8)
FNDA:0,(anonymous_9)
FNDA:0,(anonymous_10)
FNDA:0,(anonymous_11)
FNDA:0,(anonymous_12)
DA:3,3
DA:4,3
DA:6,3
DA:7,2
DA:8,2
DA:9,2
DA:10,1
DA:12,2
DA:13,0
DA:14,0
DA:15,0
DA:17,0
DA:27,0
DA:33,3
DA:34,1
DA:35,1
DA:39,1
DA:40,0
DA:41,0
DA:42,0
DA:44,0
DA:54,0
DA:60,3
DA:61,1
DA:62,1
DA:65,1
DA:66,0
DA:67,0
DA:69,0
DA:75,3
DA:76,0
DA:77,0
DA:81,0
DA:82,0
DA:83,0
DA:85,0
LF:36
LH:17
BRDA:9,0,0,1
BRDA:9,0,1,1
BRDA:13,1,0,0
BRDA:13,1,1,0
BRDA:40,2,0,0
BRDA:40,2,1,0
BRDA:66,3,0,0
BRDA:66,3,1,0
BRDA:82,4,0,0
BRDA:82,4,1,0
BRF:10
BRH:2
end_of_record
TN:
SF:utils\writer.js
FN:1,(anonymous_0)
FN:6,(anonymous_1)
FN:10,(anonymous_2)
FNF:3
FNH:1
FNDA:0,(anonymous_0)
FNDA:0,(anonymous_1)
FNDA:32,(anonymous_2)
DA:1,3
DA:2,0
DA:3,0
DA:6,3
DA:7,0
DA:10,3
DA:14,32
DA:15,0
DA:16,0
DA:19,32
DA:20,24
DA:23,8
DA:24,0
DA:31,32
DA:32,32
DA:35,32
DA:37,8
DA:39,32
DA:40,31
DA:42,32
DA:43,32
LF:21
LH:15
BRDA:14,0,0,0
BRDA:14,0,1,32
BRDA:14,1,0,32
BRDA:14,1,1,32
BRDA:19,2,0,24
BRDA:19,2,1,8
BRDA:19,3,0,32
BRDA:19,3,1,24
BRDA:23,4,0,0
BRDA:23,4,1,8
BRDA:23,5,0,8
BRDA:23,5,1,8
BRDA:31,6,0,32
BRDA:31,6,1,0
BRDA:35,7,0,8
BRDA:35,7,1,24
BRDA:39,8,0,31
BRDA:39,8,1,1
BRF:18
BRH:15
end_of_record
