<?xml version="1.0" encoding="UTF-8"?>
<testExecutions version="1">
  <file path="C:\Users\eleon\Desktop\PULSeBS_Group1\pulsebs_frontend\src\Components\SuppOfficer\__test__\SuppOfficer_Page.test.js">
    <testCase name="Renders Booking Manager Header Correctly" duration="46">
      <failure message="TestingLibraryElementError: Unable to find an element with the text: Lecture Booking. This could be because the text is broken up by multiple elements. In this case, you can provide a function for your text matcher to make your matcher more flexible."><![CDATA[TestingLibraryElementError: Unable to find an element with the text: Lecture Booking. This could be because the text is broken up by multiple elements. In this case, you can provide a function for your text matcher to make your matcher more flexible.

<body>
  <div />
</body>
    at Object.getElementError (C:\Users\eleon\Desktop\PULSeBS_Group1\pulsebs_frontend\node_modules\@testing-library\dom\dist\config.js:37:19)
    at C:\Users\eleon\Desktop\PULSeBS_Group1\pulsebs_frontend\node_modules\@testing-library\dom\dist\query-helpers.js:90:38
    at C:\Users\eleon\Desktop\PULSeBS_Group1\pulsebs_frontend\node_modules\@testing-library\dom\dist\query-helpers.js:62:17
    at getByText (C:\Users\eleon\Desktop\PULSeBS_Group1\pulsebs_frontend\node_modules\@testing-library\dom\dist\query-helpers.js:106:19)
    at Object.<anonymous> (C:\Users\eleon\Desktop\PULSeBS_Group1\pulsebs_frontend\src\Components\SuppOfficer\__test__\SuppOfficer_Page.test.js:11:25)
    at Promise.then.completed (C:\Users\eleon\Desktop\PULSeBS_Group1\pulsebs_frontend\node_modules\jest-circus\build\utils.js:276:28)
    at new Promise (<anonymous>)
    at callAsyncCircusFn (C:\Users\eleon\Desktop\PULSeBS_Group1\pulsebs_frontend\node_modules\jest-circus\build\utils.js:216:10)
    at _callCircusTest (C:\Users\eleon\Desktop\PULSeBS_Group1\pulsebs_frontend\node_modules\jest-circus\build\run.js:212:40)
    at processTicksAndRejections (internal/process/task_queues.js:97:5)
    at _runTest (C:\Users\eleon\Desktop\PULSeBS_Group1\pulsebs_frontend\node_modules\jest-circus\build\run.js:149:3)
    at _runTestsForDescribeBlock (C:\Users\eleon\Desktop\PULSeBS_Group1\pulsebs_frontend\node_modules\jest-circus\build\run.js:63:9)
    at run (C:\Users\eleon\Desktop\PULSeBS_Group1\pulsebs_frontend\node_modules\jest-circus\build\run.js:25:3)
    at runAndTransformResultsToJestFormat (C:\Users\eleon\Desktop\PULSeBS_Group1\pulsebs_frontend\node_modules\jest-circus\build\legacy-code-todo-rewrite\jestAdapterInit.js:176:21)
    at jestAdapter (C:\Users\eleon\Desktop\PULSeBS_Group1\pulsebs_frontend\node_modules\jest-circus\build\legacy-code-todo-rewrite\jestAdapter.js:109:19)
    at runTestInternal (C:\Users\eleon\Desktop\PULSeBS_Group1\pulsebs_frontend\node_modules\jest-runner\build\runTest.js:380:16)
    at runTest (C:\Users\eleon\Desktop\PULSeBS_Group1\pulsebs_frontend\node_modules\jest-runner\build\runTest.js:472:34)
    at Object.worker (C:\Users\eleon\Desktop\PULSeBS_Group1\pulsebs_frontend\node_modules\jest-runner\build\testWorker.js:133:12)]]></failure>
    </testCase>
    <testCase name="Check Authentication Error" duration="7"/>
    <testCase name="Check Change Configuration" duration="5">
      <failure message="TestingLibraryElementError: Unable to find an element with the text: Change Configuration. This could be because the text is broken up by multiple elements. In this case, you can provide a function for your text matcher to make your matcher more flexible."><![CDATA[TestingLibraryElementError: Unable to find an element with the text: Change Configuration. This could be because the text is broken up by multiple elements. In this case, you can provide a function for your text matcher to make your matcher more flexible.

<body>
  <div />
</body>
    at Object.getElementError (C:\Users\eleon\Desktop\PULSeBS_Group1\pulsebs_frontend\node_modules\@testing-library\dom\dist\config.js:37:19)
    at C:\Users\eleon\Desktop\PULSeBS_Group1\pulsebs_frontend\node_modules\@testing-library\dom\dist\query-helpers.js:90:38
    at C:\Users\eleon\Desktop\PULSeBS_Group1\pulsebs_frontend\node_modules\@testing-library\dom\dist\query-helpers.js:62:17
    at getByText (C:\Users\eleon\Desktop\PULSeBS_Group1\pulsebs_frontend\node_modules\@testing-library\dom\dist\query-helpers.js:106:19)
    at Object.<anonymous> (C:\Users\eleon\Desktop\PULSeBS_Group1\pulsebs_frontend\src\Components\SuppOfficer\__test__\SuppOfficer_Page.test.js:26:42)
    at Promise.then.completed (C:\Users\eleon\Desktop\PULSeBS_Group1\pulsebs_frontend\node_modules\jest-circus\build\utils.js:276:28)
    at new Promise (<anonymous>)
    at callAsyncCircusFn (C:\Users\eleon\Desktop\PULSeBS_Group1\pulsebs_frontend\node_modules\jest-circus\build\utils.js:216:10)
    at _callCircusTest (C:\Users\eleon\Desktop\PULSeBS_Group1\pulsebs_frontend\node_modules\jest-circus\build\run.js:212:40)
    at processTicksAndRejections (internal/process/task_queues.js:97:5)
    at _runTest (C:\Users\eleon\Desktop\PULSeBS_Group1\pulsebs_frontend\node_modules\jest-circus\build\run.js:149:3)
    at _runTestsForDescribeBlock (C:\Users\eleon\Desktop\PULSeBS_Group1\pulsebs_frontend\node_modules\jest-circus\build\run.js:63:9)
    at run (C:\Users\eleon\Desktop\PULSeBS_Group1\pulsebs_frontend\node_modules\jest-circus\build\run.js:25:3)
    at runAndTransformResultsToJestFormat (C:\Users\eleon\Desktop\PULSeBS_Group1\pulsebs_frontend\node_modules\jest-circus\build\legacy-code-todo-rewrite\jestAdapterInit.js:176:21)
    at jestAdapter (C:\Users\eleon\Desktop\PULSeBS_Group1\pulsebs_frontend\node_modules\jest-circus\build\legacy-code-todo-rewrite\jestAdapter.js:109:19)
    at runTestInternal (C:\Users\eleon\Desktop\PULSeBS_Group1\pulsebs_frontend\node_modules\jest-runner\build\runTest.js:380:16)
    at runTest (C:\Users\eleon\Desktop\PULSeBS_Group1\pulsebs_frontend\node_modules\jest-runner\build\runTest.js:472:34)
    at Object.worker (C:\Users\eleon\Desktop\PULSeBS_Group1\pulsebs_frontend\node_modules\jest-runner\build\testWorker.js:133:12)]]></failure>
    </testCase>
    <testCase name="Check System Update" duration="6">
      <failure message="TestingLibraryElementError: Unable to find an element with the text: System Update. This could be because the text is broken up by multiple elements. In this case, you can provide a function for your text matcher to make your matcher more flexible."><![CDATA[TestingLibraryElementError: Unable to find an element with the text: System Update. This could be because the text is broken up by multiple elements. In this case, you can provide a function for your text matcher to make your matcher more flexible.

<body>
  <div />
</body>
    at Object.getElementError (C:\Users\eleon\Desktop\PULSeBS_Group1\pulsebs_frontend\node_modules\@testing-library\dom\dist\config.js:37:19)
    at C:\Users\eleon\Desktop\PULSeBS_Group1\pulsebs_frontend\node_modules\@testing-library\dom\dist\query-helpers.js:90:38
    at C:\Users\eleon\Desktop\PULSeBS_Group1\pulsebs_frontend\node_modules\@testing-library\dom\dist\query-helpers.js:62:17
    at getByText (C:\Users\eleon\Desktop\PULSeBS_Group1\pulsebs_frontend\node_modules\@testing-library\dom\dist\query-helpers.js:106:19)
    at Object.<anonymous> (C:\Users\eleon\Desktop\PULSeBS_Group1\pulsebs_frontend\src\Components\SuppOfficer\__test__\SuppOfficer_Page.test.js:33:42)
    at Promise.then.completed (C:\Users\eleon\Desktop\PULSeBS_Group1\pulsebs_frontend\node_modules\jest-circus\build\utils.js:276:28)
    at new Promise (<anonymous>)
    at callAsyncCircusFn (C:\Users\eleon\Desktop\PULSeBS_Group1\pulsebs_frontend\node_modules\jest-circus\build\utils.js:216:10)
    at _callCircusTest (C:\Users\eleon\Desktop\PULSeBS_Group1\pulsebs_frontend\node_modules\jest-circus\build\run.js:212:40)
    at processTicksAndRejections (internal/process/task_queues.js:97:5)
    at _runTest (C:\Users\eleon\Desktop\PULSeBS_Group1\pulsebs_frontend\node_modules\jest-circus\build\run.js:149:3)
    at _runTestsForDescribeBlock (C:\Users\eleon\Desktop\PULSeBS_Group1\pulsebs_frontend\node_modules\jest-circus\build\run.js:63:9)
    at run (C:\Users\eleon\Desktop\PULSeBS_Group1\pulsebs_frontend\node_modules\jest-circus\build\run.js:25:3)
    at runAndTransformResultsToJestFormat (C:\Users\eleon\Desktop\PULSeBS_Group1\pulsebs_frontend\node_modules\jest-circus\build\legacy-code-todo-rewrite\jestAdapterInit.js:176:21)
    at jestAdapter (C:\Users\eleon\Desktop\PULSeBS_Group1\pulsebs_frontend\node_modules\jest-circus\build\legacy-code-todo-rewrite\jestAdapter.js:109:19)
    at runTestInternal (C:\Users\eleon\Desktop\PULSeBS_Group1\pulsebs_frontend\node_modules\jest-runner\build\runTest.js:380:16)
    at runTest (C:\Users\eleon\Desktop\PULSeBS_Group1\pulsebs_frontend\node_modules\jest-runner\build\runTest.js:472:34)
    at Object.worker (C:\Users\eleon\Desktop\PULSeBS_Group1\pulsebs_frontend\node_modules\jest-runner\build\testWorker.js:133:12)]]></failure>
    </testCase>
    <testCase name="Check System Setup" duration="8">
      <failure message="TestingLibraryElementError: Unable to find an element with the text: System Setup. This could be because the text is broken up by multiple elements. In this case, you can provide a function for your text matcher to make your matcher more flexible."><![CDATA[TestingLibraryElementError: Unable to find an element with the text: System Setup. This could be because the text is broken up by multiple elements. In this case, you can provide a function for your text matcher to make your matcher more flexible.

<body>
  <div />
</body>
    at Object.getElementError (C:\Users\eleon\Desktop\PULSeBS_Group1\pulsebs_frontend\node_modules\@testing-library\dom\dist\config.js:37:19)
    at C:\Users\eleon\Desktop\PULSeBS_Group1\pulsebs_frontend\node_modules\@testing-library\dom\dist\query-helpers.js:90:38
    at C:\Users\eleon\Desktop\PULSeBS_Group1\pulsebs_frontend\node_modules\@testing-library\dom\dist\query-helpers.js:62:17
    at getByText (C:\Users\eleon\Desktop\PULSeBS_Group1\pulsebs_frontend\node_modules\@testing-library\dom\dist\query-helpers.js:106:19)
    at Object.<anonymous> (C:\Users\eleon\Desktop\PULSeBS_Group1\pulsebs_frontend\src\Components\SuppOfficer\__test__\SuppOfficer_Page.test.js:40:41)
    at Promise.then.completed (C:\Users\eleon\Desktop\PULSeBS_Group1\pulsebs_frontend\node_modules\jest-circus\build\utils.js:276:28)
    at new Promise (<anonymous>)
    at callAsyncCircusFn (C:\Users\eleon\Desktop\PULSeBS_Group1\pulsebs_frontend\node_modules\jest-circus\build\utils.js:216:10)
    at _callCircusTest (C:\Users\eleon\Desktop\PULSeBS_Group1\pulsebs_frontend\node_modules\jest-circus\build\run.js:212:40)
    at processTicksAndRejections (internal/process/task_queues.js:97:5)
    at _runTest (C:\Users\eleon\Desktop\PULSeBS_Group1\pulsebs_frontend\node_modules\jest-circus\build\run.js:149:3)
    at _runTestsForDescribeBlock (C:\Users\eleon\Desktop\PULSeBS_Group1\pulsebs_frontend\node_modules\jest-circus\build\run.js:63:9)
    at run (C:\Users\eleon\Desktop\PULSeBS_Group1\pulsebs_frontend\node_modules\jest-circus\build\run.js:25:3)
    at runAndTransformResultsToJestFormat (C:\Users\eleon\Desktop\PULSeBS_Group1\pulsebs_frontend\node_modules\jest-circus\build\legacy-code-todo-rewrite\jestAdapterInit.js:176:21)
    at jestAdapter (C:\Users\eleon\Desktop\PULSeBS_Group1\pulsebs_frontend\node_modules\jest-circus\build\legacy-code-todo-rewrite\jestAdapter.js:109:19)
    at runTestInternal (C:\Users\eleon\Desktop\PULSeBS_Group1\pulsebs_frontend\node_modules\jest-runner\build\runTest.js:380:16)
    at runTest (C:\Users\eleon\Desktop\PULSeBS_Group1\pulsebs_frontend\node_modules\jest-runner\build\runTest.js:472:34)
    at Object.worker (C:\Users\eleon\Desktop\PULSeBS_Group1\pulsebs_frontend\node_modules\jest-runner\build\testWorker.js:133:12)]]></failure>
    </testCase>
    <testCase name="Check Home Page" duration="7">
      <failure message="TestingLibraryElementError: Unable to find an element with the text: HomePage. This could be because the text is broken up by multiple elements. In this case, you can provide a function for your text matcher to make your matcher more flexible."><![CDATA[TestingLibraryElementError: Unable to find an element with the text: HomePage. This could be because the text is broken up by multiple elements. In this case, you can provide a function for your text matcher to make your matcher more flexible.

<body>
  <div />
</body>
    at Object.getElementError (C:\Users\eleon\Desktop\PULSeBS_Group1\pulsebs_frontend\node_modules\@testing-library\dom\dist\config.js:37:19)
    at C:\Users\eleon\Desktop\PULSeBS_Group1\pulsebs_frontend\node_modules\@testing-library\dom\dist\query-helpers.js:90:38
    at C:\Users\eleon\Desktop\PULSeBS_Group1\pulsebs_frontend\node_modules\@testing-library\dom\dist\query-helpers.js:62:17
    at getByText (C:\Users\eleon\Desktop\PULSeBS_Group1\pulsebs_frontend\node_modules\@testing-library\dom\dist\query-helpers.js:106:19)
    at Object.<anonymous> (C:\Users\eleon\Desktop\PULSeBS_Group1\pulsebs_frontend\src\Components\SuppOfficer\__test__\SuppOfficer_Page.test.js:47:41)
    at Promise.then.completed (C:\Users\eleon\Desktop\PULSeBS_Group1\pulsebs_frontend\node_modules\jest-circus\build\utils.js:276:28)
    at new Promise (<anonymous>)
    at callAsyncCircusFn (C:\Users\eleon\Desktop\PULSeBS_Group1\pulsebs_frontend\node_modules\jest-circus\build\utils.js:216:10)
    at _callCircusTest (C:\Users\eleon\Desktop\PULSeBS_Group1\pulsebs_frontend\node_modules\jest-circus\build\run.js:212:40)
    at processTicksAndRejections (internal/process/task_queues.js:97:5)
    at _runTest (C:\Users\eleon\Desktop\PULSeBS_Group1\pulsebs_frontend\node_modules\jest-circus\build\run.js:149:3)
    at _runTestsForDescribeBlock (C:\Users\eleon\Desktop\PULSeBS_Group1\pulsebs_frontend\node_modules\jest-circus\build\run.js:63:9)
    at run (C:\Users\eleon\Desktop\PULSeBS_Group1\pulsebs_frontend\node_modules\jest-circus\build\run.js:25:3)
    at runAndTransformResultsToJestFormat (C:\Users\eleon\Desktop\PULSeBS_Group1\pulsebs_frontend\node_modules\jest-circus\build\legacy-code-todo-rewrite\jestAdapterInit.js:176:21)
    at jestAdapter (C:\Users\eleon\Desktop\PULSeBS_Group1\pulsebs_frontend\node_modules\jest-circus\build\legacy-code-todo-rewrite\jestAdapter.js:109:19)
    at runTestInternal (C:\Users\eleon\Desktop\PULSeBS_Group1\pulsebs_frontend\node_modules\jest-runner\build\runTest.js:380:16)
    at runTest (C:\Users\eleon\Desktop\PULSeBS_Group1\pulsebs_frontend\node_modules\jest-runner\build\runTest.js:472:34)
    at Object.worker (C:\Users\eleon\Desktop\PULSeBS_Group1\pulsebs_frontend\node_modules\jest-runner\build\testWorker.js:133:12)]]></failure>
    </testCase>
    <testCase name="Check Logout" duration="34">
      <failure message="TestingLibraryElementError: Unable to find an element with the text: Logout. This could be because the text is broken up by multiple elements. In this case, you can provide a function for your text matcher to make your matcher more flexible."><![CDATA[TestingLibraryElementError: Unable to find an element with the text: Logout. This could be because the text is broken up by multiple elements. In this case, you can provide a function for your text matcher to make your matcher more flexible.

<body>
  <div />
</body>
    at Object.getElementError (C:\Users\eleon\Desktop\PULSeBS_Group1\pulsebs_frontend\node_modules\@testing-library\dom\dist\config.js:37:19)
    at C:\Users\eleon\Desktop\PULSeBS_Group1\pulsebs_frontend\node_modules\@testing-library\dom\dist\query-helpers.js:90:38
    at C:\Users\eleon\Desktop\PULSeBS_Group1\pulsebs_frontend\node_modules\@testing-library\dom\dist\query-helpers.js:62:17
    at getByText (C:\Users\eleon\Desktop\PULSeBS_Group1\pulsebs_frontend\node_modules\@testing-library\dom\dist\query-helpers.js:106:19)
    at Object.<anonymous> (C:\Users\eleon\Desktop\PULSeBS_Group1\pulsebs_frontend\src\Components\SuppOfficer\__test__\SuppOfficer_Page.test.js:54:39)
    at Promise.then.completed (C:\Users\eleon\Desktop\PULSeBS_Group1\pulsebs_frontend\node_modules\jest-circus\build\utils.js:276:28)
    at new Promise (<anonymous>)
    at callAsyncCircusFn (C:\Users\eleon\Desktop\PULSeBS_Group1\pulsebs_frontend\node_modules\jest-circus\build\utils.js:216:10)
    at _callCircusTest (C:\Users\eleon\Desktop\PULSeBS_Group1\pulsebs_frontend\node_modules\jest-circus\build\run.js:212:40)
    at processTicksAndRejections (internal/process/task_queues.js:97:5)
    at _runTest (C:\Users\eleon\Desktop\PULSeBS_Group1\pulsebs_frontend\node_modules\jest-circus\build\run.js:149:3)
    at _runTestsForDescribeBlock (C:\Users\eleon\Desktop\PULSeBS_Group1\pulsebs_frontend\node_modules\jest-circus\build\run.js:63:9)
    at run (C:\Users\eleon\Desktop\PULSeBS_Group1\pulsebs_frontend\node_modules\jest-circus\build\run.js:25:3)
    at runAndTransformResultsToJestFormat (C:\Users\eleon\Desktop\PULSeBS_Group1\pulsebs_frontend\node_modules\jest-circus\build\legacy-code-todo-rewrite\jestAdapterInit.js:176:21)
    at jestAdapter (C:\Users\eleon\Desktop\PULSeBS_Group1\pulsebs_frontend\node_modules\jest-circus\build\legacy-code-todo-rewrite\jestAdapter.js:109:19)
    at runTestInternal (C:\Users\eleon\Desktop\PULSeBS_Group1\pulsebs_frontend\node_modules\jest-runner\build\runTest.js:380:16)
    at runTest (C:\Users\eleon\Desktop\PULSeBS_Group1\pulsebs_frontend\node_modules\jest-runner\build\runTest.js:472:34)
    at Object.worker (C:\Users\eleon\Desktop\PULSeBS_Group1\pulsebs_frontend\node_modules\jest-runner\build\testWorker.js:133:12)]]></failure>
    </testCase>
  </file>
  <file path="C:\Users\eleon\Desktop\PULSeBS_Group1\pulsebs_frontend\src\Components\BookingManager\__test__\BookingManager_Page.test.js">
    <testCase name="Renders Booking Manager Header Correctly" duration="55">
      <failure message="TestingLibraryElementError: Unable to find an element with the text: Lecture Booking. This could be because the text is broken up by multiple elements. In this case, you can provide a function for your text matcher to make your matcher more flexible."><![CDATA[TestingLibraryElementError: Unable to find an element with the text: Lecture Booking. This could be because the text is broken up by multiple elements. In this case, you can provide a function for your text matcher to make your matcher more flexible.

<body>
  <div />
</body>
    at Object.getElementError (C:\Users\eleon\Desktop\PULSeBS_Group1\pulsebs_frontend\node_modules\@testing-library\dom\dist\config.js:37:19)
    at C:\Users\eleon\Desktop\PULSeBS_Group1\pulsebs_frontend\node_modules\@testing-library\dom\dist\query-helpers.js:90:38
    at C:\Users\eleon\Desktop\PULSeBS_Group1\pulsebs_frontend\node_modules\@testing-library\dom\dist\query-helpers.js:62:17
    at getByText (C:\Users\eleon\Desktop\PULSeBS_Group1\pulsebs_frontend\node_modules\@testing-library\dom\dist\query-helpers.js:106:19)
    at Object.<anonymous> (C:\Users\eleon\Desktop\PULSeBS_Group1\pulsebs_frontend\src\Components\BookingManager\__test__\BookingManager_Page.test.js:10:25)
    at Promise.then.completed (C:\Users\eleon\Desktop\PULSeBS_Group1\pulsebs_frontend\node_modules\jest-circus\build\utils.js:276:28)
    at new Promise (<anonymous>)
    at callAsyncCircusFn (C:\Users\eleon\Desktop\PULSeBS_Group1\pulsebs_frontend\node_modules\jest-circus\build\utils.js:216:10)
    at _callCircusTest (C:\Users\eleon\Desktop\PULSeBS_Group1\pulsebs_frontend\node_modules\jest-circus\build\run.js:212:40)
    at processTicksAndRejections (internal/process/task_queues.js:97:5)
    at _runTest (C:\Users\eleon\Desktop\PULSeBS_Group1\pulsebs_frontend\node_modules\jest-circus\build\run.js:149:3)
    at _runTestsForDescribeBlock (C:\Users\eleon\Desktop\PULSeBS_Group1\pulsebs_frontend\node_modules\jest-circus\build\run.js:63:9)
    at run (C:\Users\eleon\Desktop\PULSeBS_Group1\pulsebs_frontend\node_modules\jest-circus\build\run.js:25:3)
    at runAndTransformResultsToJestFormat (C:\Users\eleon\Desktop\PULSeBS_Group1\pulsebs_frontend\node_modules\jest-circus\build\legacy-code-todo-rewrite\jestAdapterInit.js:176:21)
    at jestAdapter (C:\Users\eleon\Desktop\PULSeBS_Group1\pulsebs_frontend\node_modules\jest-circus\build\legacy-code-todo-rewrite\jestAdapter.js:109:19)
    at runTestInternal (C:\Users\eleon\Desktop\PULSeBS_Group1\pulsebs_frontend\node_modules\jest-runner\build\runTest.js:380:16)
    at runTest (C:\Users\eleon\Desktop\PULSeBS_Group1\pulsebs_frontend\node_modules\jest-runner\build\runTest.js:472:34)
    at Object.worker (C:\Users\eleon\Desktop\PULSeBS_Group1\pulsebs_frontend\node_modules\jest-runner\build\testWorker.js:133:12)]]></failure>
    </testCase>
    <testCase name="Check Authentication Error" duration="7"/>
    <testCase name="Check Booking" duration="6">
      <failure message="TestingLibraryElementError: Unable to find an element with the text: Booking. This could be because the text is broken up by multiple elements. In this case, you can provide a function for your text matcher to make your matcher more flexible."><![CDATA[TestingLibraryElementError: Unable to find an element with the text: Booking. This could be because the text is broken up by multiple elements. In this case, you can provide a function for your text matcher to make your matcher more flexible.

<body>
  <div />
</body>
    at Object.getElementError (C:\Users\eleon\Desktop\PULSeBS_Group1\pulsebs_frontend\node_modules\@testing-library\dom\dist\config.js:37:19)
    at C:\Users\eleon\Desktop\PULSeBS_Group1\pulsebs_frontend\node_modules\@testing-library\dom\dist\query-helpers.js:90:38
    at C:\Users\eleon\Desktop\PULSeBS_Group1\pulsebs_frontend\node_modules\@testing-library\dom\dist\query-helpers.js:62:17
    at getByText (C:\Users\eleon\Desktop\PULSeBS_Group1\pulsebs_frontend\node_modules\@testing-library\dom\dist\query-helpers.js:106:19)
    at Object.<anonymous> (C:\Users\eleon\Desktop\PULSeBS_Group1\pulsebs_frontend\src\Components\BookingManager\__test__\BookingManager_Page.test.js:27:40)
    at Promise.then.completed (C:\Users\eleon\Desktop\PULSeBS_Group1\pulsebs_frontend\node_modules\jest-circus\build\utils.js:276:28)
    at new Promise (<anonymous>)
    at callAsyncCircusFn (C:\Users\eleon\Desktop\PULSeBS_Group1\pulsebs_frontend\node_modules\jest-circus\build\utils.js:216:10)
    at _callCircusTest (C:\Users\eleon\Desktop\PULSeBS_Group1\pulsebs_frontend\node_modules\jest-circus\build\run.js:212:40)
    at processTicksAndRejections (internal/process/task_queues.js:97:5)
    at _runTest (C:\Users\eleon\Desktop\PULSeBS_Group1\pulsebs_frontend\node_modules\jest-circus\build\run.js:149:3)
    at _runTestsForDescribeBlock (C:\Users\eleon\Desktop\PULSeBS_Group1\pulsebs_frontend\node_modules\jest-circus\build\run.js:63:9)
    at run (C:\Users\eleon\Desktop\PULSeBS_Group1\pulsebs_frontend\node_modules\jest-circus\build\run.js:25:3)
    at runAndTransformResultsToJestFormat (C:\Users\eleon\Desktop\PULSeBS_Group1\pulsebs_frontend\node_modules\jest-circus\build\legacy-code-todo-rewrite\jestAdapterInit.js:176:21)
    at jestAdapter (C:\Users\eleon\Desktop\PULSeBS_Group1\pulsebs_frontend\node_modules\jest-circus\build\legacy-code-todo-rewrite\jestAdapter.js:109:19)
    at runTestInternal (C:\Users\eleon\Desktop\PULSeBS_Group1\pulsebs_frontend\node_modules\jest-runner\build\runTest.js:380:16)
    at runTest (C:\Users\eleon\Desktop\PULSeBS_Group1\pulsebs_frontend\node_modules\jest-runner\build\runTest.js:472:34)
    at Object.worker (C:\Users\eleon\Desktop\PULSeBS_Group1\pulsebs_frontend\node_modules\jest-runner\build\testWorker.js:133:12)]]></failure>
    </testCase>
    <testCase name="Check Attendance" duration="6">
      <failure message="TestingLibraryElementError: Unable to find an element with the text: Attendance. This could be because the text is broken up by multiple elements. In this case, you can provide a function for your text matcher to make your matcher more flexible."><![CDATA[TestingLibraryElementError: Unable to find an element with the text: Attendance. This could be because the text is broken up by multiple elements. In this case, you can provide a function for your text matcher to make your matcher more flexible.

<body>
  <div />
</body>
    at Object.getElementError (C:\Users\eleon\Desktop\PULSeBS_Group1\pulsebs_frontend\node_modules\@testing-library\dom\dist\config.js:37:19)
    at C:\Users\eleon\Desktop\PULSeBS_Group1\pulsebs_frontend\node_modules\@testing-library\dom\dist\query-helpers.js:90:38
    at C:\Users\eleon\Desktop\PULSeBS_Group1\pulsebs_frontend\node_modules\@testing-library\dom\dist\query-helpers.js:62:17
    at getByText (C:\Users\eleon\Desktop\PULSeBS_Group1\pulsebs_frontend\node_modules\@testing-library\dom\dist\query-helpers.js:106:19)
    at Object.<anonymous> (C:\Users\eleon\Desktop\PULSeBS_Group1\pulsebs_frontend\src\Components\BookingManager\__test__\BookingManager_Page.test.js:44:43)
    at Promise.then.completed (C:\Users\eleon\Desktop\PULSeBS_Group1\pulsebs_frontend\node_modules\jest-circus\build\utils.js:276:28)
    at new Promise (<anonymous>)
    at callAsyncCircusFn (C:\Users\eleon\Desktop\PULSeBS_Group1\pulsebs_frontend\node_modules\jest-circus\build\utils.js:216:10)
    at _callCircusTest (C:\Users\eleon\Desktop\PULSeBS_Group1\pulsebs_frontend\node_modules\jest-circus\build\run.js:212:40)
    at processTicksAndRejections (internal/process/task_queues.js:97:5)
    at _runTest (C:\Users\eleon\Desktop\PULSeBS_Group1\pulsebs_frontend\node_modules\jest-circus\build\run.js:149:3)
    at _runTestsForDescribeBlock (C:\Users\eleon\Desktop\PULSeBS_Group1\pulsebs_frontend\node_modules\jest-circus\build\run.js:63:9)
    at run (C:\Users\eleon\Desktop\PULSeBS_Group1\pulsebs_frontend\node_modules\jest-circus\build\run.js:25:3)
    at runAndTransformResultsToJestFormat (C:\Users\eleon\Desktop\PULSeBS_Group1\pulsebs_frontend\node_modules\jest-circus\build\legacy-code-todo-rewrite\jestAdapterInit.js:176:21)
    at jestAdapter (C:\Users\eleon\Desktop\PULSeBS_Group1\pulsebs_frontend\node_modules\jest-circus\build\legacy-code-todo-rewrite\jestAdapter.js:109:19)
    at runTestInternal (C:\Users\eleon\Desktop\PULSeBS_Group1\pulsebs_frontend\node_modules\jest-runner\build\runTest.js:380:16)
    at runTest (C:\Users\eleon\Desktop\PULSeBS_Group1\pulsebs_frontend\node_modules\jest-runner\build\runTest.js:472:34)
    at Object.worker (C:\Users\eleon\Desktop\PULSeBS_Group1\pulsebs_frontend\node_modules\jest-runner\build\testWorker.js:133:12)]]></failure>
    </testCase>
    <testCase name="Check Deleted Lectures" duration="1">
      <failure message="ReferenceError: testauthObj is not defined"><![CDATA[ReferenceError: testauthObj is not defined
    at Object.<anonymous> (C:\Users\eleon\Desktop\PULSeBS_Group1\pulsebs_frontend\src\Components\BookingManager\__test__\BookingManager_Page.test.js:60:63)
    at Promise.then.completed (C:\Users\eleon\Desktop\PULSeBS_Group1\pulsebs_frontend\node_modules\jest-circus\build\utils.js:276:28)
    at new Promise (<anonymous>)
    at callAsyncCircusFn (C:\Users\eleon\Desktop\PULSeBS_Group1\pulsebs_frontend\node_modules\jest-circus\build\utils.js:216:10)
    at _callCircusTest (C:\Users\eleon\Desktop\PULSeBS_Group1\pulsebs_frontend\node_modules\jest-circus\build\run.js:212:40)
    at processTicksAndRejections (internal/process/task_queues.js:97:5)
    at _runTest (C:\Users\eleon\Desktop\PULSeBS_Group1\pulsebs_frontend\node_modules\jest-circus\build\run.js:149:3)
    at _runTestsForDescribeBlock (C:\Users\eleon\Desktop\PULSeBS_Group1\pulsebs_frontend\node_modules\jest-circus\build\run.js:63:9)
    at run (C:\Users\eleon\Desktop\PULSeBS_Group1\pulsebs_frontend\node_modules\jest-circus\build\run.js:25:3)
    at runAndTransformResultsToJestFormat (C:\Users\eleon\Desktop\PULSeBS_Group1\pulsebs_frontend\node_modules\jest-circus\build\legacy-code-todo-rewrite\jestAdapterInit.js:176:21)
    at jestAdapter (C:\Users\eleon\Desktop\PULSeBS_Group1\pulsebs_frontend\node_modules\jest-circus\build\legacy-code-todo-rewrite\jestAdapter.js:109:19)
    at runTestInternal (C:\Users\eleon\Desktop\PULSeBS_Group1\pulsebs_frontend\node_modules\jest-runner\build\runTest.js:380:16)
    at runTest (C:\Users\eleon\Desktop\PULSeBS_Group1\pulsebs_frontend\node_modules\jest-runner\build\runTest.js:472:34)
    at Object.worker (C:\Users\eleon\Desktop\PULSeBS_Group1\pulsebs_frontend\node_modules\jest-runner\build\testWorker.js:133:12)]]></failure>
    </testCase>
    <testCase name="Check Monitor System Usage" duration="5">
      <failure message="TestingLibraryElementError: Unable to find an element with the text: Monitor System Usage. This could be because the text is broken up by multiple elements. In this case, you can provide a function for your text matcher to make your matcher more flexible."><![CDATA[TestingLibraryElementError: Unable to find an element with the text: Monitor System Usage. This could be because the text is broken up by multiple elements. In this case, you can provide a function for your text matcher to make your matcher more flexible.

<body>
  <div />
</body>
    at Object.getElementError (C:\Users\eleon\Desktop\PULSeBS_Group1\pulsebs_frontend\node_modules\@testing-library\dom\dist\config.js:37:19)
    at C:\Users\eleon\Desktop\PULSeBS_Group1\pulsebs_frontend\node_modules\@testing-library\dom\dist\query-helpers.js:90:38
    at C:\Users\eleon\Desktop\PULSeBS_Group1\pulsebs_frontend\node_modules\@testing-library\dom\dist\query-helpers.js:62:17
    at getByText (C:\Users\eleon\Desktop\PULSeBS_Group1\pulsebs_frontend\node_modules\@testing-library\dom\dist\query-helpers.js:106:19)
    at Object.<anonymous> (C:\Users\eleon\Desktop\PULSeBS_Group1\pulsebs_frontend\src\Components\BookingManager\__test__\BookingManager_Page.test.js:79:41)
    at Promise.then.completed (C:\Users\eleon\Desktop\PULSeBS_Group1\pulsebs_frontend\node_modules\jest-circus\build\utils.js:276:28)
    at new Promise (<anonymous>)
    at callAsyncCircusFn (C:\Users\eleon\Desktop\PULSeBS_Group1\pulsebs_frontend\node_modules\jest-circus\build\utils.js:216:10)
    at _callCircusTest (C:\Users\eleon\Desktop\PULSeBS_Group1\pulsebs_frontend\node_modules\jest-circus\build\run.js:212:40)
    at processTicksAndRejections (internal/process/task_queues.js:97:5)
    at _runTest (C:\Users\eleon\Desktop\PULSeBS_Group1\pulsebs_frontend\node_modules\jest-circus\build\run.js:149:3)
    at _runTestsForDescribeBlock (C:\Users\eleon\Desktop\PULSeBS_Group1\pulsebs_frontend\node_modules\jest-circus\build\run.js:63:9)
    at run (C:\Users\eleon\Desktop\PULSeBS_Group1\pulsebs_frontend\node_modules\jest-circus\build\run.js:25:3)
    at runAndTransformResultsToJestFormat (C:\Users\eleon\Desktop\PULSeBS_Group1\pulsebs_frontend\node_modules\jest-circus\build\legacy-code-todo-rewrite\jestAdapterInit.js:176:21)
    at jestAdapter (C:\Users\eleon\Desktop\PULSeBS_Group1\pulsebs_frontend\node_modules\jest-circus\build\legacy-code-todo-rewrite\jestAdapter.js:109:19)
    at runTestInternal (C:\Users\eleon\Desktop\PULSeBS_Group1\pulsebs_frontend\node_modules\jest-runner\build\runTest.js:380:16)
    at runTest (C:\Users\eleon\Desktop\PULSeBS_Group1\pulsebs_frontend\node_modules\jest-runner\build\runTest.js:472:34)
    at Object.worker (C:\Users\eleon\Desktop\PULSeBS_Group1\pulsebs_frontend\node_modules\jest-runner\build\testWorker.js:133:12)]]></failure>
    </testCase>
    <testCase name="Check Contact Tracing" duration="5">
      <failure message="TestingLibraryElementError: Unable to find an element with the text: Contact Tracing. This could be because the text is broken up by multiple elements. In this case, you can provide a function for your text matcher to make your matcher more flexible."><![CDATA[TestingLibraryElementError: Unable to find an element with the text: Contact Tracing. This could be because the text is broken up by multiple elements. In this case, you can provide a function for your text matcher to make your matcher more flexible.

<body>
  <div />
</body>
    at Object.getElementError (C:\Users\eleon\Desktop\PULSeBS_Group1\pulsebs_frontend\node_modules\@testing-library\dom\dist\config.js:37:19)
    at C:\Users\eleon\Desktop\PULSeBS_Group1\pulsebs_frontend\node_modules\@testing-library\dom\dist\query-helpers.js:90:38
    at C:\Users\eleon\Desktop\PULSeBS_Group1\pulsebs_frontend\node_modules\@testing-library\dom\dist\query-helpers.js:62:17
    at getByText (C:\Users\eleon\Desktop\PULSeBS_Group1\pulsebs_frontend\node_modules\@testing-library\dom\dist\query-helpers.js:106:19)
    at Object.<anonymous> (C:\Users\eleon\Desktop\PULSeBS_Group1\pulsebs_frontend\src\Components\BookingManager\__test__\BookingManager_Page.test.js:86:47)
    at Promise.then.completed (C:\Users\eleon\Desktop\PULSeBS_Group1\pulsebs_frontend\node_modules\jest-circus\build\utils.js:276:28)
    at new Promise (<anonymous>)
    at callAsyncCircusFn (C:\Users\eleon\Desktop\PULSeBS_Group1\pulsebs_frontend\node_modules\jest-circus\build\utils.js:216:10)
    at _callCircusTest (C:\Users\eleon\Desktop\PULSeBS_Group1\pulsebs_frontend\node_modules\jest-circus\build\run.js:212:40)
    at processTicksAndRejections (internal/process/task_queues.js:97:5)
    at _runTest (C:\Users\eleon\Desktop\PULSeBS_Group1\pulsebs_frontend\node_modules\jest-circus\build\run.js:149:3)
    at _runTestsForDescribeBlock (C:\Users\eleon\Desktop\PULSeBS_Group1\pulsebs_frontend\node_modules\jest-circus\build\run.js:63:9)
    at run (C:\Users\eleon\Desktop\PULSeBS_Group1\pulsebs_frontend\node_modules\jest-circus\build\run.js:25:3)
    at runAndTransformResultsToJestFormat (C:\Users\eleon\Desktop\PULSeBS_Group1\pulsebs_frontend\node_modules\jest-circus\build\legacy-code-todo-rewrite\jestAdapterInit.js:176:21)
    at jestAdapter (C:\Users\eleon\Desktop\PULSeBS_Group1\pulsebs_frontend\node_modules\jest-circus\build\legacy-code-todo-rewrite\jestAdapter.js:109:19)
    at runTestInternal (C:\Users\eleon\Desktop\PULSeBS_Group1\pulsebs_frontend\node_modules\jest-runner\build\runTest.js:380:16)
    at runTest (C:\Users\eleon\Desktop\PULSeBS_Group1\pulsebs_frontend\node_modules\jest-runner\build\runTest.js:472:34)
    at Object.worker (C:\Users\eleon\Desktop\PULSeBS_Group1\pulsebs_frontend\node_modules\jest-runner\build\testWorker.js:133:12)]]></failure>
    </testCase>
    <testCase name="Check Home Page" duration="5">
      <failure message="TestingLibraryElementError: Unable to find an element with the text: HomePage. This could be because the text is broken up by multiple elements. In this case, you can provide a function for your text matcher to make your matcher more flexible."><![CDATA[TestingLibraryElementError: Unable to find an element with the text: HomePage. This could be because the text is broken up by multiple elements. In this case, you can provide a function for your text matcher to make your matcher more flexible.

<body>
  <div />
</body>
    at Object.getElementError (C:\Users\eleon\Desktop\PULSeBS_Group1\pulsebs_frontend\node_modules\@testing-library\dom\dist\config.js:37:19)
    at C:\Users\eleon\Desktop\PULSeBS_Group1\pulsebs_frontend\node_modules\@testing-library\dom\dist\query-helpers.js:90:38
    at C:\Users\eleon\Desktop\PULSeBS_Group1\pulsebs_frontend\node_modules\@testing-library\dom\dist\query-helpers.js:62:17
    at getByText (C:\Users\eleon\Desktop\PULSeBS_Group1\pulsebs_frontend\node_modules\@testing-library\dom\dist\query-helpers.js:106:19)
    at Object.<anonymous> (C:\Users\eleon\Desktop\PULSeBS_Group1\pulsebs_frontend\src\Components\BookingManager\__test__\BookingManager_Page.test.js:93:41)
    at Promise.then.completed (C:\Users\eleon\Desktop\PULSeBS_Group1\pulsebs_frontend\node_modules\jest-circus\build\utils.js:276:28)
    at new Promise (<anonymous>)
    at callAsyncCircusFn (C:\Users\eleon\Desktop\PULSeBS_Group1\pulsebs_frontend\node_modules\jest-circus\build\utils.js:216:10)
    at _callCircusTest (C:\Users\eleon\Desktop\PULSeBS_Group1\pulsebs_frontend\node_modules\jest-circus\build\run.js:212:40)
    at processTicksAndRejections (internal/process/task_queues.js:97:5)
    at _runTest (C:\Users\eleon\Desktop\PULSeBS_Group1\pulsebs_frontend\node_modules\jest-circus\build\run.js:149:3)
    at _runTestsForDescribeBlock (C:\Users\eleon\Desktop\PULSeBS_Group1\pulsebs_frontend\node_modules\jest-circus\build\run.js:63:9)
    at run (C:\Users\eleon\Desktop\PULSeBS_Group1\pulsebs_frontend\node_modules\jest-circus\build\run.js:25:3)
    at runAndTransformResultsToJestFormat (C:\Users\eleon\Desktop\PULSeBS_Group1\pulsebs_frontend\node_modules\jest-circus\build\legacy-code-todo-rewrite\jestAdapterInit.js:176:21)
    at jestAdapter (C:\Users\eleon\Desktop\PULSeBS_Group1\pulsebs_frontend\node_modules\jest-circus\build\legacy-code-todo-rewrite\jestAdapter.js:109:19)
    at runTestInternal (C:\Users\eleon\Desktop\PULSeBS_Group1\pulsebs_frontend\node_modules\jest-runner\build\runTest.js:380:16)
    at runTest (C:\Users\eleon\Desktop\PULSeBS_Group1\pulsebs_frontend\node_modules\jest-runner\build\runTest.js:472:34)
    at Object.worker (C:\Users\eleon\Desktop\PULSeBS_Group1\pulsebs_frontend\node_modules\jest-runner\build\testWorker.js:133:12)]]></failure>
    </testCase>
    <testCase name="Check Logout" duration="5">
      <failure message="TestingLibraryElementError: Unable to find an element with the text: Logout. This could be because the text is broken up by multiple elements. In this case, you can provide a function for your text matcher to make your matcher more flexible."><![CDATA[TestingLibraryElementError: Unable to find an element with the text: Logout. This could be because the text is broken up by multiple elements. In this case, you can provide a function for your text matcher to make your matcher more flexible.

<body>
  <div />
</body>
    at Object.getElementError (C:\Users\eleon\Desktop\PULSeBS_Group1\pulsebs_frontend\node_modules\@testing-library\dom\dist\config.js:37:19)
    at C:\Users\eleon\Desktop\PULSeBS_Group1\pulsebs_frontend\node_modules\@testing-library\dom\dist\query-helpers.js:90:38
    at C:\Users\eleon\Desktop\PULSeBS_Group1\pulsebs_frontend\node_modules\@testing-library\dom\dist\query-helpers.js:62:17
    at getByText (C:\Users\eleon\Desktop\PULSeBS_Group1\pulsebs_frontend\node_modules\@testing-library\dom\dist\query-helpers.js:106:19)
    at Object.<anonymous> (C:\Users\eleon\Desktop\PULSeBS_Group1\pulsebs_frontend\src\Components\BookingManager\__test__\BookingManager_Page.test.js:100:39)
    at Promise.then.completed (C:\Users\eleon\Desktop\PULSeBS_Group1\pulsebs_frontend\node_modules\jest-circus\build\utils.js:276:28)
    at new Promise (<anonymous>)
    at callAsyncCircusFn (C:\Users\eleon\Desktop\PULSeBS_Group1\pulsebs_frontend\node_modules\jest-circus\build\utils.js:216:10)
    at _callCircusTest (C:\Users\eleon\Desktop\PULSeBS_Group1\pulsebs_frontend\node_modules\jest-circus\build\run.js:212:40)
    at processTicksAndRejections (internal/process/task_queues.js:97:5)
    at _runTest (C:\Users\eleon\Desktop\PULSeBS_Group1\pulsebs_frontend\node_modules\jest-circus\build\run.js:149:3)
    at _runTestsForDescribeBlock (C:\Users\eleon\Desktop\PULSeBS_Group1\pulsebs_frontend\node_modules\jest-circus\build\run.js:63:9)
    at run (C:\Users\eleon\Desktop\PULSeBS_Group1\pulsebs_frontend\node_modules\jest-circus\build\run.js:25:3)
    at runAndTransformResultsToJestFormat (C:\Users\eleon\Desktop\PULSeBS_Group1\pulsebs_frontend\node_modules\jest-circus\build\legacy-code-todo-rewrite\jestAdapterInit.js:176:21)
    at jestAdapter (C:\Users\eleon\Desktop\PULSeBS_Group1\pulsebs_frontend\node_modules\jest-circus\build\legacy-code-todo-rewrite\jestAdapter.js:109:19)
    at runTestInternal (C:\Users\eleon\Desktop\PULSeBS_Group1\pulsebs_frontend\node_modules\jest-runner\build\runTest.js:380:16)
    at runTest (C:\Users\eleon\Desktop\PULSeBS_Group1\pulsebs_frontend\node_modules\jest-runner\build\runTest.js:472:34)
    at Object.worker (C:\Users\eleon\Desktop\PULSeBS_Group1\pulsebs_frontend\node_modules\jest-runner\build\testWorker.js:133:12)]]></failure>
    </testCase>
  </file>
  <file path="C:\Users\eleon\Desktop\PULSeBS_Group1\pulsebs_frontend\src\Components\Student\__test__\HomePageCalendar_Student.test.js">
    <testCase name="Renders the HomePage Calendar with events for the student Correctly" duration="335"/>
    <testCase name="Renders the HomePage Calendar with events for the student Correctly" duration="223"/>
    <testCase name="Check view change" duration="403"/>
  </file>
  <file path="C:\Users\eleon\Desktop\PULSeBS_Group1\pulsebs_frontend\src\Components\Login\__test__\loginForm.test.js">
    <testCase name="Renders the Text" duration="36"/>
    <testCase name="Renders the Email input field" duration="11"/>
    <testCase name="Updates to Email input field" duration="12"/>
    <testCase name="Renders the Password input field" duration="6"/>
    <testCase name="Updates to Password input field" duration="16"/>
    <testCase name="Renders the Submit Button" duration="107"/>
    <testCase name="Test Button Click" duration="37"/>
  </file>
  <file path="C:\Users\eleon\Desktop\PULSeBS_Group1\pulsebs_frontend\src\Components\Professor\MyLecturesProfessor\__test__\MyLecturesProfessor.test.js">
    <testCase name="LectureList" duration="286"/>
  </file>
  <file path="C:\Users\eleon\Desktop\PULSeBS_Group1\pulsebs_frontend\src\Components\Student\__test__\Student_Page.test.js">
    <testCase name="Renders Student Header Correctly" duration="135"/>
    <testCase name="Check with Wrong Credentials" duration="15"/>
    <testCase name="Check Book a Seat" duration="51"/>
    <testCase name="Check HomePage" duration="486"/>
    <testCase name="Check Tutorial" duration="180"/>
    <testCase name="Check Logout" duration="15"/>
  </file>
  <file path="C:\Users\eleon\Desktop\PULSeBS_Group1\pulsebs_frontend\src\__tests__\API.test.js">
    <testCase name="test getUser no errors" duration="9"/>
    <testCase name="test getUser error" duration="1"/>
    <testCase name="test login no errors" duration="2"/>
    <testCase name="test login response not ok, json ok" duration="2"/>
    <testCase name="test login response not ok, json null" duration="4"/>
    <testCase name="test login fetch rejected" duration="1"/>
    <testCase name="test getStudentCourses no errors" duration="1"/>
    <testCase name="test getStudentCourses error" duration="1"/>
    <testCase name="test getTeacherLectures no errors" duration="1"/>
    <testCase name="test getTeacherLectures error" duration="2"/>
    <testCase name="test getLectures no errors" duration="1"/>
    <testCase name="test getLectures error" duration="5"/>
    <testCase name="test getBookings no errors" duration="1"/>
    <testCase name="test getBookings error" duration="1"/>
    <testCase name="test addBooking no errors" duration="8"/>
    <testCase name="test addBooking response not ok, json ok" duration="1"/>
    <testCase name="test addBooking response not ok, json null" duration="1"/>
    <testCase name="test addBooking fetch rejected" duration="1"/>
    <testCase name="test deleteLectureById no errors" duration="1"/>
    <testCase name="test deleteLectureById response not ok, json ok" duration="1"/>
    <testCase name="test deleteLectureById response not ok, json null" duration="1"/>
    <testCase name="test deleteLectureById fetch rejected" duration="1"/>
    <testCase name="test cancelBooking no errors" duration="1"/>
    <testCase name="test cancelBooking response not ok, json ok" duration="0"/>
    <testCase name="test cancelBooking response not ok, json null" duration="6"/>
    <testCase name="test cancelBooking fetch rejected" duration="0"/>
    <testCase name="test ChangeLecturemodeById no errors" duration="1"/>
    <testCase name="test ChangeLecturemodeById response not ok, json ok" duration="1"/>
    <testCase name="test ChangeLecturemodeById response not ok, json null" duration="1"/>
  </file>
  <file path="C:\Users\eleon\Desktop\PULSeBS_Group1\pulsebs_frontend\src\Components\Student\__test__\BookSeat.test.js">
    <testCase name="Renders BookSeat Correctly" duration="146">
      <failure message="TypeError: Cannot read property &apos;name&apos; of undefined"><![CDATA[TypeError: Cannot read property 'name' of undefined
    at BookLecture (C:\Users\eleon\Desktop\PULSeBS_Group1\pulsebs_frontend\src\Components\Student\BookSeat\BookSeat.js:93:49)
    at renderWithHooks (C:\Users\eleon\Desktop\PULSeBS_Group1\pulsebs_frontend\node_modules\react-dom\cjs\react-dom.development.js:14985:18)
    at mountIndeterminateComponent (C:\Users\eleon\Desktop\PULSeBS_Group1\pulsebs_frontend\node_modules\react-dom\cjs\react-dom.development.js:17811:13)
    at beginWork (C:\Users\eleon\Desktop\PULSeBS_Group1\pulsebs_frontend\node_modules\react-dom\cjs\react-dom.development.js:19049:16)
    at HTMLUnknownElement.callCallback (C:\Users\eleon\Desktop\PULSeBS_Group1\pulsebs_frontend\node_modules\react-dom\cjs\react-dom.development.js:3945:14)
    at HTMLUnknownElement.callTheUserObjectsOperation (C:\Users\eleon\Desktop\PULSeBS_Group1\pulsebs_frontend\node_modules\jsdom\lib\jsdom\living\generated\EventListener.js:26:30)
    at innerInvokeEventListeners (C:\Users\eleon\Desktop\PULSeBS_Group1\pulsebs_frontend\node_modules\jsdom\lib\jsdom\living\events\EventTarget-impl.js:318:25)
    at invokeEventListeners (C:\Users\eleon\Desktop\PULSeBS_Group1\pulsebs_frontend\node_modules\jsdom\lib\jsdom\living\events\EventTarget-impl.js:274:3)
    at HTMLUnknownElementImpl._dispatch (C:\Users\eleon\Desktop\PULSeBS_Group1\pulsebs_frontend\node_modules\jsdom\lib\jsdom\living\events\EventTarget-impl.js:221:9)
    at HTMLUnknownElementImpl.dispatchEvent (C:\Users\eleon\Desktop\PULSeBS_Group1\pulsebs_frontend\node_modules\jsdom\lib\jsdom\living\events\EventTarget-impl.js:94:17)
    at HTMLUnknownElement.dispatchEvent (C:\Users\eleon\Desktop\PULSeBS_Group1\pulsebs_frontend\node_modules\jsdom\lib\jsdom\living\generated\EventTarget.js:231:34)
    at Object.invokeGuardedCallbackDev (C:\Users\eleon\Desktop\PULSeBS_Group1\pulsebs_frontend\node_modules\react-dom\cjs\react-dom.development.js:3994:16)
    at invokeGuardedCallback (C:\Users\eleon\Desktop\PULSeBS_Group1\pulsebs_frontend\node_modules\react-dom\cjs\react-dom.development.js:4056:31)
    at beginWork$1 (C:\Users\eleon\Desktop\PULSeBS_Group1\pulsebs_frontend\node_modules\react-dom\cjs\react-dom.development.js:23964:7)
    at performUnitOfWork (C:\Users\eleon\Desktop\PULSeBS_Group1\pulsebs_frontend\node_modules\react-dom\cjs\react-dom.development.js:22779:12)
    at workLoopSync (C:\Users\eleon\Desktop\PULSeBS_Group1\pulsebs_frontend\node_modules\react-dom\cjs\react-dom.development.js:22707:5)
    at renderRootSync (C:\Users\eleon\Desktop\PULSeBS_Group1\pulsebs_frontend\node_modules\react-dom\cjs\react-dom.development.js:22670:7)
    at performSyncWorkOnRoot (C:\Users\eleon\Desktop\PULSeBS_Group1\pulsebs_frontend\node_modules\react-dom\cjs\react-dom.development.js:22293:18)
    at scheduleUpdateOnFiber (C:\Users\eleon\Desktop\PULSeBS_Group1\pulsebs_frontend\node_modules\react-dom\cjs\react-dom.development.js:21881:7)
    at updateContainer (C:\Users\eleon\Desktop\PULSeBS_Group1\pulsebs_frontend\node_modules\react-dom\cjs\react-dom.development.js:25482:3)
    at C:\Users\eleon\Desktop\PULSeBS_Group1\pulsebs_frontend\node_modules\react-dom\cjs\react-dom.development.js:26021:7
    at unbatchedUpdates (C:\Users\eleon\Desktop\PULSeBS_Group1\pulsebs_frontend\node_modules\react-dom\cjs\react-dom.development.js:22431:12)
    at legacyRenderSubtreeIntoContainer (C:\Users\eleon\Desktop\PULSeBS_Group1\pulsebs_frontend\node_modules\react-dom\cjs\react-dom.development.js:26020:5)
    at Object.render (C:\Users\eleon\Desktop\PULSeBS_Group1\pulsebs_frontend\node_modules\react-dom\cjs\react-dom.development.js:26103:10)
    at C:\Users\eleon\Desktop\PULSeBS_Group1\pulsebs_frontend\node_modules\@testing-library\react\dist\pure.js:99:25
    at batchedUpdates$1 (C:\Users\eleon\Desktop\PULSeBS_Group1\pulsebs_frontend\node_modules\react-dom\cjs\react-dom.development.js:22380:12)
    at act (C:\Users\eleon\Desktop\PULSeBS_Group1\pulsebs_frontend\node_modules\react-dom\cjs\react-dom-test-utils.development.js:1042:14)
    at render (C:\Users\eleon\Desktop\PULSeBS_Group1\pulsebs_frontend\node_modules\@testing-library\react\dist\pure.js:95:26)
    at Object.<anonymous> (C:\Users\eleon\Desktop\PULSeBS_Group1\pulsebs_frontend\src\Components\Student\__test__\BookSeat.test.js:20:26)
    at Promise.then.completed (C:\Users\eleon\Desktop\PULSeBS_Group1\pulsebs_frontend\node_modules\jest-circus\build\utils.js:276:28)
    at new Promise (<anonymous>)
    at callAsyncCircusFn (C:\Users\eleon\Desktop\PULSeBS_Group1\pulsebs_frontend\node_modules\jest-circus\build\utils.js:216:10)
    at _callCircusTest (C:\Users\eleon\Desktop\PULSeBS_Group1\pulsebs_frontend\node_modules\jest-circus\build\run.js:212:40)
    at processTicksAndRejections (internal/process/task_queues.js:97:5)
    at _runTest (C:\Users\eleon\Desktop\PULSeBS_Group1\pulsebs_frontend\node_modules\jest-circus\build\run.js:149:3)
    at _runTestsForDescribeBlock (C:\Users\eleon\Desktop\PULSeBS_Group1\pulsebs_frontend\node_modules\jest-circus\build\run.js:63:9)
    at run (C:\Users\eleon\Desktop\PULSeBS_Group1\pulsebs_frontend\node_modules\jest-circus\build\run.js:25:3)
    at runAndTransformResultsToJestFormat (C:\Users\eleon\Desktop\PULSeBS_Group1\pulsebs_frontend\node_modules\jest-circus\build\legacy-code-todo-rewrite\jestAdapterInit.js:176:21)
    at jestAdapter (C:\Users\eleon\Desktop\PULSeBS_Group1\pulsebs_frontend\node_modules\jest-circus\build\legacy-code-todo-rewrite\jestAdapter.js:109:19)
    at runTestInternal (C:\Users\eleon\Desktop\PULSeBS_Group1\pulsebs_frontend\node_modules\jest-runner\build\runTest.js:380:16)
    at runTest (C:\Users\eleon\Desktop\PULSeBS_Group1\pulsebs_frontend\node_modules\jest-runner\build\runTest.js:472:34)
    at Object.worker (C:\Users\eleon\Desktop\PULSeBS_Group1\pulsebs_frontend\node_modules\jest-runner\build\testWorker.js:133:12)]]></failure>
    </testCase>
    <testCase name="Does not book full lesson" duration="7">
      <failure message="TypeError: Cannot read property &apos;filter&apos; of undefined"><![CDATA[TypeError: Cannot read property 'filter' of undefined
    at map (C:\Users\eleon\Desktop\PULSeBS_Group1\pulsebs_frontend\src\Components\Student\BookSeat\BookSeat.js:25:92)
    at Array.map (<anonymous>)
    at BookSeat (C:\Users\eleon\Desktop\PULSeBS_Group1\pulsebs_frontend\src\Components\Student\BookSeat\BookSeat.js:21:41)
    at renderWithHooks (C:\Users\eleon\Desktop\PULSeBS_Group1\pulsebs_frontend\node_modules\react-dom\cjs\react-dom.development.js:14985:18)
    at mountIndeterminateComponent (C:\Users\eleon\Desktop\PULSeBS_Group1\pulsebs_frontend\node_modules\react-dom\cjs\react-dom.development.js:17811:13)
    at beginWork (C:\Users\eleon\Desktop\PULSeBS_Group1\pulsebs_frontend\node_modules\react-dom\cjs\react-dom.development.js:19049:16)
    at HTMLUnknownElement.callCallback (C:\Users\eleon\Desktop\PULSeBS_Group1\pulsebs_frontend\node_modules\react-dom\cjs\react-dom.development.js:3945:14)
    at HTMLUnknownElement.callTheUserObjectsOperation (C:\Users\eleon\Desktop\PULSeBS_Group1\pulsebs_frontend\node_modules\jsdom\lib\jsdom\living\generated\EventListener.js:26:30)
    at innerInvokeEventListeners (C:\Users\eleon\Desktop\PULSeBS_Group1\pulsebs_frontend\node_modules\jsdom\lib\jsdom\living\events\EventTarget-impl.js:318:25)
    at invokeEventListeners (C:\Users\eleon\Desktop\PULSeBS_Group1\pulsebs_frontend\node_modules\jsdom\lib\jsdom\living\events\EventTarget-impl.js:274:3)
    at HTMLUnknownElementImpl._dispatch (C:\Users\eleon\Desktop\PULSeBS_Group1\pulsebs_frontend\node_modules\jsdom\lib\jsdom\living\events\EventTarget-impl.js:221:9)
    at HTMLUnknownElementImpl.dispatchEvent (C:\Users\eleon\Desktop\PULSeBS_Group1\pulsebs_frontend\node_modules\jsdom\lib\jsdom\living\events\EventTarget-impl.js:94:17)
    at HTMLUnknownElement.dispatchEvent (C:\Users\eleon\Desktop\PULSeBS_Group1\pulsebs_frontend\node_modules\jsdom\lib\jsdom\living\generated\EventTarget.js:231:34)
    at Object.invokeGuardedCallbackDev (C:\Users\eleon\Desktop\PULSeBS_Group1\pulsebs_frontend\node_modules\react-dom\cjs\react-dom.development.js:3994:16)
    at invokeGuardedCallback (C:\Users\eleon\Desktop\PULSeBS_Group1\pulsebs_frontend\node_modules\react-dom\cjs\react-dom.development.js:4056:31)
    at beginWork$1 (C:\Users\eleon\Desktop\PULSeBS_Group1\pulsebs_frontend\node_modules\react-dom\cjs\react-dom.development.js:23964:7)
    at performUnitOfWork (C:\Users\eleon\Desktop\PULSeBS_Group1\pulsebs_frontend\node_modules\react-dom\cjs\react-dom.development.js:22779:12)
    at workLoopSync (C:\Users\eleon\Desktop\PULSeBS_Group1\pulsebs_frontend\node_modules\react-dom\cjs\react-dom.development.js:22707:5)
    at renderRootSync (C:\Users\eleon\Desktop\PULSeBS_Group1\pulsebs_frontend\node_modules\react-dom\cjs\react-dom.development.js:22670:7)
    at performSyncWorkOnRoot (C:\Users\eleon\Desktop\PULSeBS_Group1\pulsebs_frontend\node_modules\react-dom\cjs\react-dom.development.js:22293:18)
    at scheduleUpdateOnFiber (C:\Users\eleon\Desktop\PULSeBS_Group1\pulsebs_frontend\node_modules\react-dom\cjs\react-dom.development.js:21881:7)
    at updateContainer (C:\Users\eleon\Desktop\PULSeBS_Group1\pulsebs_frontend\node_modules\react-dom\cjs\react-dom.development.js:25482:3)
    at C:\Users\eleon\Desktop\PULSeBS_Group1\pulsebs_frontend\node_modules\react-dom\cjs\react-dom.development.js:26021:7
    at unbatchedUpdates (C:\Users\eleon\Desktop\PULSeBS_Group1\pulsebs_frontend\node_modules\react-dom\cjs\react-dom.development.js:22431:12)
    at legacyRenderSubtreeIntoContainer (C:\Users\eleon\Desktop\PULSeBS_Group1\pulsebs_frontend\node_modules\react-dom\cjs\react-dom.development.js:26020:5)
    at Object.render (C:\Users\eleon\Desktop\PULSeBS_Group1\pulsebs_frontend\node_modules\react-dom\cjs\react-dom.development.js:26103:10)
    at C:\Users\eleon\Desktop\PULSeBS_Group1\pulsebs_frontend\node_modules\@testing-library\react\dist\pure.js:99:25
    at batchedUpdates$1 (C:\Users\eleon\Desktop\PULSeBS_Group1\pulsebs_frontend\node_modules\react-dom\cjs\react-dom.development.js:22380:12)
    at act (C:\Users\eleon\Desktop\PULSeBS_Group1\pulsebs_frontend\node_modules\react-dom\cjs\react-dom-test-utils.development.js:1042:14)
    at render (C:\Users\eleon\Desktop\PULSeBS_Group1\pulsebs_frontend\node_modules\@testing-library\react\dist\pure.js:95:26)
    at Object.<anonymous> (C:\Users\eleon\Desktop\PULSeBS_Group1\pulsebs_frontend\src\Components\Student\__test__\BookSeat.test.js:31:26)
    at Promise.then.completed (C:\Users\eleon\Desktop\PULSeBS_Group1\pulsebs_frontend\node_modules\jest-circus\build\utils.js:276:28)
    at new Promise (<anonymous>)
    at callAsyncCircusFn (C:\Users\eleon\Desktop\PULSeBS_Group1\pulsebs_frontend\node_modules\jest-circus\build\utils.js:216:10)
    at _callCircusTest (C:\Users\eleon\Desktop\PULSeBS_Group1\pulsebs_frontend\node_modules\jest-circus\build\run.js:212:40)
    at processTicksAndRejections (internal/process/task_queues.js:97:5)
    at _runTest (C:\Users\eleon\Desktop\PULSeBS_Group1\pulsebs_frontend\node_modules\jest-circus\build\run.js:149:3)
    at _runTestsForDescribeBlock (C:\Users\eleon\Desktop\PULSeBS_Group1\pulsebs_frontend\node_modules\jest-circus\build\run.js:63:9)
    at run (C:\Users\eleon\Desktop\PULSeBS_Group1\pulsebs_frontend\node_modules\jest-circus\build\run.js:25:3)
    at runAndTransformResultsToJestFormat (C:\Users\eleon\Desktop\PULSeBS_Group1\pulsebs_frontend\node_modules\jest-circus\build\legacy-code-todo-rewrite\jestAdapterInit.js:176:21)
    at jestAdapter (C:\Users\eleon\Desktop\PULSeBS_Group1\pulsebs_frontend\node_modules\jest-circus\build\legacy-code-todo-rewrite\jestAdapter.js:109:19)
    at runTestInternal (C:\Users\eleon\Desktop\PULSeBS_Group1\pulsebs_frontend\node_modules\jest-runner\build\runTest.js:380:16)
    at runTest (C:\Users\eleon\Desktop\PULSeBS_Group1\pulsebs_frontend\node_modules\jest-runner\build\runTest.js:472:34)
    at Object.worker (C:\Users\eleon\Desktop\PULSeBS_Group1\pulsebs_frontend\node_modules\jest-runner\build\testWorker.js:133:12)]]></failure>
    </testCase>
  </file>
  <file path="C:\Users\eleon\Desktop\PULSeBS_Group1\pulsebs_frontend\src\__tests__\User.test.js">
    <testCase name="User constructor" duration="1"/>
  </file>
  <file path="C:\Users\eleon\Desktop\PULSeBS_Group1\pulsebs_frontend\src\Components\__test__\components.test.js">
    <testCase name="renders App component" duration="7"/>
  </file>
  <file path="C:\Users\eleon\Desktop\PULSeBS_Group1\pulsebs_frontend\src\App.test.js">
    <testCase name="renders learn react link" duration="1"/>
  </file>
  <file path="C:\Users\eleon\Desktop\PULSeBS_Group1\pulsebs_frontend\src\Components\Professor\__test__\StatisticsPage.test.js">
    <testCase name="Check if Statistics render correctly" duration="384"/>
  </file>
  <file path="C:\Users\eleon\Desktop\PULSeBS_Group1\pulsebs_frontend\src\Components\Professor\__test__\Professor_Page.test.js">
    <testCase name="Renders Professor Header Correctly" duration="67"/>
    <testCase name="Check Authentication Error" duration="10"/>
    <testCase name="Check with Wrong Credentials" duration="5"/>
    <testCase name="Check Home Page" duration="16"/>
    <testCase name="Check My Lectures" duration="13"/>
    <testCase name="Check Register Attendance" duration="15"/>
    <testCase name="Check Statistics" duration="201"/>
    <testCase name="Check Tutorial" duration="101"/>
    <testCase name="Check Logout" duration="11"/>
  </file>
</testExecutions>