TN:
SF:src/App.js
FN:11,App
FN:18,(anonymous_1)
FN:32,(anonymous_2)
FN:34,(anonymous_3)
FN:40,(anonymous_4)
FN:50,(anonymous_5)
FN:51,(anonymous_6)
FNF:7
FNH:0
FNDA:0,App
FNDA:0,(anonymous_1)
FNDA:0,(anonymous_2)
FNDA:0,(anonymous_3)
FNDA:0,(anonymous_4)
FNDA:0,(anonymous_5)
FNDA:0,(anonymous_6)
DA:14,0
DA:15,0
DA:16,0
DA:18,0
DA:20,0
DA:22,0
DA:23,0
DA:25,0
DA:26,0
DA:28,0
DA:32,0
DA:33,0
DA:35,0
DA:36,0
DA:38,0
DA:41,0
DA:43,0
DA:44,0
DA:45,0
DA:50,0
DA:51,0
DA:52,0
DA:53,0
DA:54,0
DA:67,0
DA:75,0
LF:26
LH:0
BRDA:20,0,0,0
BRDA:20,0,1,0
BRDA:20,0,2,0
BRDA:43,1,0,0
BRDA:43,1,1,0
BRF:5
BRH:0
end_of_record
TN:
SF:src/index.js
FNF:0
FNH:0
DA:8,0
DA:18,0
LF:2
LH:0
BRF:0
BRH:0
end_of_record
TN:
SF:src/reportWebVitals.js
FN:1,(anonymous_0)
FN:3,(anonymous_1)
FNF:2
FNH:0
FNDA:0,(anonymous_0)
FNDA:0,(anonymous_1)
DA:1,0
DA:2,0
DA:3,0
DA:4,0
DA:5,0
DA:6,0
DA:7,0
DA:8,0
LF:8
LH:0
BRDA:2,0,0,0
BRDA:2,0,1,0
BRDA:2,1,0,0
BRDA:2,1,1,0
BRF:4
BRH:0
end_of_record
TN:
SF:src/Components/BookingManager/BookingManager_Page.js
FN:8,bookingManagerPage
FNF:1
FNH:0
FNDA:0,bookingManagerPage
DA:9,0
DA:14,0
LF:2
LH:0
BRDA:15,0,0,0
BRDA:15,0,1,0
BRF:2
BRH:0
end_of_record
TN:
SF:src/Components/BookingManager/BookingManagerHeader/BookingManagerHeader.js
FN:4,bookingManagerHeader
FNF:1
FNH:0
FNDA:0,bookingManagerHeader
DA:5,0
LF:1
LH:0
BRF:0
BRH:0
end_of_record
TN:
SF:src/Components/BookingManager/ContactTracing/ContactTracing.js
FN:3,contactTracing
FNF:1
FNH:0
FNDA:0,contactTracing
DA:4,0
LF:1
LH:0
BRF:0
BRH:0
end_of_record
TN:
SF:src/Components/BookingManager/MonitorUsage/MonitorUsage.js
FN:3,monitorUsage
FNF:1
FNH:0
FNDA:0,monitorUsage
DA:4,0
LF:1
LH:0
BRF:0
BRH:0
end_of_record
TN:
SF:src/Components/Login/LoginPage.js
FN:7,LoginPage
FN:13,(anonymous_1)
FN:17,(anonymous_2)
FN:22,(anonymous_3)
FNF:4
FNH:0
FNDA:0,LoginPage
FNDA:0,(anonymous_1)
FNDA:0,(anonymous_2)
FNDA:0,(anonymous_3)
DA:8,0
DA:10,0
DA:11,0
DA:13,0
DA:14,0
DA:17,0
DA:18,0
DA:19,0
DA:22,0
DA:23,0
DA:24,0
DA:26,0
DA:27,0
DA:29,0
LF:14
LH:0
BRDA:26,0,0,0
BRDA:26,0,1,0
BRF:2
BRH:0
end_of_record
TN:
SF:src/Components/Login/LoginForm/LoginForm.js
FN:3,LoginForm
FN:14,(anonymous_1)
FN:23,(anonymous_2)
FN:30,(anonymous_3)
FNF:4
FNH:1
FNDA:3,LoginForm
FNDA:0,(anonymous_1)
FNDA:0,(anonymous_2)
FNDA:0,(anonymous_3)
DA:5,3
DA:14,0
DA:23,0
DA:30,0
LF:4
LH:1
BRF:0
BRH:0
end_of_record
TN:
SF:src/Components/Login/Side_Decoration/Side_Decoration.js
FN:5,(anonymous_0)
FNF:1
FNH:0
FNDA:0,(anonymous_0)
DA:5,0
DA:7,0
DA:16,0
LF:3
LH:0
BRF:0
BRH:0
end_of_record
TN:
SF:src/Components/Professor/Professor_Page.js
FN:11,professorPage
FNF:1
FNH:0
FNDA:0,professorPage
DA:12,0
DA:14,0
DA:15,0
DA:17,0
LF:4
LH:0
BRDA:14,0,0,0
BRDA:14,0,1,0
BRDA:18,1,0,0
BRDA:18,1,1,0
BRF:4
BRH:0
end_of_record
TN:
SF:src/Components/Professor/HomePageCalendarProfessor/HomePageCalendarProfessor.js
FN:3,homePageCalendarProfessor
FNF:1
FNH:1
FNDA:1,homePageCalendarProfessor
DA:4,1
LF:1
LH:1
BRF:0
BRH:0
end_of_record
TN:
SF:src/Components/Professor/MyLecturesProfessor/MyLecturesProfessor.js
FN:7,MyLecturesProfessor
FN:13,(anonymous_1)
FN:15,(anonymous_2)
FN:18,(anonymous_3)
FN:34,LectureList
FN:37,(anonymous_5)
FN:44,Lecture
FN:49,(anonymous_7)
FN:51,(anonymous_8)
FN:54,(anonymous_9)
FN:62,(anonymous_10)
FN:64,(anonymous_11)
FN:66,(anonymous_12)
FN:69,(anonymous_13)
FN:76,(anonymous_14)
FN:118,(anonymous_15)
FN:126,BookingList
FN:130,(anonymous_17)
FN:137,Booking
FNF:19
FNH:0
FNDA:0,MyLecturesProfessor
FNDA:0,(anonymous_1)
FNDA:0,(anonymous_2)
FNDA:0,(anonymous_3)
FNDA:0,LectureList
FNDA:0,(anonymous_5)
FNDA:0,Lecture
FNDA:0,(anonymous_7)
FNDA:0,(anonymous_8)
FNDA:0,(anonymous_9)
FNDA:0,(anonymous_10)
FNDA:0,(anonymous_11)
FNDA:0,(anonymous_12)
FNDA:0,(anonymous_13)
FNDA:0,(anonymous_14)
FNDA:0,(anonymous_15)
FNDA:0,BookingList
FNDA:0,(anonymous_17)
FNDA:0,Booking
DA:9,0
DA:11,0
DA:13,0
DA:14,0
DA:16,0
DA:19,0
DA:20,0
DA:22,0
DA:27,0
DA:35,0
DA:38,0
DA:46,0
DA:47,0
DA:49,0
DA:50,0
DA:52,0
DA:55,0
DA:56,0
DA:58,0
DA:62,0
DA:63,0
DA:65,0
DA:67,0
DA:70,0
DA:71,0
DA:73,0
DA:77,0
DA:78,0
DA:80,0
DA:81,0
DA:86,0
DA:118,0
DA:128,0
DA:131,0
DA:138,0
LF:35
LH:0
BRDA:19,0,0,0
BRDA:19,0,1,0
BRDA:19,1,0,0
BRDA:19,1,1,0
BRDA:55,2,0,0
BRDA:55,2,1,0
BRDA:55,3,0,0
BRDA:55,3,1,0
BRDA:70,4,0,0
BRDA:70,4,1,0
BRDA:70,5,0,0
BRDA:70,5,1,0
BRDA:77,6,0,0
BRDA:77,6,1,0
BRDA:77,7,0,0
BRDA:77,7,1,0
BRDA:102,8,0,0
BRDA:102,8,1,0
BRF:18
BRH:0
end_of_record
TN:
SF:src/Components/Professor/ProfessorHeader/ProfessorHeader.js
FN:4,professorHeader
FNF:1
FNH:0
FNDA:0,professorHeader
DA:5,0
LF:1
LH:0
BRF:0
BRH:0
end_of_record
TN:
SF:src/Components/Professor/Register_Attendance/Register_Attendance.js
FN:3,registerAttendance
FNF:1
FNH:0
FNDA:0,registerAttendance
DA:4,0
LF:1
LH:0
BRF:0
BRH:0
end_of_record
TN:
SF:src/Components/Professor/ShowLecture_Professor/ShowLecture_Professor.js
FN:3,showLectureProfessor
FNF:1
FNH:0
FNDA:0,showLectureProfessor
DA:4,0
LF:1
LH:0
BRF:0
BRH:0
end_of_record
TN:
SF:src/Components/Professor/Statistics/Statistics.js
FN:3,statistics
FNF:1
FNH:0
FNDA:0,statistics
DA:4,0
LF:1
LH:0
BRF:0
BRH:0
end_of_record
TN:
SF:src/Components/Professor/TutorialProfessor/TutorialProfessor.js
FN:3,tutorialProfessor
FNF:1
FNH:0
FNDA:0,tutorialProfessor
DA:4,0
LF:1
LH:0
BRF:0
BRH:0
end_of_record
TN:
SF:src/Components/Student/Student_Page.js
FN:11,studentPage
FN:22,(anonymous_1)
FN:23,(anonymous_2)
FN:24,(anonymous_3)
FNF:4
FNH:0
FNDA:0,studentPage
FNDA:0,(anonymous_1)
FNDA:0,(anonymous_2)
FNDA:0,(anonymous_3)
DA:12,0
DA:14,0
DA:15,0
DA:17,0
DA:22,0
DA:23,0
DA:24,0
LF:7
LH:0
BRDA:14,0,0,0
BRDA:14,0,1,0
BRDA:18,1,0,0
BRDA:18,1,1,0
BRF:4
BRH:0
end_of_record
TN:
SF:src/Components/Student/BookSeat/BookSeat.js
FN:7,BookSeat
FN:14,(anonymous_1)
FN:15,(anonymous_2)
FN:18,(anonymous_3)
FN:26,(anonymous_4)
FN:27,(anonymous_5)
FN:30,(anonymous_6)
FN:70,(anonymous_7)
FN:84,BookLectures
FN:89,(anonymous_9)
FN:90,(anonymous_10)
FN:93,(anonymous_11)
FN:102,(anonymous_12)
FN:105,(anonymous_13)
FN:110,BookLecture
FN:111,(anonymous_15)
FN:115,(anonymous_16)
FN:122,(anonymous_17)
FN:126,(anonymous_18)
FN:133,(anonymous_19)
FN:134,(anonymous_20)
FN:141,(anonymous_21)
FN:142,(anonymous_22)
FN:145,(anonymous_23)
FN:158,(anonymous_24)
FNF:25
FNH:0
FNDA:0,BookSeat
FNDA:0,(anonymous_1)
FNDA:0,(anonymous_2)
FNDA:0,(anonymous_3)
FNDA:0,(anonymous_4)
FNDA:0,(anonymous_5)
FNDA:0,(anonymous_6)
FNDA:0,(anonymous_7)
FNDA:0,BookLectures
FNDA:0,(anonymous_9)
FNDA:0,(anonymous_10)
FNDA:0,(anonymous_11)
FNDA:0,(anonymous_12)
FNDA:0,(anonymous_13)
FNDA:0,BookLecture
FNDA:0,(anonymous_15)
FNDA:0,(anonymous_16)
FNDA:0,(anonymous_17)
FNDA:0,(anonymous_18)
FNDA:0,(anonymous_19)
FNDA:0,(anonymous_20)
FNDA:0,(anonymous_21)
FNDA:0,(anonymous_22)
FNDA:0,(anonymous_23)
FNDA:0,(anonymous_24)
DA:8,0
DA:10,0
DA:11,0
DA:13,0
DA:14,0
DA:16,0
DA:19,0
DA:20,0
DA:22,0
DA:26,0
DA:28,0
DA:31,0
DA:32,0
DA:34,0
DA:56,0
DA:71,0
DA:85,0
DA:87,0
DA:89,0
DA:91,0
DA:94,0
DA:95,0
DA:97,0
DA:101,0
DA:102,0
DA:105,0
DA:111,0
DA:112,0
DA:113,0
DA:115,0
DA:116,0
DA:117,0
DA:118,0
DA:123,0
DA:124,0
DA:126,0
DA:129,0
DA:133,0
DA:135,0
DA:136,0
DA:141,0
DA:143,0
DA:145,0
DA:147,0
DA:149,0
DA:158,0
LF:46
LH:0
BRDA:19,0,0,0
BRDA:19,0,1,0
BRDA:19,1,0,0
BRDA:19,1,1,0
BRDA:31,2,0,0
BRDA:31,2,1,0
BRDA:31,3,0,0
BRDA:31,3,1,0
BRDA:94,4,0,0
BRDA:94,4,1,0
BRDA:94,5,0,0
BRDA:94,5,1,0
BRDA:116,6,0,0
BRDA:116,6,1,0
BRDA:117,7,0,0
BRDA:117,7,1,0
BRDA:117,8,0,0
BRDA:117,8,1,0
BRDA:153,9,0,0
BRDA:153,9,1,0
BRDA:155,10,0,0
BRDA:155,10,1,0
BRDA:157,11,0,0
BRDA:157,11,1,0
BRDA:157,12,0,0
BRDA:157,12,1,0
BRDA:159,13,0,0
BRDA:159,13,1,0
BRDA:159,14,0,0
BRDA:159,14,1,0
BRF:30
BRH:0
end_of_record
TN:
SF:src/Components/Student/HomePageCalendar_Student/CustomEvent.js
FN:3,customEvent
FNF:1
FNH:0
FNDA:0,customEvent
DA:4,0
LF:1
LH:0
BRDA:8,0,0,0
BRDA:8,0,1,0
BRF:2
BRH:0
end_of_record
TN:
SF:src/Components/Student/HomePageCalendar_Student/HomePageCalendar_Student.js
FN:49,(anonymous_0)
FN:59,(anonymous_1)
FN:76,(anonymous_2)
FN:78,(anonymous_3)
FN:85,(anonymous_4)
FN:87,(anonymous_5)
FN:89,(anonymous_6)
FN:94,(anonymous_7)
FN:98,(anonymous_8)
FN:104,(anonymous_9)
FN:106,(anonymous_10)
FN:108,(anonymous_11)
FN:117,(anonymous_12)
FN:133,(anonymous_13)
FN:138,(anonymous_14)
FN:152,(anonymous_15)
FN:172,(anonymous_16)
FN:176,(anonymous_17)
FNF:18
FNH:4
FNDA:2,(anonymous_0)
FNDA:3,(anonymous_1)
FNDA:0,(anonymous_2)
FNDA:0,(anonymous_3)
FNDA:0,(anonymous_4)
FNDA:2,(anonymous_5)
FNDA:0,(anonymous_6)
FNDA:0,(anonymous_7)
FNDA:0,(anonymous_8)
FNDA:0,(anonymous_9)
FNDA:0,(anonymous_10)
FNDA:0,(anonymous_11)
FNDA:0,(anonymous_12)
FNDA:0,(anonymous_13)
FNDA:0,(anonymous_14)
FNDA:2,(anonymous_15)
FNDA:0,(anonymous_16)
FNDA:0,(anonymous_17)
DA:8,1
DA:9,1
DA:44,1
DA:45,1
DA:46,1
DA:50,2
DA:51,2
DA:52,2
DA:54,2
DA:55,2
DA:56,2
DA:57,2
DA:60,3
DA:62,2
DA:77,0
DA:79,0
DA:85,0
DA:88,2
DA:90,0
DA:94,0
DA:96,0
DA:99,0
DA:101,2
DA:105,0
DA:107,0
DA:108,0
DA:109,0
DA:110,0
DA:111,0
DA:112,0
DA:113,0
DA:114,0
DA:115,0
DA:117,0
DA:118,0
DA:127,0
DA:134,0
DA:138,2
DA:139,0
DA:146,0
DA:154,2
DA:176,0
LF:42
LH:18
BRDA:80,0,0,0
BRDA:80,0,1,0
BRDA:91,1,0,0
BRDA:91,1,1,0
BRDA:107,2,0,0
BRDA:107,2,1,0
BRDA:117,3,0,0
BRDA:117,3,1,0
BRDA:140,4,0,0
BRDA:140,4,1,0
BRDA:140,5,0,0
BRDA:140,5,1,0
BRDA:141,6,0,0
BRDA:141,6,1,0
BRDA:147,7,0,0
BRDA:147,7,1,0
BRDA:147,8,0,0
BRDA:147,8,1,0
BRF:18
BRH:0
end_of_record
TN:
SF:src/Components/Student/MyLectures_Student/MyLectures_Student.js
FN:3,myLecturesStudent
FNF:1
FNH:0
FNDA:0,myLecturesStudent
DA:4,0
LF:1
LH:0
BRF:0
BRH:0
end_of_record
TN:
SF:src/Components/Student/ShowLecture_Student/ShowLecture_Student.js
FN:3,showLectureStudent
FNF:1
FNH:0
FNDA:0,showLectureStudent
DA:4,0
LF:1
LH:0
BRF:0
BRH:0
end_of_record
TN:
SF:src/Components/Student/StudentHeader/StudentHeader.js
FN:4,studentHeader
FNF:1
FNH:0
FNDA:0,studentHeader
DA:5,0
LF:1
LH:0
BRF:0
BRH:0
end_of_record
TN:
SF:src/Components/Student/TutorialStudent/TutorialStudent.js
FN:3,tutorialStudent
FNF:1
FNH:0
FNDA:0,tutorialStudent
DA:4,0
LF:1
LH:0
BRF:0
BRH:0
end_of_record
TN:
SF:src/Components/SuppOfficer/SuppOfficer_Page.js
FN:9,suppOfficerPage
FNF:1
FNH:0
FNDA:0,suppOfficerPage
DA:10,0
DA:15,0
LF:2
LH:0
BRDA:16,0,0,0
BRDA:16,0,1,0
BRF:2
BRH:0
end_of_record
TN:
SF:src/Components/SuppOfficer/SuppOfficerHeader/SuppOfficerHeader.js
FN:4,suppOfficerHeader
FNF:1
FNH:0
FNDA:0,suppOfficerHeader
DA:5,0
LF:1
LH:0
BRF:0
BRH:0
end_of_record
TN:
SF:src/Components/SuppOfficer/SystemConfigure/SystemConfigure.js
FN:3,systemConfigure
FNF:1
FNH:0
FNDA:0,systemConfigure
DA:4,0
LF:1
LH:0
BRF:0
BRH:0
end_of_record
TN:
SF:src/Components/SuppOfficer/SystemSetup/SystemSetup.js
FN:3,systemSetup
FNF:1
FNH:0
FNDA:0,systemSetup
DA:4,0
LF:1
LH:0
BRF:0
BRH:0
end_of_record
TN:
SF:src/Components/SuppOfficer/SystemUpdate/SystemUpdate.js
FN:3,systemUpdate
FNF:1
FNH:0
FNDA:0,systemUpdate
DA:4,0
LF:1
LH:0
BRF:0
BRH:0
end_of_record
TN:
SF:src/api/API.js
FN:4,getUser
FN:16,login
FN:17,(anonymous_2)
FN:24,(anonymous_3)
FN:26,(anonymous_4)
FN:32,(anonymous_5)
FN:33,(anonymous_6)
FN:35,(anonymous_7)
FN:39,getStudentCourses
FN:51,getTeacherLectures
FN:63,getLectures
FN:79,getLecturesDate
FN:88,(anonymous_12)
FN:95,getBookings
FN:111,addBooking
FN:112,(anonymous_15)
FN:119,(anonymous_16)
FN:125,(anonymous_17)
FN:126,(anonymous_18)
FN:128,(anonymous_19)
FN:132,deleteLectureById
FN:133,(anonymous_21)
FN:136,(anonymous_22)
FN:142,(anonymous_23)
FN:143,(anonymous_24)
FN:145,(anonymous_25)
FN:148,cancelBooking
FN:149,(anonymous_27)
FN:156,(anonymous_28)
FN:162,(anonymous_29)
FN:163,(anonymous_30)
FN:165,(anonymous_31)
FNF:32
FNH:1
FNDA:0,getUser
FNDA:0,login
FNDA:0,(anonymous_2)
FNDA:0,(anonymous_3)
FNDA:0,(anonymous_4)
FNDA:0,(anonymous_5)
FNDA:0,(anonymous_6)
FNDA:0,(anonymous_7)
FNDA:2,getStudentCourses
FNDA:0,getTeacherLectures
FNDA:0,getLectures
FNDA:0,getLecturesDate
FNDA:0,(anonymous_12)
FNDA:0,getBookings
FNDA:0,addBooking
FNDA:0,(anonymous_15)
FNDA:0,(anonymous_16)
FNDA:0,(anonymous_17)
FNDA:0,(anonymous_18)
FNDA:0,(anonymous_19)
FNDA:0,deleteLectureById
FNDA:0,(anonymous_21)
FNDA:0,(anonymous_22)
FNDA:0,(anonymous_23)
FNDA:0,(anonymous_24)
FNDA:0,(anonymous_25)
FNDA:0,cancelBooking
FNDA:0,(anonymous_27)
FNDA:0,(anonymous_28)
FNDA:0,(anonymous_29)
FNDA:0,(anonymous_30)
FNDA:0,(anonymous_31)
DA:2,1
DA:5,0
DA:6,0
DA:7,0
DA:8,0
DA:9,0
DA:11,0
DA:12,0
DA:17,0
DA:18,0
DA:25,0
DA:26,0
DA:27,0
DA:31,0
DA:32,0
DA:33,0
DA:35,0
DA:40,2
DA:41,2
DA:42,0
DA:43,0
DA:44,0
DA:46,0
DA:47,0
DA:52,0
DA:53,0
DA:54,0
DA:55,0
DA:56,0
DA:58,0
DA:59,0
DA:64,0
DA:65,0
DA:66,0
DA:67,0
DA:69,0
DA:70,0
DA:71,0
DA:72,0
DA:74,0
DA:75,0
DA:80,0
DA:81,0
DA:82,0
DA:83,0
DA:85,0
DA:86,0
DA:87,0
DA:88,0
DA:90,0
DA:91,0
DA:96,0
DA:97,0
DA:98,0
DA:99,0
DA:101,0
DA:102,0
DA:103,0
DA:104,0
DA:106,0
DA:107,0
DA:112,0
DA:113,0
DA:120,0
DA:121,0
DA:124,0
DA:125,0
DA:126,0
DA:128,0
DA:133,0
DA:134,0
DA:137,0
DA:138,0
DA:141,0
DA:142,0
DA:143,0
DA:145,0
DA:149,0
DA:150,0
DA:157,0
DA:158,0
DA:161,0
DA:162,0
DA:163,0
DA:165,0
DA:171,1
LF:86
LH:4
BRDA:8,0,0,0
BRDA:8,0,1,0
BRDA:25,1,0,0
BRDA:25,1,1,0
BRDA:43,2,0,0
BRDA:43,2,1,0
BRDA:55,3,0,0
BRDA:55,3,1,0
BRDA:65,4,0,0
BRDA:65,4,1,0
BRDA:71,5,0,0
BRDA:71,5,1,0
BRDA:81,6,0,0
BRDA:81,6,1,0
BRDA:87,7,0,0
BRDA:87,7,1,0
BRDA:88,8,0,0
BRDA:88,8,1,0
BRDA:97,9,0,0
BRDA:97,9,1,0
BRDA:103,10,0,0
BRDA:103,10,1,0
BRDA:120,11,0,0
BRDA:120,11,1,0
BRDA:137,12,0,0
BRDA:137,12,1,0
BRDA:157,13,0,0
BRDA:157,13,1,0
BRF:28
BRH:0
end_of_record
TN:
SF:src/api/User.js
FN:2,(anonymous_0)
FNF:1
FNH:0
FNDA:0,(anonymous_0)
DA:3,0
DA:4,0
DA:5,0
DA:6,0
DA:10,1
LF:5
LH:1
BRF:0
BRH:0
end_of_record
TN:
SF:components/booking.js
FN:2,(anonymous_0)
FNF:1
FNH:0
FNDA:0,(anonymous_0)
DA:3,0
DA:4,0
DA:8,1
LF:3
LH:1
BRF:0
BRH:0
end_of_record
TN:
SF:components/course.js
FN:2,(anonymous_0)
FNF:1
FNH:0
FNDA:0,(anonymous_0)
DA:3,0
DA:4,0
DA:5,0
DA:9,2
LF:4
LH:1
BRF:0
BRH:0
end_of_record
TN:
SF:components/db.js
FN:9,(anonymous_0)
FN:16,(anonymous_1)
FNF:2
FNH:0
FNDA:0,(anonymous_0)
FNDA:0,(anonymous_1)
DA:3,2
DA:4,2
DA:6,2
DA:7,2
DA:9,2
DA:10,0
DA:12,0
DA:13,0
DA:16,0
DA:17,0
DA:18,0
DA:23,2
LF:12
LH:6
BRDA:10,0,0,0
BRDA:10,0,1,0
BRDA:17,1,0,0
BRDA:17,1,1,0
BRF:4
BRH:0
end_of_record
TN:
SF:components/lecture.js
FN:4,(anonymous_0)
FNF:1
FNH:0
FNDA:0,(anonymous_0)
DA:5,0
DA:6,0
DA:7,0
DA:8,0
DA:9,0
DA:10,0
DA:11,0
DA:12,0
DA:14,0
DA:15,0
DA:20,3
LF:11
LH:1
BRDA:11,0,0,0
BRDA:11,0,1,0
BRDA:14,1,0,0
BRDA:14,1,1,0
BRF:4
BRH:0
end_of_record
TN:
SF:components/user.js
FN:2,(anonymous_0)
FNF:1
FNH:0
FNDA:0,(anonymous_0)
DA:3,0
DA:4,0
DA:5,0
DA:6,0
DA:7,0
DA:8,0
DA:12,1
LF:7
LH:1
BRDA:7,0,0,0
BRDA:7,0,1,0
BRF:2
BRH:0
end_of_record
TN:
SF:controllers/Lectures.js
FN:12,apiLecturesGET
FN:22,apiTeacherLecturesGET
FN:32,(anonymous_2)
FN:43,apiLecturesIdDELETE
FNF:4
FNH:4
FNDA:2,apiLecturesGET
FNDA:1,apiTeacherLecturesGET
FNDA:1,(anonymous_2)
FNDA:1,apiLecturesIdDELETE
DA:4,1
DA:5,1
DA:6,1
DA:7,1
DA:8,1
DA:9,1
DA:12,1
DA:13,2
DA:16,2
DA:17,2
DA:18,2
DA:19,2
DA:22,1
DA:24,1
DA:29,1
DA:30,1
DA:32,1
DA:33,1
DA:36,1
DA:38,1
DA:40,1
DA:43,1
DA:44,1
DA:49,1
DA:51,1
DA:53,1
DA:55,1
DA:56,1
DA:57,1
DA:59,1
DA:61,0
DA:63,0
DA:65,0
DA:68,1
LF:34
LH:31
BRDA:17,0,0,0
BRDA:17,0,1,2
BRDA:18,1,0,0
BRDA:18,1,1,2
BRDA:24,2,0,1
BRDA:24,2,1,1
BRDA:30,3,0,0
BRDA:30,3,1,1
BRDA:36,4,0,0
BRDA:36,4,1,1
BRDA:38,5,0,0
BRDA:38,5,1,1
BRDA:51,6,0,0
BRDA:51,6,1,1
BRDA:53,7,0,0
BRDA:53,7,1,1
BRDA:59,8,0,0
BRDA:59,8,1,1
BRDA:63,9,0,0
BRDA:63,9,1,0
BRF:20
BRH:10
end_of_record
TN:
SF:service/AuthenticationService.js
FN:7,(anonymous_0)
FN:8,(anonymous_1)
FN:26,(anonymous_2)
FN:39,(anonymous_3)
FNF:4
FNH:3
FNDA:2,(anonymous_0)
FNDA:2,(anonymous_1)
FNDA:0,(anonymous_2)
FNDA:1,(anonymous_3)
DA:3,1
DA:4,1
DA:5,1
DA:7,1
DA:8,2
DA:10,2
DA:26,2
DA:27,0
DA:28,0
DA:29,0
DA:30,0
DA:32,0
DA:33,0
DA:39,1
DA:40,1
DA:41,1
DA:42,1
DA:43,1
DA:44,1
LF:19
LH:13
BRDA:27,0,0,0
BRDA:27,0,1,0
BRDA:29,1,0,0
BRDA:29,1,1,0
BRDA:29,2,0,0
BRDA:29,2,1,0
BRF:6
BRH:0
end_of_record
TN:
SF:service/BookingsService.js
FN:7,(anonymous_0)
FN:8,(anonymous_1)
FN:12,(anonymous_2)
FN:18,(anonymous_3)
FN:32,(anonymous_4)
FN:33,(anonymous_5)
FN:37,(anonymous_6)
FN:45,(anonymous_7)
FN:46,(anonymous_8)
FN:49,(anonymous_9)
FNF:10
FNH:6
FNDA:2,(anonymous_0)
FNDA:2,(anonymous_1)
FNDA:0,(anonymous_2)
FNDA:0,(anonymous_3)
FNDA:1,(anonymous_4)
FNDA:1,(anonymous_5)
FNDA:0,(anonymous_6)
FNDA:1,(anonymous_7)
FNDA:1,(anonymous_8)
FNDA:0,(anonymous_9)
DA:3,1
DA:4,1
DA:7,1
DA:8,2
DA:9,2
DA:10,2
DA:11,1
DA:12,2
DA:13,0
DA:14,0
DA:15,0
DA:18,0
DA:19,0
DA:32,1
DA:33,1
DA:35,1
DA:36,1
DA:37,0
DA:45,1
DA:46,1
DA:47,1
DA:48,1
DA:49,0
LF:23
LH:16
BRDA:10,0,0,1
BRDA:10,0,1,1
BRDA:13,1,0,0
BRDA:13,1,1,0
BRDA:37,2,0,0
BRDA:37,2,1,0
BRDA:49,3,0,0
BRDA:49,3,1,0
BRF:8
BRH:2
end_of_record
TN:
SF:service/CourseService.js
FN:7,(anonymous_0)
FN:8,(anonymous_1)
FN:10,(anonymous_2)
FN:27,(anonymous_3)
FN:28,(anonymous_4)
FN:30,(anonymous_5)
FN:35,(anonymous_6)
FN:42,(anonymous_7)
FN:43,(anonymous_8)
FN:46,(anonymous_9)
FN:51,(anonymous_10)
FNF:11
FNH:6
FNDA:2,(anonymous_0)
FNDA:2,(anonymous_1)
FNDA:0,(anonymous_2)
FNDA:1,(anonymous_3)
FNDA:1,(anonymous_4)
FNDA:0,(anonymous_5)
FNDA:0,(anonymous_6)
FNDA:1,(anonymous_7)
FNDA:1,(anonymous_8)
FNDA:0,(anonymous_9)
FNDA:0,(anonymous_10)
DA:4,2
DA:5,2
DA:7,2
DA:8,2
DA:9,2
DA:10,2
DA:11,0
DA:12,0
DA:13,0
DA:14,0
DA:15,0
DA:17,0
DA:21,0
DA:27,2
DA:28,1
DA:29,1
DA:30,1
DA:31,0
DA:32,0
DA:33,0
DA:35,0
DA:36,0
DA:42,2
DA:43,1
DA:44,1
DA:46,1
DA:47,0
DA:48,0
DA:49,0
DA:51,0
DA:52,0
LF:31
LH:14
BRDA:11,0,0,0
BRDA:11,0,1,0
BRDA:14,1,0,0
BRDA:14,1,1,0
BRDA:31,2,0,0
BRDA:31,2,1,0
BRDA:47,3,0,0
BRDA:47,3,1,0
BRF:8
BRH:0
end_of_record
TN:
SF:service/LecturesService.js
FN:6,(anonymous_0)
FN:7,(anonymous_1)
FN:12,(anonymous_2)
FN:17,(anonymous_3)
FN:33,(anonymous_4)
FN:34,(anonymous_5)
FN:39,(anonymous_6)
FN:60,(anonymous_7)
FN:61,(anonymous_8)
FN:65,(anonymous_9)
FNF:10
FNH:6
FNDA:2,(anonymous_0)
FNDA:2,(anonymous_1)
FNDA:0,(anonymous_2)
FNDA:0,(anonymous_3)
FNDA:1,(anonymous_4)
FNDA:1,(anonymous_5)
FNDA:0,(anonymous_6)
FNDA:1,(anonymous_7)
FNDA:1,(anonymous_8)
FNDA:0,(anonymous_9)
DA:3,2
DA:4,2
DA:6,2
DA:7,2
DA:8,2
DA:9,2
DA:10,1
DA:12,2
DA:13,0
DA:14,0
DA:15,0
DA:17,0
DA:27,0
DA:33,2
DA:34,1
DA:35,1
DA:39,1
DA:40,0
DA:41,0
DA:42,0
DA:44,0
DA:54,0
DA:60,2
DA:61,1
DA:62,1
DA:65,1
DA:66,0
DA:67,0
DA:69,0
LF:29
LH:16
BRDA:9,0,0,1
BRDA:9,0,1,1
BRDA:13,1,0,0
BRDA:13,1,1,0
BRDA:40,2,0,0
BRDA:40,2,1,0
BRDA:66,3,0,0
BRDA:66,3,1,0
BRF:8
BRH:2
end_of_record
TN:
SF:utils/writer.js
FN:1,(anonymous_0)
FN:6,(anonymous_1)
FN:10,(anonymous_2)
FNF:3
FNH:1
FNDA:0,(anonymous_0)
FNDA:0,(anonymous_1)
FNDA:4,(anonymous_2)
DA:1,1
DA:2,0
DA:3,0
DA:6,1
DA:7,0
DA:10,1
DA:14,4
DA:15,0
DA:16,0
DA:19,4
DA:20,1
DA:23,3
DA:24,0
DA:31,4
DA:32,4
DA:35,4
DA:37,3
DA:39,4
DA:40,4
DA:42,4
DA:43,3
LF:21
LH:15
BRDA:14,0,0,0
BRDA:14,0,1,4
BRDA:14,1,0,4
BRDA:14,1,1,4
BRDA:19,2,0,1
BRDA:19,2,1,3
BRDA:19,3,0,4
BRDA:19,3,1,1
BRDA:23,4,0,0
BRDA:23,4,1,3
BRDA:23,5,0,3
BRDA:23,5,1,3
BRDA:31,6,0,4
BRDA:31,6,1,0
BRDA:35,7,0,3
BRDA:35,7,1,1
BRDA:39,8,0,4
BRDA:39,8,1,0
BRF:18
BRH:14
end_of_record
